/Users/abel/.virtualenvs/VQEmulti_new/bin/python /Users/abel/PycharmProjects/VQEmulti/examples/benzene/hamiltonian_VQE.py
----------------------
UHF calculation with stabilization, then finding NOs 
Not using guessed mixed
----------------------
Starting stability analysis
Rotating orbitals to find stable solution: attempt 1.
mo_diff: 2.097266e+00 S^2: 0.000  2S+1: 1.000
Rotating orbitals to find stable solution: attempt 2.
mo_diff: 0.000000e+00 S^2: 0.918  2S+1: 2.162
SCF solution is internally stable.
The spin of the wavefuction is S^2: 0.918  2S+1: 2.162
----------------------
ENERGY UHF CALCULATED -227.9095138203352
RESTRICTED Hartree-Fock energy for H6-C6_sto-3g_singlet_molecule (42 electrons) is -227.89048126100377.
CASCI E = -227.944402237874  E(CI) = -3.00371042019168  S^2 = 0.0000000
lowest eigenvalues: [-227.94308835+0.j -227.75075914+0.j -227.75075914+0.j -227.75075914+0.j]
N electrons 4
N Orbitals 4

ADAPT_VQE POOL
---------------------------
           (0' 2  ) : 00 11 [00] [11] 
           (0' 3  ) : 00 11 [00] [11] 
           (1' 2  ) : 00 11 [00] [11] 
           (1' 3  ) : 00 11 [00] [11] 
     (0' 0' 2  2  ) : 1010 [1010] 
     (0' 0' 3  2  ) : 1010 [0110] [1010] 1001 
     (0' 0' 3  3  ) : 1010 [1010] 
     (1' 0' 2  2  ) : 1010 [1001] [1010] 0110 
     (1' 0' 3  2  ) : 0000 1111 1010 0101 1001 0110 [0000] [1111] [1010] [0101] [0110] [1001] 
     (1' 0' 3  2  ) : 1010 0101 [1001] [0110] [1010] [0101] 0110 1001 
     (1' 0' 3  3  ) : 1010 [1001] [1010] 0110 
     (1' 1' 2  2  ) : 1010 [1010] 
     (1' 1' 3  2  ) : 1010 [0110] [1010] 1001 
     (1' 1' 3  3  ) : 1010 [1010] 
backend:  aer_simulator
Initialize VQE
precision 0.001
optimizer params:  <function cobyla_mod at 0x123fe3ce0> / {'rhobeg': 0.1, 'n_guess': 8, 'guess_range': 3.141592653589793, 'disp': 2}
pool size:  14
n_qubits:  8
Hamiltonian Variance:  0.009324947219705866
Expectation value:  -227.89105394277556
std_error: 0.0009655813104455638

*** Adapt Iteration 1 ***

Non-Zero Gradients (Exact circuit evaluation)
Operator 4: 0.078520
Operator 6: 0.136563
Operator 8: 0.127501
Operator 9: 0.073613
Operator 11: 0.136582
Operator 13: 0.078521

Total gradient norm:     0.267041
Selected: 11 (norm 0.136582)
Expectation value:  -227.60804146526002
std_error: 0.0032275282523809845
Expectation value:  -227.2978655233348
std_error: 0.0009728629927580474
Expectation value:  -227.40434734114268
std_error: 0.0031666767316420935
Expectation value:  -227.77559662717266
std_error: 0.0021288997917738375
Expectation value:  -227.8886492394823
std_error: 0.0021352837837928336
Expectation value:  -227.582726489692
std_error: 0.0031622318430591144
Expectation value:  -227.29007777122368
std_error: 0.000970217504665942
Expectation value:  -227.42009718506202
std_error: 0.0032198512097604127
tolerance:  0.0021352837837928336
Expectation value:  -227.89097081833114
std_error: 0.002110880833446102
Expectation value:  -227.86909729471898
std_error: 0.0024513869229148707
Expectation value:  -227.89962433620485
std_error: 0.001790299129227919
Expectation value:  -227.90602829986864
std_error: 0.0014625238653855498
Expectation value:  -227.90668580376726
std_error: 0.001169574818977736
Expectation value:  -227.89632677702105
std_error: 0.0009903833335230547
Expectation value:  -227.90149621230373
std_error: 0.0010598146797840715
Expectation value:  -227.90504916900147
std_error: 0.00123601299967655
Expectation value:  -227.90362798461405
std_error: 0.0011389393741326492
Expectation value:  -227.9025075575692
std_error: 0.001191095289178964
Expectation value:  -227.90221611171103
std_error: 0.0011656627786835745
Expectation value:  -227.90651916596954
std_error: 0.001171378916453346

   Normal return from subroutine COBYLA

   NFVALS =   12   F =-2.279065E+02    MAXCV = 0.000000E+00
   X = 1.509342E-01

coefficient    operator
 1.50934e-01        (1' 1' 2  2  ) : 1010 [1010]  

Iteration energy: -227.90651916596954
Ansatz Indices: [11]
Gradient circuit depth:  45
Energy circuit depth:  45

*** Adapt Iteration 2 ***

Non-Zero Gradients (Exact circuit evaluation)
Operator 4: 0.073357
Operator 6: 0.136563
Operator 8: 0.126055
Operator 9: 0.080677
Operator 11: 0.044180
Operator 13: 0.073408

Total gradient norm:     0.231883
Selected: 6 (norm 0.136563)
Expectation value:  -227.61919173705388
std_error: 0.0032399654009286727
Expectation value:  -227.30972665130147
std_error: 0.0011642608685200624
Expectation value:  -227.4181899245525
std_error: 0.0031951924515146186
Expectation value:  -227.78732665840107
std_error: 0.0022100740915212713
Expectation value:  -227.90349947358013
std_error: 0.002198927141410668
Expectation value:  -227.59829293055785
std_error: 0.0031896897545940356
Expectation value:  -227.30555977062517
std_error: 0.0011804121400082414
Expectation value:  -227.43321926388512
std_error: 0.003241905613696927
tolerance:  0.002198927141410668
Expectation value:  -227.90297520038874
std_error: 0.002204826868171999
Expectation value:  -227.90540115031922
std_error: 0.002319969945109728
Expectation value:  -227.88794028513766
std_error: 0.0025706749175860386
Expectation value:  -227.91218273887435
std_error: 0.0021001354377207654
Expectation value:  -227.91971125692612
std_error: 0.0019406060973600633
Expectation value:  -227.9154423276109
std_error: 0.001820804192919692
Expectation value:  -227.91589164580952
std_error: 0.002086911906141828
Expectation value:  -227.91995033148075
std_error: 0.001780588980225489
Expectation value:  -227.92125384542913
std_error: 0.0016381587189042944
Expectation value:  -227.9201941089642
std_error: 0.0014651783005511724
Expectation value:  -227.92080310222016
std_error: 0.0016041069620543107
Expectation value:  -227.92125837154805
std_error: 0.0015331569859968826
Expectation value:  -227.9209135720858
std_error: 0.0016194094875584789
Expectation value:  -227.91958371810895
std_error: 0.0014728270281789927
Expectation value:  -227.92290569548675
std_error: 0.001515280649224323
Expectation value:  -227.91990415069475
std_error: 0.0014949031933883799
Expectation value:  -227.92244146563013
std_error: 0.0014883626128314616
Expectation value:  -227.91957830344296
std_error: 0.0015560629161497244
Expectation value:  -227.91846201896104
std_error: 0.0015488239681023907
Expectation value:  -227.92124450932982
std_error: 0.001522985631130963
Expectation value:  -227.91918039259835
std_error: 0.0015164011610025701
Expectation value:  -227.92188756132393
std_error: 0.0015223838927556869

   Normal return from subroutine COBYLA

   NFVALS =   22   F =-2.279219E+02    MAXCV = 0.000000E+00
   X = 1.913267E-01   1.880578E-01

coefficient    operator
 1.91327e-01        (1' 1' 2  2  ) : 1010 [1010]  
 1.88058e-01        (0' 0' 3  3  ) : 1010 [1010]  

Iteration energy: -227.92188756132393
Ansatz Indices: [11, 6]
Gradient circuit depth:  45
Energy circuit depth:  45

*** Adapt Iteration 3 ***

Non-Zero Gradients (Exact circuit evaluation)
Operator 4: 0.065461
Operator 6: 0.020597
Operator 8: 0.122941
Operator 9: 0.090040
Operator 11: 0.018601
Operator 13: 0.065463

Total gradient norm:     0.180451
Selected: 8 (norm 0.122941)
Expectation value:  -226.67590591575606
std_error: 0.0022603962876170222
Expectation value:  -226.82245021751748
std_error: 0.003959180466846128
Expectation value:  -227.2925711181436
std_error: 0.0042239677575092276
Expectation value:  -227.79940725836295
std_error: 0.0024871449530074427
Expectation value:  -227.901086213198
std_error: 0.0025009617526955187
Expectation value:  -227.5281763090504
std_error: 0.004231053207658415
Expectation value:  -227.02481791443432
std_error: 0.003969688508036501
Expectation value:  -226.7186597300326
std_error: 0.002191623687900762
tolerance:  0.0025009617526955187
Expectation value:  -227.90462627679275
std_error: 0.002466457511215232
Expectation value:  -227.90210043476526
std_error: 0.0026053953467541657
Expectation value:  -227.90296519970846
std_error: 0.0025724671692972777
Expectation value:  -227.88025060819777
std_error: 0.0027748908568440097
Expectation value:  -227.91859087184824
std_error: 0.002150428116042564
Expectation value:  -227.92448876383287
std_error: 0.001829750884501602
Expectation value:  -227.9197271225063
std_error: 0.0015896937884590863
Expectation value:  -227.9291661604563
std_error: 0.0018256262715145544
Expectation value:  -227.92459068998997
std_error: 0.0018358268523888067
Expectation value:  -227.9223435481455
std_error: 0.0017035809875752483
Expectation value:  -227.92308534767278
std_error: 0.002002145867417342
Expectation value:  -227.9276014869321
std_error: 0.0018246050142128563
Expectation value:  -227.9265469324236
std_error: 0.0018501111290294876
Expectation value:  -227.92735941505407
std_error: 0.0018492722608370895
Expectation value:  -227.9277750014898
std_error: 0.0017749658771197981
Expectation value:  -227.9248125976602
std_error: 0.0018560772062772707
Expectation value:  -227.9244502465174
std_error: 0.0018257793646681564
Expectation value:  -227.9241850498757
std_error: 0.0018326669501190765
Expectation value:  -227.92328563478026
std_error: 0.0018298432872115224
Expectation value:  -227.92794882448348
std_error: 0.0018369242053059062
Expectation value:  -227.92443775817915
std_error: 0.0018335197906736525

   Normal return from subroutine COBYLA

   NFVALS =   21   F =-2.279244E+02    MAXCV = 0.000000E+00
   X = 1.983225E-01   1.347338E-01   2.514881E-01

coefficient    operator
 1.98323e-01        (1' 1' 2  2  ) : 1010 [1010]  
 1.34734e-01        (0' 0' 3  3  ) : 1010 [1010]  
 2.51488e-01        (1' 0' 3  2  ) : 0000 1111 1010 0101 1001 0110 [0000] [1111] [1010] [0101] [0110] [1001]  

Iteration energy: -227.92443775817915
Ansatz Indices: [11, 6, 8]
Gradient circuit depth:  490
Energy circuit depth:  490

*** Adapt Iteration 4 ***

Non-Zero Gradients (Exact circuit evaluation)
Operator 4: 0.045442
Operator 6: 0.050229
Operator 8: 0.062272
Operator 9: 0.101691
Operator 11: 0.009922
Operator 13: 0.045455

Total gradient norm:     0.144815
Selected: 9 (norm 0.101691)
Expectation value:  -226.6816927160717
std_error: 0.002011910383335207
Expectation value:  -226.8845573821428
std_error: 0.003759221320486866
Expectation value:  -227.37893709917253
std_error: 0.00416049382796073
Expectation value:  -227.82752741082416
std_error: 0.0026555999340523123
Expectation value:  -227.91358176152877
std_error: 0.0026138604423511266
Expectation value:  -227.57453805764257
std_error: 0.004122205186952419
Expectation value:  -227.04406174355012
std_error: 0.003712393818878929
Expectation value:  -226.6997121280114
std_error: 0.0019911663957084573
tolerance:  0.0026138604423511266
Expectation value:  -227.91061208900612
std_error: 0.0026011407147550347
Expectation value:  -227.91095722103805
std_error: 0.0027207780548139998
Expectation value:  -227.92009634702643
std_error: 0.0027907906473547276
Expectation value:  -227.91025816084152
std_error: 0.002931927051635575
Expectation value:  -227.89791810122716
std_error: 0.0030402457308238056
Expectation value:  -227.9300476290115
std_error: 0.002597084065334232
Expectation value:  -227.9293519198023
std_error: 0.0025699264366110647
Expectation value:  -227.93260448605918
std_error: 0.002588182027063192
Expectation value:  -227.9301149602224
std_error: 0.002601722313531586
Expectation value:  -227.93083362089968
std_error: 0.0025323688704401667
Expectation value:  -227.92883881977872
std_error: 0.0027176838678685997
Expectation value:  -227.9279516587192
std_error: 0.002621352368538783
Expectation value:  -227.93180165431596
std_error: 0.002500135381560622
Expectation value:  -227.92920401539087
std_error: 0.0025714280025041585
Expectation value:  -227.92973208856307
std_error: 0.0025978257251877755
Expectation value:  -227.9281077335036
std_error: 0.0026093013622148302
Expectation value:  -227.9321780422156
std_error: 0.0026000111938545463
Expectation value:  -227.93070517361383
std_error: 0.002600906301000519
Expectation value:  -227.92573465297644
std_error: 0.002634280219991219
Expectation value:  -227.93079654072676
std_error: 0.0025731741900327917
Expectation value:  -227.92868184972244
std_error: 0.002627631739210225
Expectation value:  -227.92860941171688
std_error: 0.0026260406668067115
Expectation value:  -227.9264518836935
std_error: 0.0026212425183314556
Expectation value:  -227.92699384468222
std_error: 0.0026190158691614695
Expectation value:  -227.92871954178105
std_error: 0.0026377314910935234

   Normal return from subroutine COBYLA

   NFVALS =   25   F =-2.279287E+02    MAXCV = 0.000000E+00
   X = 2.988386E-01   2.915811E-01   2.477878E-01   3.314181E-01

coefficient    operator
 2.98839e-01        (1' 1' 2  2  ) : 1010 [1010]  
 2.91581e-01        (0' 0' 3  3  ) : 1010 [1010]  
 2.47788e-01        (1' 0' 3  2  ) : 0000 1111 1010 0101 1001 0110 [0000] [1111] [1010] [0101] [0110] [1001]  
 3.31418e-01        (1' 0' 3  2  ) : 1010 0101 [1001] [0110] [1010] [0101] 0110 1001  

Iteration energy: -227.92871954178105
Ansatz Indices: [11, 6, 8, 9]
Gradient circuit depth:  795
Energy circuit depth:  795

*** Adapt Iteration 5 ***

Non-Zero Gradients (Exact circuit evaluation)
Operator 4: 0.036182
Operator 6: 0.043460
Operator 8: 0.041396
Operator 9: 0.076376
Operator 11: 0.047911
Operator 13: 0.036177

Total gradient norm:     0.119787
Selected: 9 (norm 0.076376)
Expectation value:  -226.7649664402117
std_error: 0.0028781822401377248
Expectation value:  -227.09247309204676
std_error: 0.004148561026581916
Expectation value:  -227.57773788722244
std_error: 0.003926425041185179
Expectation value:  -227.9079574441129
std_error: 0.0023293519828523107
Expectation value:  -227.84283926289112
std_error: 0.0035053085684702604
Expectation value:  -227.42166137578909
std_error: 0.004189602714544
Expectation value:  -226.93638469915646
std_error: 0.003172023901172276
Expectation value:  -226.75481850772815
std_error: 0.0025701857800004882
tolerance:  0.0023293519828523107
Expectation value:  -227.9078853389604
std_error: 0.0023574349909370688
Expectation value:  -227.9006462522084
std_error: 0.0025124509293842647
Expectation value:  -227.89897282737317
std_error: 0.002524002772433558
Expectation value:  -227.89968137560058
std_error: 0.0025497967586063756
Expectation value:  -227.9249209728274
std_error: 0.0022654469001298985
Expectation value:  -227.93157911260002
std_error: 0.0023010779669468025
Expectation value:  -227.93649902008488
std_error: 0.0022129212178134978
Expectation value:  -227.93477501287447
std_error: 0.002373031970078905
Expectation value:  -227.93679532380207
std_error: 0.00222286705885355
Expectation value:  -227.93389481078492
std_error: 0.0024982914234194615
Expectation value:  -227.93818574000488
std_error: 0.00213139336611474
Expectation value:  -227.93547939547548
std_error: 0.001840919358710523
Expectation value:  -227.93860047980363
std_error: 0.0020297333630625914
Expectation value:  -227.93680981607588
std_error: 0.00214800428869529
Expectation value:  -227.9397562441596
std_error: 0.002055446411828015
Expectation value:  -227.9375898119562
std_error: 0.002114170408117117
Expectation value:  -227.93857831148472
std_error: 0.0020007590204100794
Expectation value:  -227.9372957450952
std_error: 0.0020032103759796637
Expectation value:  -227.9382028741565
std_error: 0.0021118930485719755
Expectation value:  -227.94052953317683
std_error: 0.002024562041453296
Expectation value:  -227.9363174200996
std_error: 0.002096644676628235
Expectation value:  -227.93717159698696
std_error: 0.002002629922651308
Expectation value:  -227.93954499768668
std_error: 0.0020379042636816734
Expectation value:  -227.93991820518372
std_error: 0.002022165268957738
Expectation value:  -227.93801462623298
std_error: 0.0020785608483104715
Expectation value:  -227.9360799305009
std_error: 0.0020568623814904365
Expectation value:  -227.93988131403148
std_error: 0.0020540247470752183
Expectation value:  -227.93948960058526
std_error: 0.0020505514997769527
Expectation value:  -227.9356132564545
std_error: 0.002056669597918811
Expectation value:  -227.93646680418362
std_error: 0.002025231419460867
Expectation value:  -227.9376860657005
std_error: 0.0020585911252657095
Expectation value:  -227.9377756338775
std_error: 0.00204838085086048
Expectation value:  -227.93654178328674
std_error: 0.0020507223715635825

   Normal return from subroutine COBYLA

   NFVALS =   33   F =-2.279365E+02    MAXCV = 0.000000E+00
   X = 1.666513E-01   2.230150E-01   2.266820E-01   4.319272E-01  -2.385274E-01

coefficient    operator
 1.66651e-01        (1' 1' 2  2  ) : 1010 [1010]  
 2.23015e-01        (0' 0' 3  3  ) : 1010 [1010]  
 2.26682e-01        (1' 0' 3  2  ) : 0000 1111 1010 0101 1001 0110 [0000] [1111] [1010] [0101] [0110] [1001]  
 4.31927e-01        (1' 0' 3  2  ) : 1010 0101 [1001] [0110] [1010] [0101] 0110 1001  
-2.38527e-01        (1' 0' 3  2  ) : 1010 0101 [1001] [0110] [1010] [0101] 0110 1001  

Iteration energy: -227.93654178328674
Ansatz Indices: [11, 6, 8, 9, 9]
Gradient circuit depth:  1100
Energy circuit depth:  1100

*** Adapt Iteration 6 ***

Non-Zero Gradients (Exact circuit evaluation)
Operator 4: 0.045184
Operator 6: 0.001275
Operator 8: 0.032819
Operator 9: 0.009556
Operator 11: 0.037279
Operator 13: 0.045158

Total gradient norm:     0.081490
Selected: 4 (norm 0.045184)
Expectation value:  -227.44097292822053
std_error: 0.0036422072005296477
Expectation value:  -227.21626659634939
std_error: 0.002081464856113276
Expectation value:  -227.43840077658612
std_error: 0.003593129579600632
Expectation value:  -227.84973921057772
std_error: 0.002772595730618361
Expectation value:  -227.88826387827336
std_error: 0.002732642154214337
Expectation value:  -227.4671331888596
std_error: 0.0035825031138977874
Expectation value:  -227.13699218963384
std_error: 0.002078874138626401
Expectation value:  -227.2879932918956
std_error: 0.0036426365467335303
tolerance:  0.002732642154214337
Expectation value:  -227.88684220758236
std_error: 0.0027554682716893156
Expectation value:  -227.8859786793619
std_error: 0.0028452515229457622
Expectation value:  -227.8832898525769
std_error: 0.002865765086973966
Expectation value:  -227.8773829504598
std_error: 0.002891120363363482
Expectation value:  -227.8818853053629
std_error: 0.0028756887611723373
Expectation value:  -227.88168662067977
std_error: 0.00286063067979373
Expectation value:  -227.85601954874025
std_error: 0.002976980222183422
Expectation value:  -227.91104592311382
std_error: 0.002437011550490532
Expectation value:  -227.92460904532567
std_error: 0.002119114329928527
Expectation value:  -227.9119978239169
std_error: 0.0019302796120994508
Expectation value:  -227.9242918084438
std_error: 0.002110204057716412
Expectation value:  -227.93097295237996
std_error: 0.0020206268216469373
Expectation value:  -227.92859646508452
std_error: 0.002042690239496067
Expectation value:  -227.92982832461607
std_error: 0.0020243925033062255
Expectation value:  -227.93556865676572
std_error: 0.002035719483731516
Expectation value:  -227.93128027179273
std_error: 0.002383187987110535
Expectation value:  -227.93747399258731
std_error: 0.001796244933434327
Expectation value:  -227.93786905091545
std_error: 0.0017643084937236082
Expectation value:  -227.93357964915222
std_error: 0.0018347765009447256
Expectation value:  -227.93522582629075
std_error: 0.0017664865215491809
Expectation value:  -227.93731489718738
std_error: 0.001781981491059232
Expectation value:  -227.94018233579018
std_error: 0.0016544571074004436
Expectation value:  -227.93163515553363
std_error: 0.001564223757658653
Expectation value:  -227.93794897876953
std_error: 0.001828006052392652
Expectation value:  -227.93540627648883
std_error: 0.001680428858911721
Expectation value:  -227.93692348736258
std_error: 0.0016295510396327744
Expectation value:  -227.93521092118255
std_error: 0.001638172729485282
Expectation value:  -227.93573127385025
std_error: 0.0016534223340639949
Expectation value:  -227.93790671505866
std_error: 0.0017027353563714433
Expectation value:  -227.9393277171826
std_error: 0.0016521059917379815
Expectation value:  -227.93675205289816
std_error: 0.0016033316408139537
Expectation value:  -227.93494857206844
std_error: 0.0016745544805466487
Expectation value:  -227.9372094724788
std_error: 0.0016347852307155297
Expectation value:  -227.9357708640944
std_error: 0.0016867264422543457
Expectation value:  -227.9370778464644
std_error: 0.0016304998354720436
Expectation value:  -227.93770272747352
std_error: 0.0016546791343767075
Expectation value:  -227.93541149702375
std_error: 0.0016544850851418014
Expectation value:  -227.93659346442453
std_error: 0.0016666176980567866
Expectation value:  -227.9376116468471
std_error: 0.001651675776967941
Expectation value:  -227.9354713439209
std_error: 0.0016593386068563865
Expectation value:  -227.93776493943435
std_error: 0.0016524774325301843
Expectation value:  -227.93485096818102
std_error: 0.0016804980264599615
Expectation value:  -227.939583702373
std_error: 0.0016219179694650478
Expectation value:  -227.93782987291377
std_error: 0.0016579135254900115

   Normal return from subroutine COBYLA

   NFVALS =   44   F =-2.279378E+02    MAXCV = 0.000000E+00
   X = 1.651841E-01   1.516009E-01   1.276639E-01   2.468562E-01  -1.138816E-01
       6.132833E-02

coefficient    operator
 1.65184e-01        (1' 1' 2  2  ) : 1010 [1010]  
 1.51601e-01        (0' 0' 3  3  ) : 1010 [1010]  
 1.27664e-01        (1' 0' 3  2  ) : 0000 1111 1010 0101 1001 0110 [0000] [1111] [1010] [0101] [0110] [1001]  
 2.46856e-01        (1' 0' 3  2  ) : 1010 0101 [1001] [0110] [1010] [0101] 0110 1001  
-1.13882e-01        (1' 0' 3  2  ) : 1010 0101 [1001] [0110] [1010] [0101] 0110 1001  
 6.13283e-02        (0' 0' 2  2  ) : 1010 [1010]  

Iteration energy: -227.93782987291377
Ansatz Indices: [11, 6, 8, 9, 9, 4]
Gradient circuit depth:  1144
Energy circuit depth:  1144

*** Adapt Iteration 7 ***

Non-Zero Gradients (Exact circuit evaluation)
Operator 4: 0.011619
Operator 6: 0.046092
Operator 8: 0.031950
Operator 9: 0.016906
Operator 11: 0.037400
Operator 13: 0.058838

Total gradient norm:     0.091798
Selected: 13 (norm 0.058838)
Expectation value:  -227.45588576543477
std_error: 0.003527081317756845
Expectation value:  -227.19995089276108
std_error: 0.0016926704408841665
Expectation value:  -227.419536477778
std_error: 0.0034687653148140537
Expectation value:  -227.84185319837204
std_error: 0.002523631849690744
Expectation value:  -227.8906375491405
std_error: 0.0024954093491514986
Expectation value:  -227.48424017267774
std_error: 0.0034747445945824615
Expectation value:  -227.1511590657739
std_error: 0.001700591037445407
Expectation value:  -227.32064603449
std_error: 0.0035144392170262536
tolerance:  0.0024954093491514986
Expectation value:  -227.89102542503383
std_error: 0.0025224505771829875
Expectation value:  -227.89227394587
std_error: 0.0026188247702473096
Expectation value:  -227.89262453946284
std_error: 0.0027056752459792056
Expectation value:  -227.88822384724253
std_error: 0.00281462648669694
Expectation value:  -227.8901137831498
std_error: 0.0028252856347676563
Expectation value:  -227.89078895971036
std_error: 0.002830216168372308
Expectation value:  -227.88647905946448
std_error: 0.0027837336898605233
Expectation value:  -227.86549087020364
std_error: 0.002950555903698608
Expectation value:  -227.91191090944608
std_error: 0.0024662060850361668
Expectation value:  -227.92276486289907
std_error: 0.0022671301359698448
Expectation value:  -227.91154650846073
std_error: 0.00230146680948168
Expectation value:  -227.92053141580925
std_error: 0.0023693486196374606
Expectation value:  -227.93281988061534
std_error: 0.0021436287797187373
Expectation value:  -227.9324769172133
std_error: 0.0021333080103304257
Expectation value:  -227.93116817544458
std_error: 0.00214115063056353
Expectation value:  -227.9311947112742
std_error: 0.002199796166718998
Expectation value:  -227.93303717271672
std_error: 0.002009629273142892
Expectation value:  -227.92719341070244
std_error: 0.001978074877121998
Expectation value:  -227.9254745347119
std_error: 0.0020659823662685078
Expectation value:  -227.93798630814192
std_error: 0.0017936218960992044
Expectation value:  -227.9352671681598
std_error: 0.0018990500231496048
Expectation value:  -227.93773802434714
std_error: 0.001918890402066741
Expectation value:  -227.94017072592226
std_error: 0.001803285566822606
Expectation value:  -227.93034134253736
std_error: 0.0017708238608513903
Expectation value:  -227.93478134288
std_error: 0.0017503487694695667
Expectation value:  -227.93580269181916
std_error: 0.0018391746939543175
Expectation value:  -227.93707675388112
std_error: 0.0019318085875012203
Expectation value:  -227.93650613532668
std_error: 0.0018478167259006343
Expectation value:  -227.94289659947225
std_error: 0.0018684232421332103
Expectation value:  -227.9382725431837
std_error: 0.0018830765296130954
Expectation value:  -227.94025144591293
std_error: 0.0018417987148357554
Expectation value:  -227.9408593373821
std_error: 0.0019074745951955104
Expectation value:  -227.94012180120006
std_error: 0.0018960767896810695
Expectation value:  -227.94033712282305
std_error: 0.0018928885768563124
Expectation value:  -227.94319455761402
std_error: 0.0019391685529339003
Expectation value:  -227.9424179351729
std_error: 0.0019626774580868474
Expectation value:  -227.94278399716885
std_error: 0.0019949810595461213
Expectation value:  -227.94295299897593
std_error: 0.0019226787697798815
Expectation value:  -227.94200416469775
std_error: 0.0019142428358454103
Expectation value:  -227.94099281362526
std_error: 0.001956065695852358
Expectation value:  -227.9406879891493
std_error: 0.001989911993534396
Expectation value:  -227.94160541943725
std_error: 0.001936425446584185
Expectation value:  -227.94286268154667
std_error: 0.001955180280543805
Expectation value:  -227.94116034147413
std_error: 0.0019308089845209173
Expectation value:  -227.9451130644306
std_error: 0.0019211414249043603
Expectation value:  -227.93997701889927
std_error: 0.0019418940312165515
Expectation value:  -227.94513810391658
std_error: 0.0019166327448589338
Expectation value:  -227.9430114339725
std_error: 0.001914656003980579
Expectation value:  -227.9417625966366
std_error: 0.001957099582440858
Expectation value:  -227.94273804807085
std_error: 0.0019119406245816301
Expectation value:  -227.941787294046
std_error: 0.0019151287953886927
Expectation value:  -227.94114751134165
std_error: 0.001948112287963316
Expectation value:  -227.94130818110472
std_error: 0.0019318509089045954
Expectation value:  -227.93987079398877
std_error: 0.0019618625172598257
Expectation value:  -227.9425317332819
std_error: 0.0019103022260518892
Expectation value:  -227.9423658588335
std_error: 0.0019318190297447312
Expectation value:  -227.94168276586197
std_error: 0.0019219514445316843

   Normal return from subroutine COBYLA

   NFVALS =   57   F =-2.279417E+02    MAXCV = 0.000000E+00
   X = 2.156536E-01   2.091012E-01   1.369716E-01   3.441332E-01  -1.783578E-01
       3.282518E-02   8.696534E-02

coefficient    operator
 2.15654e-01        (1' 1' 2  2  ) : 1010 [1010]  
 2.09101e-01        (0' 0' 3  3  ) : 1010 [1010]  
 1.36972e-01        (1' 0' 3  2  ) : 0000 1111 1010 0101 1001 0110 [0000] [1111] [1010] [0101] [0110] [1001]  
 3.44133e-01        (1' 0' 3  2  ) : 1010 0101 [1001] [0110] [1010] [0101] 0110 1001  
-1.78358e-01        (1' 0' 3  2  ) : 1010 0101 [1001] [0110] [1010] [0101] 0110 1001  
 3.28252e-02        (0' 0' 2  2  ) : 1010 [1010]  
 8.69653e-02        (1' 1' 3  3  ) : 1010 [1010]  

Iteration energy: -227.94168276586197
Ansatz Indices: [11, 6, 8, 9, 9, 4, 13]
Gradient circuit depth:  1144
Energy circuit depth:  1144

*** Adapt Iteration 8 ***

Non-Zero Gradients (Exact circuit evaluation)
Operator 4: 0.032337
Operator 6: 0.008449
Operator 8: 0.021511
Operator 9: 0.002639
Operator 11: 0.004289
Operator 13: 0.009533

Total gradient norm:     0.041183
Selected: 4 (norm 0.032337)
Expectation value:  -227.43339903741696
std_error: 0.0035544311033481437
Expectation value:  -227.20620744790511
std_error: 0.001985358252193182
Expectation value:  -227.44326957745915
std_error: 0.0035814041638289004
Expectation value:  -227.85757334818626
std_error: 0.002629396810700925
Expectation value:  -227.8852032771702
std_error: 0.0027548058584989515
Expectation value:  -227.4692672353923
std_error: 0.0035297639460667857
Expectation value:  -227.1498503221911
std_error: 0.001986286735148284
Expectation value:  -227.320978825146
std_error: 0.003622506282831869
tolerance:  0.0027548058584989515
Expectation value:  -227.88295257717854
std_error: 0.0027570799193896906
Expectation value:  -227.88021237310957
std_error: 0.002864486376339512
Expectation value:  -227.87921763466048
std_error: 0.0028765568691634
Expectation value:  -227.88189356389253
std_error: 0.002847446938561606
Expectation value:  -227.883797116157
std_error: 0.0028626254184286413
Expectation value:  -227.8759775210739
std_error: 0.003029960212528733
Expectation value:  -227.8541093776541
std_error: 0.0030797946833968195
Expectation value:  -227.88165857882694
std_error: 0.002927269766214565
Expectation value:  -227.8525336577209
std_error: 0.003087807067663527
Expectation value:  -227.91295718949306
std_error: 0.002527517233521391
Expectation value:  -227.9334061132685
std_error: 0.002177591962994452
Expectation value:  -227.94096042053653
std_error: 0.0019331920057395488
Expectation value:  -227.9384556675619
std_error: 0.0018380200671792382
Expectation value:  -227.93808023028217
std_error: 0.001896151965003724
Expectation value:  -227.9341173007674
std_error: 0.0021071607468020033
Expectation value:  -227.93811158919092
std_error: 0.00190411495737027
Expectation value:  -227.9394539648814
std_error: 0.002037819182456204
Expectation value:  -227.9384653462549
std_error: 0.0018879373613958292
Expectation value:  -227.94056272548352
std_error: 0.001731724055155305
Expectation value:  -227.94039298889246
std_error: 0.0019691192927575375
Expectation value:  -227.942217653619
std_error: 0.0019520537021376885
Expectation value:  -227.94151534450324
std_error: 0.001949062420037841
Expectation value:  -227.94160474632693
std_error: 0.001996409154510737
Expectation value:  -227.94398180779064
std_error: 0.0019362466161460114
Expectation value:  -227.94175596994083
std_error: 0.001927649219083303
Expectation value:  -227.94162944190117
std_error: 0.0019590912833783477
Expectation value:  -227.94208663519393
std_error: 0.002007986166913676
Expectation value:  -227.93766474562258
std_error: 0.0019480118802149332
Expectation value:  -227.94175604324084
std_error: 0.0019545051569784476
Expectation value:  -227.94205461889882
std_error: 0.0019896419953881403
Expectation value:  -227.94080719486658
std_error: 0.001969305927174424
Expectation value:  -227.9397832594772
std_error: 0.001978475671444682
Expectation value:  -227.9436489823093
std_error: 0.00194874036647118
Expectation value:  -227.94293452983192
std_error: 0.00197539666694988
Expectation value:  -227.9407173620397
std_error: 0.0019798306029830998
Expectation value:  -227.9390820460046
std_error: 0.0019871748191065525
Expectation value:  -227.94293528076662
std_error: 0.0019459771999963066
Expectation value:  -227.943127679351
std_error: 0.001960272246958944
Expectation value:  -227.93903749069023
std_error: 0.001990183144712172
Expectation value:  -227.9383165506893
std_error: 0.0019753426441315924
Expectation value:  -227.94287117383158
std_error: 0.002005226820553826
Expectation value:  -227.94456712916752
std_error: 0.0019486449988819216
Expectation value:  -227.94123644035636
std_error: 0.0019788205239731683
Expectation value:  -227.94258901731595
std_error: 0.001952847164869029
Expectation value:  -227.94340784495637
std_error: 0.001960243246513128

   Normal return from subroutine COBYLA

   NFVALS =   45   F =-2.279434E+02    MAXCV = 0.000000E+00
   X = 1.947061E-01   1.796136E-01   1.305992E-01   4.699609E-01  -2.540690E-01
      -1.637064E-01   8.714911E-02   2.549126E-01

coefficient    operator
 1.94706e-01        (1' 1' 2  2  ) : 1010 [1010]  
 1.79614e-01        (0' 0' 3  3  ) : 1010 [1010]  
 1.30599e-01        (1' 0' 3  2  ) : 0000 1111 1010 0101 1001 0110 [0000] [1111] [1010] [0101] [0110] [1001]  
 4.69961e-01        (1' 0' 3  2  ) : 1010 0101 [1001] [0110] [1010] [0101] 0110 1001  
-2.54069e-01        (1' 0' 3  2  ) : 1010 0101 [1001] [0110] [1010] [0101] 0110 1001  
-1.63706e-01        (0' 0' 2  2  ) : 1010 [1010]  
 8.71491e-02        (1' 1' 3  3  ) : 1010 [1010]  
 2.54913e-01        (0' 0' 2  2  ) : 1010 [1010]  

Iteration energy: -227.94340784495637
Ansatz Indices: [11, 6, 8, 9, 9, 4, 13, 4]
Gradient circuit depth:  1188
Energy circuit depth:  1188

*** Adapt Iteration 9 ***

Non-Zero Gradients (Exact circuit evaluation)
Operator 4: 0.008250
Operator 6: 0.026263
Operator 8: 0.023434
Operator 9: 0.029882
Operator 11: 0.016590
Operator 13: 0.005111

Total gradient norm:     0.050012
Selected: 9 (norm 0.029882)
Expectation value:  -226.69000537825366
std_error: 0.0022760339288184547
Expectation value:  -226.98930348967977
std_error: 0.004012005979775463
Expectation value:  -227.5111487108268
std_error: 0.0039819140092746085
Expectation value:  -227.89781051520748
std_error: 0.0020283734239678317
Expectation value:  -227.87341661484726
std_error: 0.0031421273897085105
Expectation value:  -227.447443209663
std_error: 0.004202112549393555
Expectation value:  -226.9187638913653
std_error: 0.0032596814253269264
Expectation value:  -226.67882887390277
std_error: 0.0019655313694360364
tolerance:  0.0020283734239678317
Expectation value:  -227.89270811456473
std_error: 0.0020392361230629147
Expectation value:  -227.89531997140892
std_error: 0.0022060211936922544
Expectation value:  -227.8904849835469
std_error: 0.002344006540168358
Expectation value:  -227.88962607488224
std_error: 0.002347322462524471
Expectation value:  -227.9132548296312
std_error: 0.0020190859635685946
Expectation value:  -227.93010092600176
std_error: 0.0019360247772176274
Expectation value:  -227.92548966360366
std_error: 0.00204704348830772
Expectation value:  -227.92546539004334
std_error: 0.0020844414356853947
Expectation value:  -227.92307863023166
std_error: 0.0020585829677479683
Expectation value:  -227.93750638502777
std_error: 0.001945572456749956
Expectation value:  -227.94075063374657
std_error: 0.0020473243664312795
Expectation value:  -227.93585881674375
std_error: 0.002283724318373523

Expectation value:  -227.93548306818383
std_error: 0.0021113716688910427
Expectation value:  -227.9359432751178
std_error: 0.0023577934307757956
Expectation value:  -227.93691731137707
std_error: 0.0020265841018500866
Expectation value:  -227.9329962614057
std_error: 0.0021435018517005624
Expectation value:  -227.930008838221
std_error: 0.002098251063730233
Expectation value:  -227.93810963680022
std_error: 0.0021117358482882205
Expectation value:  -227.93679099057397
std_error: 0.002112333608004459
Expectation value:  -227.9367550920991
std_error: 0.0021048206487908464
Expectation value:  -227.9391480466093
std_error: 0.0021292251181512303
Expectation value:  -227.9356869710443
std_error: 0.0021531445674780243
Expectation value:  -227.9383121296948
std_error: 0.0020483867402268695
Expectation value:  -227.9379541754033
std_error: 0.002063687830057101
Expectation value:  -227.9392266174998
std_error: 0.002135302393852223
Expectation value:  -227.93814673798482
std_error: 0.0020893075313419903
Expectation value:  -227.9398508112423
std_error: 0.002088490696659011
Expectation value:  -227.9394935405194
std_error: 0.0021066739163923816
Expectation value:  -227.93832992882787
std_error: 0.0020570777385478358
Expectation value:  -227.93608063733498
std_error: 0.002111861712475467
Expectation value:  -227.9405781224468
std_error: 0.0020733228241660937
Expectation value:  -227.9392923798985
std_error: 0.0020815524145613488
Expectation value:  -227.93775955536347
std_error: 0.0020891489174002073
Expectation value:  -227.937077500256
std_error: 0.002113599462045291
Expectation value:  -227.93858345693906
std_error: 0.002070668267413962
Expectation value:  -227.94010547265958
std_error: 0.002077179305752699
Expectation value:  -227.94038311456322
std_error: 0.002076280886702062
Expectation value:  -227.93412924062076
std_error: 0.0020930608928708197
Expectation value:  -227.93828420532662
std_error: 0.002044871591753554
Expectation value:  -227.9373454802161
std_error: 0.002104512861441361
Expectation value:  -227.93608335045906
std_error: 0.002100001799070386
Expectation value:  -227.94046491807583
std_error: 0.002074439286828271
Expectation value:  -227.9396854545338
std_error: 0.00209462157041393
Expectation value:  -227.93697220076479
std_error: 0.002087924251742352

   Normal return from subroutine COBYLA

   NFVALS =   44   F =-2.279370E+02    MAXCV = 0.000000E+00
   X = 3.043146E-01   1.616958E-01   1.093942E-01   6.318857E-01  -9.451029E-02
      -1.796028E-01   7.073228E-02   2.300993E-01  -3.231740E-01

coefficient    operator
 3.04315e-01        (1' 1' 2  2  ) : 1010 [1010]  
 1.61696e-01        (0' 0' 3  3  ) : 1010 [1010]  
 1.09394e-01        (1' 0' 3  2  ) : 0000 1111 1010 0101 1001 0110 [0000] [1111] [1010] [0101] [0110] [1001]  
 6.31886e-01        (1' 0' 3  2  ) : 1010 0101 [1001] [0110] [1010] [0101] 0110 1001  
-9.45103e-02        (1' 0' 3  2  ) : 1010 0101 [1001] [0110] [1010] [0101] 0110 1001  
-1.79603e-01        (0' 0' 2  2  ) : 1010 [1010]  
 7.07323e-02        (1' 1' 3  3  ) : 1010 [1010]  
 2.30099e-01        (0' 0' 2  2  ) : 1010 [1010]  
-3.23174e-01        (1' 0' 3  2  ) : 1010 0101 [1001] [0110] [1010] [0101] 0110 1001  

Iteration energy: -227.93697220076479
Ansatz Indices: [11, 6, 8, 9, 9, 4, 13, 4, 9]
Converge archived due to not energy improvement
HF energy: -227.89048126100377
Final adaptVQE energy: -227.93697220076479
CASCI energy: -227.9444022378739
Error (respect to CASCI):  7.430e-03
{'energy': -227.93697220076479, 'ansatz': <vqemulti.pool.tools.OperatorList object at 0x12c670110>, 'indices': [11, 6, 8, 9, 9, 4, 13, 4, 9], 'coefficients': [0.30431456169093885, 0.16169578461620882, 0.10939421474236537, 0.6318856791421747, -0.09451028578915426, -0.17960282395525426, 0.07073228473943136, 0.23009926155685864, -0.32317399786439893], 'iterations': {'energies': [-227.89105394277556, -227.90651916596954, -227.92188756132393, -227.92443775817915, -227.92871954178105, -227.93654178328674, -227.93782987291377, -227.94168276586197, -227.94340784495637, -227.93697220076479], 'norms': [], 'f_evaluations': [20, 30, 29, 33, 41, 52, 65, 53, 52], 'ansatz_size': [1, 2, 3, 4, 5, 6, 7, 8, 9], 'variance': [0.009324947219705866, 0.009324947219705866, 0.009324947219705866, 0.009324947219705866, 0.009324947219705866, 0.009324947219705866, 0.009324947219705866, 0.009324947219705866, 0.009324947219705866, 0.009324947219705866], 'fidelity': [], 'coefficients': [[], [0.15093423429662037], [0.19132674943296643, 0.18805784610309315], [0.1983225195812105, 0.13473376423273403, 0.25148814877273157], [0.2988385878258011, 0.29158107592836635, 0.24778783014864683, 0.3314180825403946], [0.16665127163591162, 0.22301497946003904, 0.22668202514300417, 0.43192724266924704, -0.23852743264884424], [0.16518413416491043, 0.15160087622381185, 0.12766386545795158, 0.2468561636323925, -0.11388159171809052, 0.06132833059991392], [0.21565355541463815, 0.20910122964130104, 0.1369715988007337, 0.3441331564858518, -0.17835779372107272, 0.032825184571310895, 0.08696534319161003], [0.19470606937409368, 0.17961356687579585, 0.13059917279501876, 0.469960942857358, -0.2540689874810286, -0.16370639425213818, 0.08714911445821058, 0.2549126482060711], [0.30431456169093885, 0.16169578461620882, 0.10939421474236537, 0.6318856791421747, -0.09451028578915426, -0.17960282395525426, 0.07073228473943136, 0.23009926155685864, -0.32317399786439893]], 'indices': [[], [11], [11, 6], [11, 6, 8], [11, 6, 8, 9], [11, 6, 8, 9, 9], [11, 6, 8, 9, 9, 4], [11, 6, 8, 9, 9, 4, 13], [11, 6, 8, 9, 9, 4, 13, 4], [11, 6, 8, 9, 9, 4, 13, 4, 9]]}, 'variance': 0.009324947219705866, 'num_iterations': 8}
dict_keys(['energy', 'ansatz', 'indices', 'coefficients', 'iterations', 'variance', 'num_iterations'])
[1, 1, 1, 1, 0, 0, 0, 0]
Expectation value:  -227.93765740046123
std_error: 0.0020906952137284326
Energy restart: -227.93765740046123

