[-2.985357106918106, -2.9846781695715188]
[1j [X2 X3 Y4 X5], 1j [X0 X1 Y6 X7]]
H terms 233
N electrons 4
N Orbitals 4
backend:  ibm_torino
Initialize Single point
layout:  [107, 108, 109, 113, 128, 127, 126, 132]
depth:  8
isa_depth:  70
circuit gate count:  {'cx': 12, 'x': 4, 'rz': 4, 'rx': 2}
isa_circuit gate count:  {'sx': 62, 'cz': 36, 'rz': 25, 'x': 2}
n_observable:  89
n_chunks:  1
chunck_size:  89
1 / 1
partial expectation:  -227.73321967318617
metadata:  {'shots': 9024, 'target_precision': 0.010540925533894598, 'circuit_metadata': {}, 'resilience': {'zne': {'extrapolator': 'multiple'}}, 'num_randomizations': 32}
Final Estimator value:  -227.73321967318617
Expectation value:  -227.73321967318617
std_error: 0.013018220140937743
energy final:  -227.73321967318617
layout:  [107, 108, 109, 113, 128, 127, 126, 132]
depth:  8
isa_depth:  70
circuit gate count:  {'cx': 12, 'x': 4, 'rz': 4, 'rx': 2}
isa_circuit gate count:  {'sx': 62, 'cz': 36, 'rz': 25, 'x': 2}
n_observable:  89
n_chunks:  1
chunck_size:  89
1 / 1
partial expectation:  -227.72457231430204
metadata:  {'shots': 9024, 'target_precision': 0.010540925533894598, 'circuit_metadata': {}, 'resilience': {'zne': {'extrapolator': 'multiple'}}, 'num_randomizations': 32}
Final Estimator value:  -227.72457231430204
Expectation value:  -227.72457231430204
std_error: 0.019175775298046767
energy final:  -227.72457231430204
layout:  [107, 108, 109, 113, 128, 127, 126, 132]
depth:  8
isa_depth:  70
circuit gate count:  {'cx': 12, 'x': 4, 'rz': 4, 'rx': 2}
isa_circuit gate count:  {'sx': 62, 'cz': 36, 'rz': 25, 'x': 2}
n_observable:  89
n_chunks:  1
chunck_size:  89
1 / 1
partial expectation:  -227.7252462841262
metadata:  {'shots': 9024, 'target_precision': 0.010540925533894598, 'circuit_metadata': {}, 'resilience': {'zne': {'extrapolator': 'multiple'}}, 'num_randomizations': 32}
Final Estimator value:  -227.7252462841262
Expectation value:  -227.7252462841262
std_error: 0.015209067841184528
energy final:  -227.7252462841262
layout:  [107, 108, 109, 113, 128, 127, 126, 132]
depth:  8
isa_depth:  70
circuit gate count:  {'cx': 12, 'x': 4, 'rz': 4, 'rx': 2}
isa_circuit gate count:  {'sx': 62, 'cz': 36, 'rz': 25, 'x': 2}
n_observable:  89
n_chunks:  1
chunck_size:  89
1 / 1
partial expectation:  -227.7283008095592
metadata:  {'shots': 9024, 'target_precision': 0.010540925533894598, 'circuit_metadata': {}, 'resilience': {'zne': {'extrapolator': 'multiple'}}, 'num_randomizations': 32}
Final Estimator value:  -227.7283008095592
Expectation value:  -227.7283008095592
std_error: 0.019663318949066193
energy final:  -227.7283008095592
layout:  [107, 108, 109, 113, 128, 127, 126, 132]
depth:  8
isa_depth:  64
circuit gate count:  {'cx': 12, 'x': 4, 'rz': 4, 'rx': 2}
isa_circuit gate count:  {'sx': 62, 'cz': 36, 'rz': 25, 'x': 2}
n_observable:  89
n_chunks:  1
chunck_size:  89
1 / 1
partial expectation:  -227.75363144960272
metadata:  {'shots': 9024, 'target_precision': 0.010540925533894598, 'circuit_metadata': {}, 'resilience': {'zne': {'extrapolator': 'multiple'}}, 'num_randomizations': 32}
Final Estimator value:  -227.75363144960272
Expectation value:  -227.75363144960272
std_error: 0.015286864531601966
energy final:  -227.75363144960272
layout:  [107, 108, 109, 113, 128, 127, 126, 132]
depth:  8
isa_depth:  70
circuit gate count:  {'cx': 12, 'x': 4, 'rz': 4, 'rx': 2}
isa_circuit gate count:  {'sx': 62, 'cz': 36, 'rz': 25, 'x': 2}
n_observable:  89
n_chunks:  1
chunck_size:  89
1 / 1
partial expectation:  -227.73661424904515
metadata:  {'shots': 9024, 'target_precision': 0.010540925533894598, 'circuit_metadata': {}, 'resilience': {'zne': {'extrapolator': 'multiple'}}, 'num_randomizations': 32}
Final Estimator value:  -227.73661424904515
Expectation value:  -227.73661424904515
std_error: 0.01824646212300789
energy final:  -227.73661424904515
layout:  [107, 108, 109, 113, 128, 127, 126, 132]
depth:  8
isa_depth:  64
circuit gate count:  {'cx': 12, 'x': 4, 'rz': 4, 'rx': 2}
isa_circuit gate count:  {'sx': 62, 'cz': 36, 'rz': 25, 'x': 2}
n_observable:  89
n_chunks:  1
chunck_size:  89
1 / 1
partial expectation:  -227.76727147452377
metadata:  {'shots': 9024, 'target_precision': 0.010540925533894598, 'circuit_metadata': {}, 'resilience': {'zne': {'extrapolator': 'multiple'}}, 'num_randomizations': 32}
Final Estimator value:  -227.76727147452377
Expectation value:  -227.76727147452377
std_error: 0.01515595303813391
energy final:  -227.76727147452377
layout:  [107, 108, 109, 113, 128, 127, 126, 132]
depth:  8
isa_depth:  76
circuit gate count:  {'cx': 12, 'x': 4, 'rz': 4, 'rx': 2}
isa_circuit gate count:  {'sx': 62, 'cz': 36, 'rz': 25, 'x': 2}
n_observable:  89
n_chunks:  1
chunck_size:  89
1 / 1
partial expectation:  -227.77672038793992
metadata:  {'shots': 9024, 'target_precision': 0.010540925533894598, 'circuit_metadata': {}, 'resilience': {'zne': {'extrapolator': 'multiple'}}, 'num_randomizations': 32}
Final Estimator value:  -227.77672038793992
Expectation value:  -227.77672038793992
std_error: 0.01744441695700551
energy final:  -227.77672038793992
layout:  [107, 108, 109, 113, 128, 127, 126, 132]
depth:  8
isa_depth:  76
circuit gate count:  {'cx': 12, 'x': 4, 'rz': 4, 'rx': 2}
isa_circuit gate count:  {'sx': 62, 'cz': 36, 'rz': 25, 'x': 2}
n_observable:  89
n_chunks:  1
chunck_size:  89
1 / 1
partial expectation:  -227.7939410723268
metadata:  {'shots': 9024, 'target_precision': 0.010540925533894598, 'circuit_metadata': {}, 'resilience': {'zne': {'extrapolator': 'multiple'}}, 'num_randomizations': 32}
Final Estimator value:  -227.7939410723268
Expectation value:  -227.7939410723268
std_error: 0.015762057225008584
energy final:  -227.7939410723268
layout:  [107, 108, 109, 113, 128, 127, 126, 132]
depth:  8
isa_depth:  76
circuit gate count:  {'cx': 12, 'x': 4, 'rz': 4, 'rx': 2}
isa_circuit gate count:  {'sx': 62, 'cz': 36, 'rz': 25, 'x': 2}
n_observable:  89
n_chunks:  1
chunck_size:  89
1 / 1
partial expectation:  -227.77059320803383
metadata:  {'shots': 9024, 'target_precision': 0.010540925533894598, 'circuit_metadata': {}, 'resilience': {'zne': {'extrapolator': 'multiple'}}, 'num_randomizations': 32}
Final Estimator value:  -227.77059320803383
Expectation value:  -227.77059320803383
std_error: 0.015588632934641298
energy final:  -227.77059320803383
layout:  [107, 108, 109, 113, 128, 127, 126, 132]
depth:  8
isa_depth:  76
circuit gate count:  {'cx': 12, 'x': 4, 'rz': 4, 'rx': 2}
isa_circuit gate count:  {'sx': 62, 'cz': 36, 'rz': 25, 'x': 2}
n_observable:  89
n_chunks:  1
chunck_size:  89
1 / 1
partial expectation:  -227.7771632243217
metadata:  {'shots': 9024, 'target_precision': 0.010540925533894598, 'circuit_metadata': {}, 'resilience': {'zne': {'extrapolator': 'multiple'}}, 'num_randomizations': 32}
Final Estimator value:  -227.7771632243217
Expectation value:  -227.7771632243217
std_error: 0.018130212983700027
energy final:  -227.7771632243217
layout:  [107, 108, 109, 113, 128, 127, 126, 132]
depth:  8
isa_depth:  64
circuit gate count:  {'cx': 12, 'x': 4, 'rz': 4, 'rx': 2}
isa_circuit gate count:  {'sx': 62, 'cz': 36, 'rz': 25, 'x': 2}
n_observable:  89
n_chunks:  1
chunck_size:  89
1 / 1
partial expectation:  -227.7793073908815
metadata:  {'shots': 9024, 'target_precision': 0.010540925533894598, 'circuit_metadata': {}, 'resilience': {'zne': {'extrapolator': 'multiple'}}, 'num_randomizations': 32}
Final Estimator value:  -227.7793073908815
Expectation value:  -227.7793073908815
std_error: 0.018872108024407877
energy final:  -227.7793073908815
layout:  [107, 108, 109, 113, 128, 127, 126, 132]
depth:  8
isa_depth:  70
circuit gate count:  {'cx': 12, 'x': 4, 'rz': 4, 'rx': 2}
isa_circuit gate count:  {'sx': 62, 'cz': 36, 'rz': 25, 'x': 2}
n_observable:  89
n_chunks:  1
chunck_size:  89
1 / 1
partial expectation:  -227.78577585002012
metadata:  {'shots': 9024, 'target_precision': 0.010540925533894598, 'circuit_metadata': {}, 'resilience': {'zne': {'extrapolator': 'multiple'}}, 'num_randomizations': 32}
Final Estimator value:  -227.78577585002012
Expectation value:  -227.78577585002012
std_error: 0.01428341070259901
energy final:  -227.78577585002012
layout:  [107, 108, 109, 113, 128, 127, 126, 132]
depth:  8
isa_depth:  64
circuit gate count:  {'cx': 12, 'x': 4, 'rz': 4, 'rx': 2}
isa_circuit gate count:  {'sx': 62, 'cz': 36, 'rz': 25, 'x': 2}
n_observable:  89
n_chunks:  1
chunck_size:  89
1 / 1
partial expectation:  -227.79134289956323
metadata:  {'shots': 9024, 'target_precision': 0.010540925533894598, 'circuit_metadata': {}, 'resilience': {'zne': {'extrapolator': 'multiple'}}, 'num_randomizations': 32}
Final Estimator value:  -227.79134289956323
Expectation value:  -227.79134289956323
std_error: 0.01560163743624737
energy final:  -227.79134289956323
layout:  [107, 108, 109, 113, 128, 127, 126, 132]
depth:  8
isa_depth:  76
circuit gate count:  {'cx': 12, 'x': 4, 'rz': 4, 'rx': 2}
isa_circuit gate count:  {'sx': 62, 'cz': 36, 'rz': 25, 'x': 2}
n_observable:  89
n_chunks:  1
chunck_size:  89
1 / 1
partial expectation:  -227.72976567517287
metadata:  {'shots': 9024, 'target_precision': 0.010540925533894598, 'circuit_metadata': {}, 'resilience': {'zne': {'extrapolator': 'multiple'}}, 'num_randomizations': 32}
Final Estimator value:  -227.72976567517287
Expectation value:  -227.72976567517287
std_error: 0.016373425063308397
energy final:  -227.72976567517287
layout:  [107, 108, 109, 113, 128, 127, 126, 132]
depth:  8
isa_depth:  64
circuit gate count:  {'cx': 12, 'x': 4, 'rz': 4, 'rx': 2}
isa_circuit gate count:  {'sx': 62, 'cz': 36, 'rz': 25, 'x': 2}
n_observable:  89
n_chunks:  1
chunck_size:  89
1 / 1
partial expectation:  -227.7501412606982
metadata:  {'shots': 9024, 'target_precision': 0.010540925533894598, 'circuit_metadata': {}, 'resilience': {'zne': {'extrapolator': 'multiple'}}, 'num_randomizations': 32}
Final Estimator value:  -227.7501412606982
Expectation value:  -227.7501412606982
std_error: 0.01872955720265485
energy final:  -227.7501412606982
layout:  [107, 108, 109, 113, 128, 127, 126, 132]
depth:  8
isa_depth:  70
circuit gate count:  {'cx': 12, 'x': 4, 'rz': 4, 'rx': 2}
isa_circuit gate count:  {'sx': 62, 'cz': 36, 'rz': 25, 'x': 2}
n_observable:  89
n_chunks:  1
chunck_size:  89
1 / 1
partial expectation:  -227.72428899525943
metadata:  {'shots': 9024, 'target_precision': 0.010540925533894598, 'circuit_metadata': {}, 'resilience': {'zne': {'extrapolator': 'multiple'}}, 'num_randomizations': 32}
Final Estimator value:  -227.72428899525943
Expectation value:  -227.72428899525943
std_error: 0.017206653216691774
energy final:  -227.72428899525943
layout:  [107, 108, 109, 113, 128, 127, 126, 132]
depth:  8
isa_depth:  70
circuit gate count:  {'cx': 12, 'x': 4, 'rz': 4, 'rx': 2}
isa_circuit gate count:  {'sx': 62, 'cz': 36, 'rz': 25, 'x': 2}
n_observable:  89
n_chunks:  1
chunck_size:  89
1 / 1
partial expectation:  -227.7804430588865
metadata:  {'shots': 9024, 'target_precision': 0.010540925533894598, 'circuit_metadata': {}, 'resilience': {'zne': {'extrapolator': 'multiple'}}, 'num_randomizations': 32}
Final Estimator value:  -227.7804430588865
Expectation value:  -227.7804430588865
std_error: 0.014151143439793817
energy final:  -227.7804430588865
layout:  [107, 108, 109, 113, 128, 127, 126, 132]
depth:  8
isa_depth:  70
circuit gate count:  {'cx': 12, 'x': 4, 'rz': 4, 'rx': 2}
isa_circuit gate count:  {'sx': 62, 'cz': 36, 'rz': 25, 'x': 2}
n_observable:  89
n_chunks:  1
chunck_size:  89
1 / 1
partial expectation:  -227.7811448721071
metadata:  {'shots': 9024, 'target_precision': 0.010540925533894598, 'circuit_metadata': {}, 'resilience': {'zne': {'extrapolator': 'multiple'}}, 'num_randomizations': 32}
Final Estimator value:  -227.7811448721071
Expectation value:  -227.7811448721071
std_error: 0.02196361418530346
energy final:  -227.7811448721071
layout:  [107, 108, 109, 113, 128, 127, 126, 132]
depth:  8
isa_depth:  70
circuit gate count:  {'cx': 12, 'x': 4, 'rz': 4, 'rx': 2}
isa_circuit gate count:  {'sx': 62, 'cz': 36, 'rz': 25, 'x': 2}
n_observable:  89
n_chunks:  1
chunck_size:  89
1 / 1
partial expectation:  -227.78144507808338
metadata:  {'shots': 9024, 'target_precision': 0.010540925533894598, 'circuit_metadata': {}, 'resilience': {'zne': {'extrapolator': 'multiple'}}, 'num_randomizations': 32}
Final Estimator value:  -227.78144507808338
Expectation value:  -227.78144507808338
std_error: 0.014429650309170075
energy final:  -227.78144507808338
layout:  [107, 108, 109, 113, 128, 127, 126, 132]
depth:  8
isa_depth:  76
circuit gate count:  {'cx': 12, 'x': 4, 'rz': 4, 'rx': 2}
isa_circuit gate count:  {'sx': 62, 'cz': 36, 'rz': 25, 'x': 2}
n_observable:  89
n_chunks:  1
chunck_size:  89
1 / 1
partial expectation:  -227.74900902465055
metadata:  {'shots': 9024, 'target_precision': 0.010540925533894598, 'circuit_metadata': {}, 'resilience': {'zne': {'extrapolator': 'multiple'}}, 'num_randomizations': 32}
Final Estimator value:  -227.74900902465055
Expectation value:  -227.74900902465055
std_error: 0.016533961510236794
energy final:  -227.74900902465055
layout:  [107, 108, 109, 113, 128, 127, 126, 132]
depth:  8
isa_depth:  64
circuit gate count:  {'cx': 12, 'x': 4, 'rz': 4, 'rx': 2}
isa_circuit gate count:  {'sx': 62, 'cz': 36, 'rz': 25, 'x': 2}
n_observable:  89
n_chunks:  1
chunck_size:  89
1 / 1
partial expectation:  -227.77848072143632
metadata:  {'shots': 9024, 'target_precision': 0.010540925533894598, 'circuit_metadata': {}, 'resilience': {'zne': {'extrapolator': 'multiple'}}, 'num_randomizations': 32}
Final Estimator value:  -227.77848072143632
Expectation value:  -227.77848072143632
std_error: 0.016091836088282747
energy final:  -227.77848072143632
layout:  [107, 108, 109, 113, 128, 127, 126, 132]
depth:  8
isa_depth:  76
circuit gate count:  {'cx': 12, 'x': 4, 'rz': 4, 'rx': 2}
isa_circuit gate count:  {'sx': 62, 'cz': 36, 'rz': 25, 'x': 2}
n_observable:  89
n_chunks:  1
chunck_size:  89