No error mitigation

/Users/abel/.virtualenvs/vqe_alternative/bin/python /Users/abel/PycharmProjects/VQEmulti/examples/benzene/paper/trotter/single_point_restart.py
[-2.981128350830333, -2.9808201644480645, -3.256640280476861, -3.02610306358592]
[1j [X2 X3 Y4 X5], 1j [X0 X1 Y6 X7], 1j [X1 Y2 X5 X6], 1j [X0 Z1 Z2 X3 Y4 Z5 Z6 X7]]
H terms 233
N electrons 4
N Orbitals 4
backend:  ibm_torino
Initialize Single point
layout:  [87, 88, 94, 107, 108, 109, 113, 128]
depth:  29
isa_depth:  155
circuit gate count:  {'cx': 32, 'rz': 8, 'h': 8, 'x': 4, 'rx': 4}
isa_circuit gate count:  {'sx': 135, 'cz': 80, 'rz': 61, 'x': 4}
n_observable:  89
n_chunks:  1
chunck_size:  89
1 / 1
partial expectation:  -227.55713795776475
metadata:  {'shots': 9000, 'target_precision': 0.010540925533894598, 'circuit_metadata': {}, 'num_randomizations': 1}
Final Estimator value:  -227.55713795776475
Expectation value:  -227.55713795776475
std_error: 0.004091634197494716
energy final:  -227.55713795776475
layout:  [87, 88, 94, 107, 108, 109, 113, 128]
depth:  29
isa_depth:  155
circuit gate count:  {'cx': 32, 'rz': 8, 'h': 8, 'x': 4, 'rx': 4}
isa_circuit gate count:  {'sx': 135, 'cz': 80, 'rz': 61, 'x': 4}
n_observable:  89
n_chunks:  1
chunck_size:  89
1 / 1
partial expectation:  -227.56718279570205
metadata:  {'shots': 9000, 'target_precision': 0.010540925533894598, 'circuit_metadata': {}, 'num_randomizations': 1}
Final Estimator value:  -227.56718279570205
Expectation value:  -227.56718279570205
std_error: 0.00406276782420753
energy final:  -227.56718279570205
layout:  [87, 88, 94, 107, 108, 109, 113, 128]
depth:  29
isa_depth:  155
circuit gate count:  {'cx': 32, 'rz': 8, 'h': 8, 'x': 4, 'rx': 4}
isa_circuit gate count:  {'sx': 135, 'cz': 80, 'rz': 61, 'x': 4}
n_observable:  89
n_chunks:  1
chunck_size:  89
1 / 1
partial expectation:  -227.57795309243818
metadata:  {'shots': 9000, 'target_precision': 0.010540925533894598, 'circuit_metadata': {}, 'num_randomizations': 1}
Final Estimator value:  -227.57795309243818
Expectation value:  -227.57795309243818
std_error: 0.004009642287911461
energy final:  -227.57795309243818
layout:  [87, 88, 94, 107, 108, 109, 113, 128]
depth:  29
isa_depth:  155
circuit gate count:  {'cx': 32, 'rz': 8, 'h': 8, 'x': 4, 'rx': 4}
isa_circuit gate count:  {'sx': 135, 'cz': 80, 'rz': 61, 'x': 4}
n_observable:  89
n_chunks:  1
chunck_size:  89
1 / 1
partial expectation:  -227.57301780021592
metadata:  {'shots': 9000, 'target_precision': 0.010540925533894598, 'circuit_metadata': {}, 'num_randomizations': 1}
Final Estimator value:  -227.57301780021592
Expectation value:  -227.57301780021592
std_error: 0.004019955655060803
energy final:  -227.57301780021592
layout:  [87, 88, 94, 107, 108, 109, 113, 128]
depth:  29
isa_depth:  155
circuit gate count:  {'cx': 32, 'rz': 8, 'h': 8, 'x': 4, 'rx': 4}
isa_circuit gate count:  {'sx': 135, 'cz': 80, 'rz': 61, 'x': 4}
n_observable:  89
n_chunks:  1
chunck_size:  89
1 / 1
partial expectation:  -227.56759843407835
metadata:  {'shots': 9000, 'target_precision': 0.010540925533894598, 'circuit_metadata': {}, 'num_randomizations': 1}
Final Estimator value:  -227.56759843407835
Expectation value:  -227.56759843407835
std_error: 0.004040797411509041
energy final:  -227.56759843407835
layout:  [87, 88, 94, 107, 108, 109, 113, 128]
depth:  29
isa_depth:  154
circuit gate count:  {'cx': 32, 'rz': 8, 'h': 8, 'x': 4, 'rx': 4}
isa_circuit gate count:  {'sx': 133, 'cz': 80, 'rz': 60, 'x': 4}
n_observable:  89
n_chunks:  1
chunck_size:  89
1 / 1
partial expectation:  -227.5680548857667
metadata:  {'shots': 9000, 'target_precision': 0.010540925533894598, 'circuit_metadata': {}, 'num_randomizations': 1}
Final Estimator value:  -227.5680548857667
Expectation value:  -227.5680548857667
std_error: 0.004035904977808774
energy final:  -227.5680548857667
layout:  [87, 88, 94, 107, 108, 109, 113, 128]
depth:  29
isa_depth:  155
circuit gate count:  {'cx': 32, 'rz': 8, 'h': 8, 'x': 4, 'rx': 4}
isa_circuit gate count:  {'sx': 135, 'cz': 80, 'rz': 61, 'x': 4}
n_observable:  89
n_chunks:  1
chunck_size:  89
1 / 1
partial expectation:  -227.57410512952495
metadata:  {'shots': 9000, 'target_precision': 0.010540925533894598, 'circuit_metadata': {}, 'num_randomizations': 1}
Final Estimator value:  -227.57410512952495
Expectation value:  -227.57410512952495
std_error: 0.004035881589892833
energy final:  -227.57410512952495
layout:  [87, 88, 94, 107, 108, 109, 113, 128]
depth:  29
isa_depth:  154
circuit gate count:  {'cx': 32, 'rz': 8, 'h': 8, 'x': 4, 'rx': 4}
isa_circuit gate count:  {'sx': 133, 'cz': 80, 'rz': 60, 'x': 4}
n_observable:  89
n_chunks:  1
chunck_size:  89
1 / 1
partial expectation:  -227.57083238628985
metadata:  {'shots': 9000, 'target_precision': 0.010540925533894598, 'circuit_metadata': {}, 'num_randomizations': 1}
Final Estimator value:  -227.57083238628985
Expectation value:  -227.57083238628985
std_error: 0.004060042008618594
energy final:  -227.57083238628985
layout:  [87, 88, 94, 107, 108, 109, 113, 128]
depth:  29
isa_depth:  154
circuit gate count:  {'cx': 32, 'rz': 8, 'h': 8, 'x': 4, 'rx': 4}
isa_circuit gate count:  {'sx': 133, 'cz': 80, 'rz': 60, 'x': 4}
n_observable:  89
n_chunks:  1
chunck_size:  89
1 / 1
partial expectation:  -227.56622708891638
metadata:  {'shots': 9000, 'target_precision': 0.010540925533894598, 'circuit_metadata': {}, 'num_randomizations': 1}
Final Estimator value:  -227.56622708891638
Expectation value:  -227.56622708891638
std_error: 0.004048280808022602
energy final:  -227.56622708891638
layout:  [87, 88, 94, 107, 108, 109, 113, 128]
depth:  29
isa_depth:  154
circuit gate count:  {'cx': 32, 'rz': 8, 'h': 8, 'x': 4, 'rx': 4}
isa_circuit gate count:  {'sx': 133, 'cz': 80, 'rz': 60, 'x': 4}
n_observable:  89
n_chunks:  1
chunck_size:  89
1 / 1
partial expectation:  -227.56441951513156
metadata:  {'shots': 9000, 'target_precision': 0.010540925533894598, 'circuit_metadata': {}, 'num_randomizations': 1}
Final Estimator value:  -227.56441951513156
Expectation value:  -227.56441951513156
std_error: 0.0040508432098383795
energy final:  -227.56441951513156
layout:  [87, 88, 94, 107, 108, 109, 113, 128]
depth:  29
isa_depth:  154
circuit gate count:  {'cx': 32, 'rz': 8, 'h': 8, 'x': 4, 'rx': 4}
isa_circuit gate count:  {'sx': 133, 'cz': 80, 'rz': 60, 'x': 4}
n_observable:  89
n_chunks:  1
chunck_size:  89
1 / 1
partial expectation:  -227.57783171214243
metadata:  {'shots': 9000, 'target_precision': 0.010540925533894598, 'circuit_metadata': {}, 'num_randomizations': 1}
Final Estimator value:  -227.57783171214243
Expectation value:  -227.57783171214243
std_error: 0.004021207234038914
energy final:  -227.57783171214243
layout:  [87, 88, 94, 107, 108, 109, 113, 128]
depth:  29
isa_depth:  154
circuit gate count:  {'cx': 32, 'rz': 8, 'h': 8, 'x': 4, 'rx': 4}
isa_circuit gate count:  {'sx': 133, 'cz': 80, 'rz': 60, 'x': 4}
n_observable:  89
n_chunks:  1
chunck_size:  89
1 / 1
partial expectation:  -227.56684059182317
metadata:  {'shots': 9000, 'target_precision': 0.010540925533894598, 'circuit_metadata': {}, 'num_randomizations': 1}
Final Estimator value:  -227.56684059182317
Expectation value:  -227.56684059182317
std_error: 0.004033348733597214
energy final:  -227.56684059182317
layout:  [87, 88, 94, 107, 108, 109, 113, 128]
depth:  29
isa_depth:  155
circuit gate count:  {'cx': 32, 'rz': 8, 'h': 8, 'x': 4, 'rx': 4}
isa_circuit gate count:  {'sx': 135, 'cz': 80, 'rz': 61, 'x': 4}
n_observable:  89
n_chunks:  1
chunck_size:  89
1 / 1
partial expectation:  -227.56604018427163
metadata:  {'shots': 9000, 'target_precision': 0.010540925533894598, 'circuit_metadata': {}, 'num_randomizations': 1}
Final Estimator value:  -227.56604018427163
Expectation value:  -227.56604018427163
std_error: 0.0040309564745976845
energy final:  -227.56604018427163
layout:  [87, 88, 94, 107, 108, 109, 113, 128]
depth:  29
isa_depth:  154
circuit gate count:  {'cx': 32, 'rz': 8, 'h': 8, 'x': 4, 'rx': 4}
isa_circuit gate count:  {'sx': 133, 'cz': 80, 'rz': 60, 'x': 4}
n_observable:  89
n_chunks:  1
chunck_size:  89
1 / 1
partial expectation:  -227.57240099543097
metadata:  {'shots': 9000, 'target_precision': 0.010540925533894598, 'circuit_metadata': {}, 'num_randomizations': 1}
Final Estimator value:  -227.57240099543097
Expectation value:  -227.57240099543097
std_error: 0.0040310652523747655
energy final:  -227.57240099543097
layout:  [87, 88, 94, 107, 108, 109, 113, 128]
depth:  29
isa_depth:  154
circuit gate count:  {'cx': 32, 'rz': 8, 'h': 8, 'x': 4, 'rx': 4}
isa_circuit gate count:  {'sx': 133, 'cz': 80, 'rz': 60, 'x': 4}
n_observable:  89
n_chunks:  1
chunck_size:  89
1 / 1
partial expectation:  -227.56510480482723
metadata:  {'shots': 9000, 'target_precision': 0.010540925533894598, 'circuit_metadata': {}, 'num_randomizations': 1}
Final Estimator value:  -227.56510480482723
Expectation value:  -227.56510480482723
std_error: 0.00404867200680271
energy final:  -227.56510480482723
layout:  [87, 88, 94, 107, 108, 109, 113, 128]
depth:  29
isa_depth:  155
circuit gate count:  {'cx': 32, 'rz': 8, 'h': 8, 'x': 4, 'rx': 4}
isa_circuit gate count:  {'sx': 135, 'cz': 80, 'rz': 61, 'x': 4}
n_observable:  89
n_chunks:  1
chunck_size:  89
1 / 1
partial expectation:  -227.56704396089953
metadata:  {'shots': 9000, 'target_precision': 0.010540925533894598, 'circuit_metadata': {}, 'num_randomizations': 1}
Final Estimator value:  -227.56704396089953
Expectation value:  -227.56704396089953
std_error: 0.00403734379239205
energy final:  -227.56704396089953
layout:  [87, 88, 94, 107, 108, 109, 113, 128]
depth:  29
isa_depth:  154
circuit gate count:  {'cx': 32, 'rz': 8, 'h': 8, 'x': 4, 'rx': 4}
isa_circuit gate count:  {'sx': 133, 'cz': 80, 'rz': 60, 'x': 4}
n_observable:  89
n_chunks:  1
chunck_size:  89
1 / 1
partial expectation:  -227.53583877091876
metadata:  {'shots': 9000, 'target_precision': 0.010540925533894598, 'circuit_metadata': {}, 'num_randomizations': 1}
Final Estimator value:  -227.53583877091876
Expectation value:  -227.53583877091876
std_error: 0.004144461653671683
energy final:  -227.53583877091876
layout:  [87, 88, 94, 107, 108, 109, 113, 128]
depth:  29
isa_depth:  155
circuit gate count:  {'cx': 32, 'rz': 8, 'h': 8, 'x': 4, 'rx': 4}
isa_circuit gate count:  {'sx': 135, 'cz': 80, 'rz': 61, 'x': 4}
n_observable:  89
n_chunks:  1
chunck_size:  89
1 / 1
partial expectation:  -227.54622649216725
metadata:  {'shots': 9000, 'target_precision': 0.010540925533894598, 'circuit_metadata': {}, 'num_randomizations': 1}
Final Estimator value:  -227.54622649216725
Expectation value:  -227.54622649216725
std_error: 0.004085248794495571
energy final:  -227.54622649216725
layout:  [87, 88, 94, 107, 108, 109, 113, 128]
depth:  29
isa_depth:  154
circuit gate count:  {'cx': 32, 'rz': 8, 'h': 8, 'x': 4, 'rx': 4}
isa_circuit gate count:  {'sx': 133, 'cz': 80, 'rz': 60, 'x': 4}
n_observable:  89
n_chunks:  1
chunck_size:  89
1 / 1
partial expectation:  -227.5589595095602
metadata:  {'shots': 9000, 'target_precision': 0.010540925533894598, 'circuit_metadata': {}, 'num_randomizations': 1}
Final Estimator value:  -227.5589595095602
Expectation value:  -227.5589595095602
std_error: 0.004081457349773989
energy final:  -227.5589595095602
layout:  [87, 88, 94, 107, 108, 109, 113, 128]
depth:  29
isa_depth:  155
circuit gate count:  {'cx': 32, 'rz': 8, 'h': 8, 'x': 4, 'rx': 4}
isa_circuit gate count:  {'sx': 135, 'cz': 80, 'rz': 61, 'x': 4}
n_observable:  89
n_chunks:  1
chunck_size:  89
1 / 1
partial expectation:  -227.55509000732243
metadata:  {'shots': 9000, 'target_precision': 0.010540925533894598, 'circuit_metadata': {}, 'num_randomizations': 1}
Final Estimator value:  -227.55509000732243
Expectation value:  -227.55509000732243
std_error: 0.004071407380673011
energy final:  -227.55509000732243
layout:  [87, 88, 94, 107, 108, 109, 113, 128]
depth:  29
isa_depth:  154
circuit gate count:  {'cx': 32, 'rz': 8, 'h': 8, 'x': 4, 'rx': 4}
isa_circuit gate count:  {'sx': 133, 'cz': 80, 'rz': 60, 'x': 4}
n_observable:  89
n_chunks:  1
chunck_size:  89
1 / 1
partial expectation:  -227.54807248001683
metadata:  {'shots': 9000, 'target_precision': 0.010540925533894598, 'circuit_metadata': {}, 'num_randomizations': 1}
Final Estimator value:  -227.54807248001683
Expectation value:  -227.54807248001683
std_error: 0.004100483979745641
energy final:  -227.54807248001683
layout:  [87, 88, 94, 107, 108, 109, 113, 128]
depth:  29
isa_depth:  154
circuit gate count:  {'cx': 32, 'rz': 8, 'h': 8, 'x': 4, 'rx': 4}
isa_circuit gate count:  {'sx': 133, 'cz': 80, 'rz': 60, 'x': 4}
n_observable:  89
n_chunks:  1
chunck_size:  89
1 / 1
partial expectation:  -227.55471318066375
metadata:  {'shots': 9000, 'target_precision': 0.010540925533894598, 'circuit_metadata': {}, 'num_randomizations': 1}
Final Estimator value:  -227.55471318066375
Expectation value:  -227.55471318066375
std_error: 0.004100375221198939
energy final:  -227.55471318066375
layout:  [87, 88, 94, 107, 108, 109, 113, 128]
depth:  29
isa_depth:  155
circuit gate count:  {'cx': 32, 'rz': 8, 'h': 8, 'x': 4, 'rx': 4}
isa_circuit gate count:  {'sx': 135, 'cz': 80, 'rz': 61, 'x': 4}
n_observable:  89
n_chunks:  1
chunck_size:  89
1 / 1
partial expectation:  -227.5623092618915
metadata:  {'shots': 9000, 'target_precision': 0.010540925533894598, 'circuit_metadata': {}, 'num_randomizations': 1}
Final Estimator value:  -227.5623092618915
Expectation value:  -227.5623092618915
std_error: 0.0040530699559549535
energy final:  -227.5623092618915
layout:  [87, 88, 94, 107, 108, 109, 113, 128]
depth:  29
isa_depth:  155
circuit gate count:  {'cx': 32, 'rz': 8, 'h': 8, 'x': 4, 'rx': 4}
isa_circuit gate count:  {'sx': 135, 'cz': 80, 'rz': 61, 'x': 4}
n_observable:  89
n_chunks:  1
chunck_size:  89
1 / 1
partial expectation:  -227.55579480535295
metadata:  {'shots': 9000, 'target_precision': 0.010540925533894598, 'circuit_metadata': {}, 'num_randomizations': 1}
Final Estimator value:  -227.55579480535295
Expectation value:  -227.55579480535295
std_error: 0.004061099363169804
energy final:  -227.55579480535295
layout:  [87, 88, 94, 107, 108, 109, 113, 128]
depth:  29
isa_depth:  155
circuit gate count:  {'cx': 32, 'rz': 8, 'h': 8, 'x': 4, 'rx': 4}
isa_circuit gate count:  {'sx': 135, 'cz': 80, 'rz': 61, 'x': 4}
n_observable:  89
n_chunks:  1
chunck_size:  89
1 / 1
partial expectation:  -227.56571274437997
metadata:  {'shots': 9000, 'target_precision': 0.010540925533894598, 'circuit_metadata': {}, 'num_randomizations': 1}
Final Estimator value:  -227.56571274437997
Expectation value:  -227.56571274437997
std_error: 0.004054324041099182
energy final:  -227.56571274437997
layout:  [87, 88, 94, 107, 108, 109, 113, 128]
depth:  29
isa_depth:  155
circuit gate count:  {'cx': 32, 'rz': 8, 'h': 8, 'x': 4, 'rx': 4}
isa_circuit gate count:  {'sx': 135, 'cz': 80, 'rz': 61, 'x': 4}
n_observable:  89
n_chunks:  1
chunck_size:  89
1 / 1
partial expectation:  -227.5710585004582
metadata:  {'shots': 9000, 'target_precision': 0.010540925533894598, 'circuit_metadata': {}, 'num_randomizations': 1}
Final Estimator value:  -227.5710585004582
Expectation value:  -227.5710585004582
std_error: 0.004034590267817987
energy final:  -227.5710585004582
layout:  [87, 88, 94, 107, 108, 109, 113, 128]
depth:  29
isa_depth:  155
circuit gate count:  {'cx': 32, 'rz': 8, 'h': 8, 'x': 4, 'rx': 4}
isa_circuit gate count:  {'sx': 135, 'cz': 80, 'rz': 61, 'x': 4}
n_observable:  89
n_chunks:  1
chunck_size:  89
1 / 1
partial expectation:  -227.56374773278307
metadata:  {'shots': 9000, 'target_precision': 0.010540925533894598, 'circuit_metadata': {}, 'num_randomizations': 1}
Final Estimator value:  -227.56374773278307
Expectation value:  -227.56374773278307
std_error: 0.004044216682860714
energy final:  -227.56374773278307
layout:  [87, 88, 94, 107, 108, 109, 113, 128]
depth:  29
isa_depth:  155
circuit gate count:  {'cx': 32, 'rz': 8, 'h': 8, 'x': 4, 'rx': 4}
isa_circuit gate count:  {'sx': 135, 'cz': 80, 'rz': 61, 'x': 4}
n_observable:  89
n_chunks:  1
chunck_size:  89
1 / 1
partial expectation:  -227.5727804534069
metadata:  {'shots': 9000, 'target_precision': 0.010540925533894598, 'circuit_metadata': {}, 'num_randomizations': 1}
Final Estimator value:  -227.5727804534069
Expectation value:  -227.5727804534069
std_error: 0.00403106271300551
energy final:  -227.5727804534069
layout:  [87, 88, 94, 107, 108, 109, 113, 128]
depth:  29
isa_depth:  154
circuit gate count:  {'cx': 32, 'rz': 8, 'h': 8, 'x': 4, 'rx': 4}
isa_circuit gate count:  {'sx': 133, 'cz': 80, 'rz': 60, 'x': 4}
n_observable:  89
n_chunks:  1
chunck_size:  89
1 / 1
partial expectation:  -227.56787617089532
metadata:  {'shots': 9000, 'target_precision': 0.010540925533894598, 'circuit_metadata': {}, 'num_randomizations': 1}
Final Estimator value:  -227.56787617089532
Expectation value:  -227.56787617089532
std_error: 0.0040670495030346
energy final:  -227.56787617089532
layout:  [87, 88, 94, 107, 108, 109, 113, 128]
depth:  29
isa_depth:  155
circuit gate count:  {'cx': 32, 'rz': 8, 'h': 8, 'x': 4, 'rx': 4}
isa_circuit gate count:  {'sx': 135, 'cz': 80, 'rz': 61, 'x': 4}
n_observable:  89
n_chunks:  1
chunck_size:  89
1 / 1
partial expectation:  -227.56140705086295
metadata:  {'shots': 9000, 'target_precision': 0.010540925533894598, 'circuit_metadata': {}, 'num_randomizations': 1}
Final Estimator value:  -227.56140705086295
Expectation value:  -227.56140705086295
std_error: 0.004059492616973998
energy final:  -227.56140705086295

Energy list
-227.55713795776475
-227.56718279570205
-227.57795309243818
-227.57301780021592
-227.56759843407835
-227.5680548857667
-227.57410512952495
-227.57083238628985
-227.56622708891638
-227.56441951513156
-227.57783171214243
-227.56684059182317
-227.56604018427163
-227.57240099543097
-227.56510480482723
-227.56704396089953
-227.53583877091876
-227.54622649216725
-227.5589595095602
-227.55509000732243
-227.54807248001683
-227.55471318066375
-227.5623092618915
-227.55579480535295
-227.56571274437997
-227.5710585004582
-227.56374773278307
-227.5727804534069
-227.56787617089532
-227.56140705086295
ave:  -227.56404594986347
