[-2.984992532101447, -2.984641886570602, -3.2514858942735416, -3.026984875308184, -3.0969222428392458]
[1j [X2 X3 Y4 X5], 1j [X0 X1 Y6 X7], 1j [X1 Y2 X5 X6], 1j [X0 Z1 Z2 X3 Y4 Z5 Z6 X7], 1j [X2 X3 Y6 X7]]
H terms 233
N electrons 4
N Orbitals 4
backend:  ibm_torino
Initialize Single point
layout:  [107, 108, 109, 113, 128, 127, 126, 132]
depth:  35
isa_depth:  184
circuit gate count:  {'cx': 38, 'rz': 10, 'h': 8, 'rx': 5, 'x': 4}
isa_circuit gate count:  {'sx': 162, 'cz': 98, 'rz': 67, 'x': 4}
n_observable:  89
n_chunks:  1
chunck_size:  89
1 / 1
partial expectation:  -227.78116307869846
metadata:  {'shots': 9024, 'target_precision': 0.010540925533894598, 'circuit_metadata': {}, 'resilience': {'zne': {'extrapolator': 'multiple'}}, 'num_randomizations': 32}
Final Estimator value:  -227.78116307869846
Expectation value:  -227.78116307869846
std_error: 0.03500497702200117
energy final:  -227.78116307869846
layout:  [107, 108, 109, 113, 128, 127, 126, 132]
depth:  35
isa_depth:  183
circuit gate count:  {'cx': 38, 'rz': 10, 'h': 8, 'rx': 5, 'x': 4}
isa_circuit gate count:  {'sx': 160, 'cz': 98, 'rz': 67, 'x': 4}
n_observable:  89
n_chunks:  1
chunck_size:  89
1 / 1
partial expectation:  -227.764595818941
metadata:  {'shots': 9024, 'target_precision': 0.010540925533894598, 'circuit_metadata': {}, 'resilience': {'zne': {'extrapolator': 'multiple'}}, 'num_randomizations': 32}
Final Estimator value:  -227.764595818941
Expectation value:  -227.764595818941
std_error: 0.028702789598315164
energy final:  -227.764595818941
layout:  [107, 108, 109, 113, 128, 127, 126, 132]
depth:  35
isa_depth:  184
circuit gate count:  {'cx': 38, 'rz': 10, 'h': 8, 'rx': 5, 'x': 4}
isa_circuit gate count:  {'sx': 162, 'cz': 98, 'rz': 67, 'x': 4}
n_observable:  89
n_chunks:  1
chunck_size:  89
1 / 1
partial expectation:  -227.83491413227753
metadata:  {'shots': 9024, 'target_precision': 0.010540925533894598, 'circuit_metadata': {}, 'resilience': {'zne': {'extrapolator': 'multiple'}}, 'num_randomizations': 32}
Final Estimator value:  -227.83491413227753
Expectation value:  -227.83491413227753
std_error: 0.02863381027178072
energy final:  -227.83491413227753
layout:  [107, 108, 109, 113, 128, 127, 126, 132]
depth:  35
isa_depth:  183
circuit gate count:  {'cx': 38, 'rz': 10, 'h': 8, 'rx': 5, 'x': 4}
isa_circuit gate count:  {'sx': 160, 'cz': 98, 'rz': 67, 'x': 4}
n_observable:  89
n_chunks:  1
chunck_size:  89
1 / 1
partial expectation:  -227.80692870044857
metadata:  {'shots': 9024, 'target_precision': 0.010540925533894598, 'circuit_metadata': {}, 'resilience': {'zne': {'extrapolator': 'multiple'}}, 'num_randomizations': 32}
Final Estimator value:  -227.80692870044857
Expectation value:  -227.80692870044857
std_error: 0.03855196942047342
energy final:  -227.80692870044857
layout:  [107, 108, 109, 113, 128, 127, 126, 132]
depth:  35
isa_depth:  184
circuit gate count:  {'cx': 38, 'rz': 10, 'h': 8, 'rx': 5, 'x': 4}
isa_circuit gate count:  {'sx': 162, 'cz': 98, 'rz': 67, 'x': 4}
n_observable:  89
n_chunks:  1
chunck_size:  89
1 / 1
partial expectation:  -227.79309250025705
metadata:  {'shots': 9024, 'target_precision': 0.010540925533894598, 'circuit_metadata': {}, 'resilience': {'zne': {'extrapolator': 'multiple'}}, 'num_randomizations': 32}
Final Estimator value:  -227.79309250025705
Expectation value:  -227.79309250025705
std_error: 0.03362451588749125
energy final:  -227.79309250025705
layout:  [107, 108, 109, 113, 128, 127, 126, 132]
depth:  35
isa_depth:  184
circuit gate count:  {'cx': 38, 'rz': 10, 'h': 8, 'rx': 5, 'x': 4}
isa_circuit gate count:  {'sx': 162, 'cz': 98, 'rz': 67, 'x': 4}
n_observable:  89
n_chunks:  1
chunck_size:  89
1 / 1
partial expectation:  -227.81444397222742
metadata:  {'shots': 9024, 'target_precision': 0.010540925533894598, 'circuit_metadata': {}, 'resilience': {'zne': {'extrapolator': 'multiple'}}, 'num_randomizations': 32}
Final Estimator value:  -227.81444397222742
Expectation value:  -227.81444397222742
std_error: 0.03157083296943104
energy final:  -227.81444397222742
layout:  [107, 108, 109, 113, 128, 127, 126, 132]
depth:  35
isa_depth:  184
circuit gate count:  {'cx': 38, 'rz': 10, 'h': 8, 'rx': 5, 'x': 4}
isa_circuit gate count:  {'sx': 162, 'cz': 98, 'rz': 67, 'x': 4}
n_observable:  89
n_chunks:  1
chunck_size:  89
1 / 1
partial expectation:  -227.80199090513224
metadata:  {'shots': 9024, 'target_precision': 0.010540925533894598, 'circuit_metadata': {}, 'resilience': {'zne': {'extrapolator': 'multiple'}}, 'num_randomizations': 32}
Final Estimator value:  -227.80199090513224
Expectation value:  -227.80199090513224
std_error: 0.032304366587516974
energy final:  -227.80199090513224
layout:  [107, 108, 109, 113, 128, 127, 126, 132]
depth:  35
isa_depth:  183
circuit gate count:  {'cx': 38, 'rz': 10, 'h': 8, 'rx': 5, 'x': 4}
isa_circuit gate count:  {'sx': 160, 'cz': 98, 'rz': 67, 'x': 4}
n_observable:  89
n_chunks:  1
chunck_size:  89
1 / 1
partial expectation:  -227.79972861515495
metadata:  {'shots': 9024, 'target_precision': 0.010540925533894598, 'circuit_metadata': {}, 'resilience': {'zne': {'extrapolator': 'multiple'}}, 'num_randomizations': 32}
Final Estimator value:  -227.79972861515495
Expectation value:  -227.79972861515495
std_error: 0.030963821186452984
energy final:  -227.79972861515495
layout:  [107, 108, 109, 113, 128, 127, 126, 132]
depth:  35
isa_depth:  184
circuit gate count:  {'cx': 38, 'rz': 10, 'h': 8, 'rx': 5, 'x': 4}
isa_circuit gate count:  {'sx': 162, 'cz': 98, 'rz': 67, 'x': 4}
n_observable:  89
n_chunks:  1
chunck_size:  89
1 / 1
partial expectation:  -227.8049651043933
metadata:  {'shots': 9024, 'target_precision': 0.010540925533894598, 'circuit_metadata': {}, 'resilience': {'zne': {'extrapolator': 'multiple'}}, 'num_randomizations': 32}
Final Estimator value:  -227.8049651043933
Expectation value:  -227.8049651043933
std_error: 0.027269112519342904
energy final:  -227.8049651043933
layout:  [107, 108, 109, 113, 128, 127, 126, 132]
depth:  35
isa_depth:  184
circuit gate count:  {'cx': 38, 'rz': 10, 'h': 8, 'rx': 5, 'x': 4}
isa_circuit gate count:  {'sx': 162, 'cz': 98, 'rz': 67, 'x': 4}
n_observable:  89
n_chunks:  1
chunck_size:  89
1 / 1
partial expectation:  -227.739741524052
metadata:  {'shots': 9024, 'target_precision': 0.010540925533894598, 'circuit_metadata': {}, 'resilience': {'zne': {'extrapolator': 'multiple'}}, 'num_randomizations': 32}
Final Estimator value:  -227.739741524052
Expectation value:  -227.739741524052
std_error: 0.036255988891324704
energy final:  -227.739741524052
layout:  [107, 108, 109, 113, 128, 127, 126, 132]
depth:  35
isa_depth:  184
circuit gate count:  {'cx': 38, 'rz': 10, 'h': 8, 'rx': 5, 'x': 4}
isa_circuit gate count:  {'sx': 162, 'cz': 98, 'rz': 67, 'x': 4}
n_observable:  89
n_chunks:  1
chunck_size:  89
1 / 1
partial expectation:  -227.7840663223765
metadata:  {'shots': 9024, 'target_precision': 0.010540925533894598, 'circuit_metadata': {}, 'resilience': {'zne': {'extrapolator': 'multiple'}}, 'num_randomizations': 32}
Final Estimator value:  -227.7840663223765
Expectation value:  -227.7840663223765
std_error: 0.029259445855698684
energy final:  -227.7840663223765
layout:  [107, 108, 109, 113, 128, 127, 126, 132]
depth:  35
isa_depth:  183
circuit gate count:  {'cx': 38, 'rz': 10, 'h': 8, 'rx': 5, 'x': 4}
isa_circuit gate count:  {'sx': 160, 'cz': 98, 'rz': 67, 'x': 4}
n_observable:  89
n_chunks:  1
chunck_size:  89



1 / 1
partial expectation:  -227.73593665970833
metadata:  {'shots': 9024, 'target_precision': 0.010540925533894598, 'circuit_metadata': {}, 'resilience': {'zne': {'extrapolator': 'multiple'}}, 'num_randomizations': 32}
Final Estimator value:  -227.73593665970833
Expectation value:  -227.73593665970833
std_error: 0.03220269577399188
energy final:  -227.73593665970833
layout:  [107, 108, 109, 113, 128, 127, 126, 132]
depth:  35
isa_depth:  184
circuit gate count:  {'cx': 38, 'rz': 10, 'h': 8, 'rx': 5, 'x': 4}
isa_circuit gate count:  {'sx': 162, 'cz': 98, 'rz': 67, 'x': 4}
n_observable:  89
n_chunks:  1
chunck_size:  89
1 / 1
partial expectation:  -227.73787866849005
metadata:  {'shots': 9024, 'target_precision': 0.010540925533894598, 'circuit_metadata': {}, 'resilience': {'zne': {'extrapolator': 'multiple'}}, 'num_randomizations': 32}
Final Estimator value:  -227.73787866849005
Expectation value:  -227.73787866849005
std_error: 0.0349880280430902
energy final:  -227.73787866849005
layout:  [107, 108, 109, 113, 128, 127, 126, 132]
depth:  35
isa_depth:  183
circuit gate count:  {'cx': 38, 'rz': 10, 'h': 8, 'rx': 5, 'x': 4}
isa_circuit gate count:  {'sx': 160, 'cz': 98, 'rz': 67, 'x': 4}
n_observable:  89
n_chunks:  1
chunck_size:  89
1 / 1
partial expectation:  -227.80157896723927
metadata:  {'shots': 9024, 'target_precision': 0.010540925533894598, 'circuit_metadata': {}, 'resilience': {'zne': {'extrapolator': 'multiple'}}, 'num_randomizations': 32}
Final Estimator value:  -227.80157896723927
Expectation value:  -227.80157896723927
std_error: 0.02961463351509033
energy final:  -227.80157896723927
layout:  [107, 108, 109, 113, 128, 127, 126, 132]
depth:  35
isa_depth:  184
circuit gate count:  {'cx': 38, 'rz': 10, 'h': 8, 'rx': 5, 'x': 4}
isa_circuit gate count:  {'sx': 162, 'cz': 98, 'rz': 67, 'x': 4}
n_observable:  89
n_chunks:  1
chunck_size:  89
1 / 1
partial expectation:  -227.7875204556806
metadata:  {'shots': 9024, 'target_precision': 0.010540925533894598, 'circuit_metadata': {}, 'resilience': {'zne': {'extrapolator': 'multiple'}}, 'num_randomizations': 32}
Final Estimator value:  -227.7875204556806
Expectation value:  -227.7875204556806
std_error: 0.0337916102555005
energy final:  -227.7875204556806
layout:  [107, 108, 109, 113, 128, 127, 126, 132]
depth:  35
isa_depth:  183
circuit gate count:  {'cx': 38, 'rz': 10, 'h': 8, 'rx': 5, 'x': 4}
isa_circuit gate count:  {'sx': 160, 'cz': 98, 'rz': 67, 'x': 4}
n_observable:  89
n_chunks:  1
chunck_size:  89
1 / 1
partial expectation:  -227.81225655951164
metadata:  {'shots': 9024, 'target_precision': 0.010540925533894598, 'circuit_metadata': {}, 'resilience': {'zne': {'extrapolator': 'multiple'}}, 'num_randomizations': 32}
Final Estimator value:  -227.81225655951164
Expectation value:  -227.81225655951164
std_error: 0.03273980992333646
energy final:  -227.81225655951164
layout:  [107, 108, 109, 113, 128, 127, 126, 132]
depth:  35
isa_depth:  184
circuit gate count:  {'cx': 38, 'rz': 10, 'h': 8, 'rx': 5, 'x': 4}
isa_circuit gate count:  {'sx': 162, 'cz': 98, 'rz': 67, 'x': 4}
n_observable:  89
n_chunks:  1
chunck_size:  89
1 / 1
partial expectation:  -227.81618178468565
metadata:  {'shots': 9024, 'target_precision': 0.010540925533894598, 'circuit_metadata': {}, 'resilience': {'zne': {'extrapolator': 'multiple'}}, 'num_randomizations': 32}
Final Estimator value:  -227.81618178468565
Expectation value:  -227.81618178468565
std_error: 0.03158698069367241
energy final:  -227.81618178468565
layout:  [107, 108, 109, 113, 128, 127, 126, 132]
depth:  35
isa_depth:  183
circuit gate count:  {'cx': 38, 'rz': 10, 'h': 8, 'rx': 5, 'x': 4}
isa_circuit gate count:  {'sx': 160, 'cz': 98, 'rz': 67, 'x': 4}
n_observable:  89
n_chunks:  1
chunck_size:  89
1 / 1
partial expectation:  -227.8035158575949
metadata:  {'shots': 9024, 'target_precision': 0.010540925533894598, 'circuit_metadata': {}, 'resilience': {'zne': {'extrapolator': 'multiple'}}, 'num_randomizations': 32}
Final Estimator value:  -227.8035158575949
Expectation value:  -227.8035158575949
std_error: 0.03246288035381566
energy final:  -227.8035158575949
layout:  [107, 108, 109, 113, 128, 127, 126, 132]
depth:  35
isa_depth:  184
circuit gate count:  {'cx': 38, 'rz': 10, 'h': 8, 'rx': 5, 'x': 4}
isa_circuit gate count:  {'sx': 162, 'cz': 98, 'rz': 67, 'x': 4}
n_observable:  89
n_chunks:  1
chunck_size:  89
1 / 1
partial expectation:  -227.80265843824802
metadata:  {'shots': 9024, 'target_precision': 0.010540925533894598, 'circuit_metadata': {}, 'resilience': {'zne': {'extrapolator': 'multiple'}}, 'num_randomizations': 32}
Final Estimator value:  -227.80265843824802
Expectation value:  -227.80265843824802
std_error: 0.030779966922508045
energy final:  -227.80265843824802
layout:  [107, 108, 109, 113, 128, 127, 126, 132]
depth:  35
isa_depth:  183
circuit gate count:  {'cx': 38, 'rz': 10, 'h': 8, 'rx': 5, 'x': 4}
isa_circuit gate count:  {'sx': 160, 'cz': 98, 'rz': 67, 'x': 4}
n_observable:  89
n_chunks:  1
chunck_size:  89
1 / 1
partial expectation:  -227.75217007358364
metadata:  {'shots': 9024, 'target_precision': 0.010540925533894598, 'circuit_metadata': {}, 'resilience': {'zne': {'extrapolator': 'multiple'}}, 'num_randomizations': 32}
Final Estimator value:  -227.75217007358364
Expectation value:  -227.75217007358364
std_error: 0.027608374806053097
energy final:  -227.75217007358364
layout:  [107, 108, 109, 113, 128, 127, 126, 132]
depth:  35
isa_depth:  184
circuit gate count:  {'cx': 38, 'rz': 10, 'h': 8, 'rx': 5, 'x': 4}
isa_circuit gate count:  {'sx': 162, 'cz': 98, 'rz': 67, 'x': 4}
n_observable:  89
n_chunks:  1
chunck_size:  89
1 / 1
partial expectation:  -227.7792617107737
metadata:  {'shots': 9024, 'target_precision': 0.010540925533894598, 'circuit_metadata': {}, 'resilience': {'zne': {'extrapolator': 'multiple'}}, 'num_randomizations': 32}
Final Estimator value:  -227.7792617107737
Expectation value:  -227.7792617107737
std_error: 0.034792264526266346
energy final:  -227.7792617107737
layout:  [107, 108, 109, 113, 128, 127, 126, 132]
depth:  35
isa_depth:  183
circuit gate count:  {'cx': 38, 'rz': 10, 'h': 8, 'rx': 5, 'x': 4}
isa_circuit gate count:  {'sx': 160, 'cz': 98, 'rz': 67, 'x': 4}
n_observable:  89
n_chunks:  1
chunck_size:  89
1 / 1
partial expectation:  -227.79611518158703
metadata:  {'shots': 9024, 'target_precision': 0.010540925533894598, 'circuit_metadata': {}, 'resilience': {'zne': {'extrapolator': 'multiple'}}, 'num_randomizations': 32}
Final Estimator value:  -227.79611518158703
Expectation value:  -227.79611518158703
std_error: 0.023924185717497274
energy final:  -227.79611518158703
layout:  [107, 108, 109, 113, 128, 127, 126, 132]
depth:  35
isa_depth:  184
circuit gate count:  {'cx': 38, 'rz': 10, 'h': 8, 'rx': 5, 'x': 4}
isa_circuit gate count:  {'sx': 162, 'cz': 98, 'rz': 67, 'x': 4}
n_observable:  89
n_chunks:  1
chunck_size:  89
1 / 1
partial expectation:  -227.76656631973296
metadata:  {'shots': 9024, 'target_precision': 0.010540925533894598, 'circuit_metadata': {}, 'resilience': {'zne': {'extrapolator': 'multiple'}}, 'num_randomizations': 32}
Final Estimator value:  -227.76656631973296
Expectation value:  -227.76656631973296
std_error: 0.03828278395945105
energy final:  -227.76656631973296
layout:  [107, 108, 109, 113, 128, 127, 126, 132]
depth:  35
isa_depth:  184
circuit gate count:  {'cx': 38, 'rz': 10, 'h': 8, 'rx': 5, 'x': 4}
isa_circuit gate count:  {'sx': 162, 'cz': 98, 'rz': 67, 'x': 4}
n_observable:  89
n_chunks:  1
chunck_size:  89
1 / 1
partial expectation:  -227.78805571360067
metadata:  {'shots': 9024, 'target_precision': 0.010540925533894598, 'circuit_metadata': {}, 'resilience': {'zne': {'extrapolator': 'multiple'}}, 'num_randomizations': 32}
Final Estimator value:  -227.78805571360067
Expectation value:  -227.78805571360067
std_error: 0.03846253073680004
energy final:  -227.78805571360067
layout:  [107, 108, 109, 113, 128, 127, 126, 132]
depth:  35
isa_depth:  183
circuit gate count:  {'cx': 38, 'rz': 10, 'h': 8, 'rx': 5, 'x': 4}
isa_circuit gate count:  {'sx': 160, 'cz': 98, 'rz': 67, 'x': 4}
n_observable:  89
n_chunks:  1
chunck_size:  89
1 / 1
partial expectation:  -227.80333043362768
metadata:  {'shots': 9024, 'target_precision': 0.010540925533894598, 'circuit_metadata': {}, 'resilience': {'zne': {'extrapolator': 'multiple'}}, 'num_randomizations': 32}
Final Estimator value:  -227.80333043362768
Expectation value:  -227.80333043362768
std_error: 0.04087500958297256
energy final:  -227.80333043362768
layout:  [107, 108, 109, 113, 128, 127, 126, 132]
depth:  35
isa_depth:  184
circuit gate count:  {'cx': 38, 'rz': 10, 'h': 8, 'rx': 5, 'x': 4}
isa_circuit gate count:  {'sx': 162, 'cz': 98, 'rz': 67, 'x': 4}
n_observable:  89
n_chunks:  1
chunck_size:  89
1 / 1
partial expectation:  -227.78454615462778
metadata:  {'shots': 9024, 'target_precision': 0.010540925533894598, 'circuit_metadata': {}, 'resilience': {'zne': {'extrapolator': 'multiple'}}, 'num_randomizations': 32}
Final Estimator value:  -227.78454615462778
Expectation value:  -227.78454615462778
std_error: 0.0395159071085719
energy final:  -227.78454615462778
layout:  [107, 108, 109, 113, 128, 127, 126, 132]
depth:  35
isa_depth:  184
circuit gate count:  {'cx': 38, 'rz': 10, 'h': 8, 'rx': 5, 'x': 4}
isa_circuit gate count:  {'sx': 162, 'cz': 98, 'rz': 67, 'x': 4}
n_observable:  89
n_chunks:  1
chunck_size:  89
1 / 1
partial expectation:  -227.7644718527195
metadata:  {'shots': 9024, 'target_precision': 0.010540925533894598, 'circuit_metadata': {}, 'resilience': {'zne': {'extrapolator': 'multiple'}}, 'num_randomizations': 32}
Final Estimator value:  -227.7644718527195
Expectation value:  -227.7644718527195
std_error: 0.035027360329481
energy final:  -227.7644718527195
layout:  [107, 108, 109, 113, 128, 127, 126, 132]
depth:  35
isa_depth:  183
circuit gate count:  {'cx': 38, 'rz': 10, 'h': 8, 'rx': 5, 'x': 4}
isa_circuit gate count:  {'sx': 160, 'cz': 98, 'rz': 67, 'x': 4}
n_observable:  89
n_chunks:  1
chunck_size:  89
1 / 1
partial expectation:  -227.7101997744036
metadata:  {'shots': 9024, 'target_precision': 0.010540925533894598, 'circuit_metadata': {}, 'resilience': {'zne': {'extrapolator': 'multiple'}}, 'num_randomizations': 32}
Final Estimator value:  -227.7101997744036
Expectation value:  -227.7101997744036
std_error: 0.027391015410515765
energy final:  -227.7101997744036
layout:  [107, 108, 109, 113, 128, 127, 126, 132]
depth:  35
isa_depth:  183
circuit gate count:  {'cx': 38, 'rz': 10, 'h': 8, 'rx': 5, 'x': 4}
isa_circuit gate count:  {'sx': 160, 'cz': 98, 'rz': 67, 'x': 4}
n_observable:  89
n_chunks:  1
chunck_size:  89
1 / 1
partial expectation:  -227.77254514480137
metadata:  {'shots': 9024, 'target_precision': 0.010540925533894598, 'circuit_metadata': {}, 'resilience': {'zne': {'extrapolator': 'multiple'}}, 'num_randomizations': 32}
Final Estimator value:  -227.77254514480137
Expectation value:  -227.77254514480137
std_error: 0.03534552874944559
energy final:  -227.77254514480137
layout:  [107, 108, 109, 113, 128, 127, 126, 132]
depth:  35
isa_depth:  183
circuit gate count:  {'cx': 38, 'rz': 10, 'h': 8, 'rx': 5, 'x': 4}
isa_circuit gate count:  {'sx': 160, 'cz': 98, 'rz': 67, 'x': 4}
n_observable:  89
n_chunks:  1
chunck_size:  89
1 / 1
partial expectation:  -227.71431581335236
metadata:  {'shots': 9024, 'target_precision': 0.010540925533894598, 'circuit_metadata': {}, 'resilience': {'zne': {'extrapolator': 'multiple'}}, 'num_randomizations': 32}
Final Estimator value:  -227.71431581335236
Expectation value:  -227.71431581335236
std_error: 0.02746061949726341
energy final:  -227.71431581335236

Energy list
-227.78116307869846
-227.764595818941
-227.83491413227753
-227.80692870044857
-227.79309250025705
-227.81444397222742
-227.80199090513224
-227.79972861515495
-227.8049651043933
-227.739741524052
-227.7840663223765
-227.73593665970833
-227.73787866849005
-227.80157896723927
-227.7875204556806
-227.81225655951164
-227.81618178468565
-227.8035158575949
-227.80265843824802
-227.75217007358364
-227.7792617107737
-227.79611518158703
-227.76656631973296
-227.78805571360067
-227.80333043362768
-227.78454615462778
-227.7644718527195
-227.7101997744036
-227.77254514480137
-227.71431581335236
ave:  -227.78182454126426