/Users/abel/.virtualenvs/vqe_alternative/bin/python /Users/abel/PycharmProjects/VQEmulti/examples/benzene/paper/trotter/single_point_restart.py
[-2.9836222958587144, -2.9842185291139907, -3.2474018749640634]
[1j [X2 X3 Y4 X5], 1j [X0 X1 Y6 X7], 1j [X1 Y2 X5 X6]]
N electrons 4
N Orbitals 4
backend:  ibm_torino
Initialize Single point
layout:  [87, 88, 94, 107, 108, 109, 113, 128]
depth:  17
isa_depth:  132
n_observable:  89
n_chunks:  1
chunck_size:  89
1 / 1
partial expectation:  -227.9575819849141
metadata:  {'shots': 9024, 'target_precision': 0.010540925533894598, 'circuit_metadata': {}, 'resilience': {'zne': {'extrapolator': 'multiple'}}, 'num_randomizations': 32}
Final Estimator value:  -227.9575819849141
Expectation value:  -227.9575819849141
std_error: 0.15744812663146804
energy:  -227.9575819849141
layout:  [87, 88, 94, 107, 108, 109, 113, 128]
depth:  17
isa_depth:  132
n_observable:  89
n_chunks:  1
chunck_size:  89
1 / 1
partial expectation:  -227.87058440032007
metadata:  {'shots': 9024, 'target_precision': 0.010540925533894598, 'circuit_metadata': {}, 'resilience': {'zne': {'extrapolator': 'multiple'}}, 'num_randomizations': 32}
Final Estimator value:  -227.87058440032007
Expectation value:  -227.87058440032007
std_error: 0.1425802761684015
energy:  -227.87058440032007
layout:  [87, 88, 94, 107, 108, 109, 113, 128]
depth:  17
isa_depth:  132
n_observable:  89
n_chunks:  1
chunck_size:  89
1 / 1
partial expectation:  -227.90585430170248
metadata:  {'shots': 9024, 'target_precision': 0.010540925533894598, 'circuit_metadata': {}, 'resilience': {'zne': {'extrapolator': 'multiple'}}, 'num_randomizations': 32}
Final Estimator value:  -227.90585430170248
Expectation value:  -227.90585430170248
std_error: 0.12988740720080683
energy:  -227.90585430170248
layout:  [87, 88, 94, 107, 108, 109, 113, 128]
depth:  17
isa_depth:  132
n_observable:  89
n_chunks:  1
chunck_size:  89
1 / 1
partial expectation:  -227.86257799918667
metadata:  {'shots': 9024, 'target_precision': 0.010540925533894598, 'circuit_metadata': {}, 'resilience': {'zne': {'extrapolator': 'multiple'}}, 'num_randomizations': 32}
Final Estimator value:  -227.86257799918667
Expectation value:  -227.86257799918667
std_error: 0.1708442780595218
energy:  -227.86257799918667
layout:  [87, 88, 94, 107, 108, 109, 113, 128]
depth:  17
isa_depth:  132
n_observable:  89
n_chunks:  1
chunck_size:  89
1 / 1
partial expectation:  -227.77566071161274
metadata:  {'shots': 9024, 'target_precision': 0.010540925533894598, 'circuit_metadata': {}, 'resilience': {'zne': {'extrapolator': 'multiple'}}, 'num_randomizations': 32}
Final Estimator value:  -227.77566071161274
Expectation value:  -227.77566071161274
std_error: 0.13408895758049197
energy:  -227.77566071161274
layout:  [87, 88, 94, 107, 108, 109, 113, 128]
depth:  17
isa_depth:  132
n_observable:  89
n_chunks:  1
chunck_size:  89
1 / 1
partial expectation:  -227.90278940474866
metadata:  {'shots': 9024, 'target_precision': 0.010540925533894598, 'circuit_metadata': {}, 'resilience': {'zne': {'extrapolator': 'multiple'}}, 'num_randomizations': 32}
Final Estimator value:  -227.90278940474866
Expectation value:  -227.90278940474866
std_error: 0.13948265246080477
energy:  -227.90278940474866
layout:  [87, 88, 94, 107, 108, 109, 113, 128]
depth:  17
isa_depth:  132
n_observable:  89
n_chunks:  1
chunck_size:  89
1 / 1
partial expectation:  -227.8792232115497
metadata:  {'shots': 9024, 'target_precision': 0.010540925533894598, 'circuit_metadata': {}, 'resilience': {'zne': {'extrapolator': 'multiple'}}, 'num_randomizations': 32}
Final Estimator value:  -227.8792232115497
Expectation value:  -227.8792232115497
std_error: 0.14323710205936077
energy:  -227.8792232115497
layout:  [87, 88, 94, 107, 108, 109, 113, 128]
depth:  17
isa_depth:  132
n_observable:  89
n_chunks:  1
chunck_size:  89
1 / 1
partial expectation:  -227.84182003937397
metadata:  {'shots': 9024, 'target_precision': 0.010540925533894598, 'circuit_metadata': {}, 'resilience': {'zne': {'extrapolator': 'multiple'}}, 'num_randomizations': 32}
Final Estimator value:  -227.84182003937397
Expectation value:  -227.84182003937397
std_error: 0.17416774093678045
energy:  -227.84182003937397
layout:  [87, 88, 94, 107, 108, 109, 113, 128]
depth:  17
isa_depth:  132
n_observable:  89
n_chunks:  1
chunck_size:  89
1 / 1
partial expectation:  -227.85156126147754
metadata:  {'shots': 9024, 'target_precision': 0.010540925533894598, 'circuit_metadata': {}, 'resilience': {'zne': {'extrapolator': 'multiple'}}, 'num_randomizations': 32}
Final Estimator value:  -227.85156126147754
Expectation value:  -227.85156126147754
std_error: 0.14268676445356776
energy:  -227.85156126147754
layout:  [87, 88, 94, 107, 108, 109, 113, 128]
depth:  17
isa_depth:  132
n_observable:  89
n_chunks:  1
chunck_size:  89
1 / 1
partial expectation:  -227.88147725370632
metadata:  {'shots': 9024, 'target_precision': 0.010540925533894598, 'circuit_metadata': {}, 'resilience': {'zne': {'extrapolator': 'multiple'}}, 'num_randomizations': 32}
Final Estimator value:  -227.88147725370632
Expectation value:  -227.88147725370632
std_error: 0.1576570176976735
energy:  -227.88147725370632
layout:  [87, 88, 94, 107, 108, 109, 113, 128]
depth:  17
isa_depth:  132
n_observable:  89
n_chunks:  1
chunck_size:  89
1 / 1
partial expectation:  -227.7575916855798
metadata:  {'shots': 9024, 'target_precision': 0.010540925533894598, 'circuit_metadata': {}, 'resilience': {'zne': {'extrapolator': 'multiple'}}, 'num_randomizations': 32}
Final Estimator value:  -227.7575916855798
Expectation value:  -227.7575916855798
std_error: 0.1529346255280376
energy:  -227.7575916855798
layout:  [87, 88, 94, 107, 108, 109, 113, 128]
depth:  17
isa_depth:  132
n_observable:  89
n_chunks:  1
chunck_size:  89
1 / 1
partial expectation:  -227.76605978675383
metadata:  {'shots': 9024, 'target_precision': 0.010540925533894598, 'circuit_metadata': {}, 'resilience': {'zne': {'extrapolator': 'multiple'}}, 'num_randomizations': 32}
Final Estimator value:  -227.76605978675383
Expectation value:  -227.76605978675383
std_error: 0.12397809566953377
energy:  -227.76605978675383
layout:  [87, 88, 94, 107, 108, 109, 113, 128]
depth:  17
isa_depth:  132
n_observable:  89
n_chunks:  1
chunck_size:  89
1 / 1
partial expectation:  -227.73707607072294
metadata:  {'shots': 9024, 'target_precision': 0.010540925533894598, 'circuit_metadata': {}, 'resilience': {'zne': {'extrapolator': 'multiple'}}, 'num_randomizations': 32}
Final Estimator value:  -227.73707607072294
Expectation value:  -227.73707607072294
std_error: 0.1339262811393303
energy:  -227.73707607072294
layout:  [87, 88, 94, 107, 108, 109, 113, 128]
depth:  17
isa_depth:  132
n_observable:  89
n_chunks:  1
chunck_size:  89
1 / 1
partial expectation:  -227.85215223071154
metadata:  {'shots': 9024, 'target_precision': 0.010540925533894598, 'circuit_metadata': {}, 'resilience': {'zne': {'extrapolator': 'multiple'}}, 'num_randomizations': 32}
Final Estimator value:  -227.85215223071154
Expectation value:  -227.85215223071154
std_error: 0.1471548108459735
energy:  -227.85215223071154
layout:  [87, 88, 94, 107, 108, 109, 113, 128]
depth:  17
isa_depth:  132
n_observable:  89
n_chunks:  1
chunck_size:  89
1 / 1
partial expectation:  -227.93145710127757
metadata:  {'shots': 9024, 'target_precision': 0.010540925533894598, 'circuit_metadata': {}, 'resilience': {'zne': {'extrapolator': 'multiple'}}, 'num_randomizations': 32}
Final Estimator value:  -227.93145710127757
Expectation value:  -227.93145710127757
std_error: 0.15893636073021455
energy:  -227.93145710127757
layout:  [87, 88, 94, 107, 108, 109, 113, 128]
depth:  17
isa_depth:  132
n_observable:  89
n_chunks:  1
chunck_size:  89
1 / 1
partial expectation:  -227.87462069901954
metadata:  {'shots': 9024, 'target_precision': 0.010540925533894598, 'circuit_metadata': {}, 'resilience': {'zne': {'extrapolator': 'multiple'}}, 'num_randomizations': 32}
Final Estimator value:  -227.87462069901954
Expectation value:  -227.87462069901954
std_error: 0.16465443927488038
energy:  -227.87462069901954
layout:  [87, 88, 94, 107, 108, 109, 113, 128]
depth:  17
isa_depth:  132
n_observable:  89
n_chunks:  1
chunck_size:  89
1 / 1
partial expectation:  -227.81173040987773
metadata:  {'shots': 9024, 'target_precision': 0.010540925533894598, 'circuit_metadata': {}, 'resilience': {'zne': {'extrapolator': 'multiple'}}, 'num_randomizations': 32}
Final Estimator value:  -227.81173040987773
Expectation value:  -227.81173040987773
std_error: 0.14867618538857388
energy:  -227.81173040987773
layout:  [87, 88, 94, 107, 108, 109, 113, 128]
depth:  17
isa_depth:  132
n_observable:  89
n_chunks:  1
chunck_size:  89
1 / 1
partial expectation:  -227.92451636252855
metadata:  {'shots': 9024, 'target_precision': 0.010540925533894598, 'circuit_metadata': {}, 'resilience': {'zne': {'extrapolator': 'multiple'}}, 'num_randomizations': 32}
Final Estimator value:  -227.92451636252855
Expectation value:  -227.92451636252855
std_error: 0.1640192459104506
energy:  -227.92451636252855
layout:  [87, 88, 94, 107, 108, 109, 113, 128]
depth:  17
isa_depth:  132
n_observable:  89
n_chunks:  1
chunck_size:  89
1 / 1
partial expectation:  -227.83770516083632
metadata:  {'shots': 9024, 'target_precision': 0.010540925533894598, 'circuit_metadata': {}, 'resilience': {'zne': {'extrapolator': 'multiple'}}, 'num_randomizations': 32}
Final Estimator value:  -227.83770516083632
Expectation value:  -227.83770516083632
std_error: 0.13840519382987934
energy:  -227.83770516083632
layout:  [87, 88, 94, 107, 108, 109, 113, 128]
depth:  17
isa_depth:  132
n_observable:  89
n_chunks:  1
chunck_size:  89
1 / 1
partial expectation:  -227.85269630625987
metadata:  {'shots': 9024, 'target_precision': 0.010540925533894598, 'circuit_metadata': {}, 'resilience': {'zne': {'extrapolator': 'multiple'}}, 'num_randomizations': 32}
Final Estimator value:  -227.85269630625987
Expectation value:  -227.85269630625987
std_error: 0.12888588124134845
energy:  -227.85269630625987
layout:  [87, 88, 94, 107, 108, 109, 113, 128]
depth:  17
isa_depth:  132
n_observable:  89
n_chunks:  1
chunck_size:  89
1 / 1
partial expectation:  -227.84835697780795
metadata:  {'shots': 9024, 'target_precision': 0.010540925533894598, 'circuit_metadata': {}, 'resilience': {'zne': {'extrapolator': 'multiple'}}, 'num_randomizations': 32}
Final Estimator value:  -227.84835697780795
Expectation value:  -227.84835697780795
std_error: 0.11571071133302135
energy:  -227.84835697780795
layout:  [87, 88, 94, 107, 108, 109, 113, 128]
depth:  17
isa_depth:  132
n_observable:  89
n_chunks:  1
chunck_size:  89
1 / 1
partial expectation:  -227.92036691922004
metadata:  {'shots': 9024, 'target_precision': 0.010540925533894598, 'circuit_metadata': {}, 'resilience': {'zne': {'extrapolator': 'multiple'}}, 'num_randomizations': 32}
Final Estimator value:  -227.92036691922004
Expectation value:  -227.92036691922004
std_error: 0.15339941654591502
energy:  -227.92036691922004
layout:  [87, 88, 94, 107, 108, 109, 113, 128]
depth:  17
isa_depth:  132
n_observable:  89
n_chunks:  1
chunck_size:  89
1 / 1
partial expectation:  -227.9366023093485
metadata:  {'shots': 9024, 'target_precision': 0.010540925533894598, 'circuit_metadata': {}, 'resilience': {'zne': {'extrapolator': 'multiple'}}, 'num_randomizations': 32}
Final Estimator value:  -227.9366023093485
Expectation value:  -227.9366023093485
std_error: 0.16252480322207172
energy:  -227.9366023093485
layout:  [87, 88, 94, 107, 108, 109, 113, 128]
depth:  17
isa_depth:  132
n_observable:  89
n_chunks:  1
chunck_size:  89
1 / 1
partial expectation:  -227.95571197929002
metadata:  {'shots': 9024, 'target_precision': 0.010540925533894598, 'circuit_metadata': {}, 'resilience': {'zne': {'extrapolator': 'multiple'}}, 'num_randomizations': 32}
Final Estimator value:  -227.95571197929002
Expectation value:  -227.95571197929002
std_error: 0.14810229740198935
energy:  -227.95571197929002
layout:  [87, 88, 94, 107, 108, 109, 113, 128]
depth:  17
isa_depth:  132
n_observable:  89
n_chunks:  1
chunck_size:  89
1 / 1
partial expectation:  -227.84944199444965
metadata:  {'shots': 9024, 'target_precision': 0.010540925533894598, 'circuit_metadata': {}, 'resilience': {'zne': {'extrapolator': 'multiple'}}, 'num_randomizations': 32}
Final Estimator value:  -227.84944199444965
Expectation value:  -227.84944199444965
std_error: 0.14432584057022452
energy:  -227.84944199444965
layout:  [87, 88, 94, 107, 108, 109, 113, 128]
depth:  17
isa_depth:  132
n_observable:  89
n_chunks:  1
chunck_size:  89
1 / 1
partial expectation:  -227.84354234311294
metadata:  {'shots': 9024, 'target_precision': 0.010540925533894598, 'circuit_metadata': {}, 'resilience': {'zne': {'extrapolator': 'multiple'}}, 'num_randomizations': 32}
Final Estimator value:  -227.84354234311294
Expectation value:  -227.84354234311294
std_error: 0.14890676638559538
energy:  -227.84354234311294
layout:  [87, 88, 94, 107, 108, 109, 113, 128]
depth:  17
isa_depth:  132
n_observable:  89
n_chunks:  1
chunck_size:  89
1 / 1
partial expectation:  -227.86374946723924
metadata:  {'shots': 9024, 'target_precision': 0.010540925533894598, 'circuit_metadata': {}, 'resilience': {'zne': {'extrapolator': 'multiple'}}, 'num_randomizations': 32}
Final Estimator value:  -227.86374946723924
Expectation value:  -227.86374946723924
std_error: 0.14661586260988269
energy:  -227.86374946723924
layout:  [87, 88, 94, 107, 108, 109, 113, 128]
depth:  17
isa_depth:  132
n_observable:  89
n_chunks:  1
chunck_size:  89
1 / 1
partial expectation:  -227.8752435637908
metadata:  {'shots': 9024, 'target_precision': 0.010540925533894598, 'circuit_metadata': {}, 'resilience': {'zne': {'extrapolator': 'multiple'}}, 'num_randomizations': 32}
Final Estimator value:  -227.8752435637908
Expectation value:  -227.8752435637908
std_error: 0.15397059423857248
energy:  -227.8752435637908
layout:  [87, 88, 94, 107, 108, 109, 113, 128]
depth:  17
isa_depth:  132
n_observable:  89
n_chunks:  1
chunck_size:  89
1 / 1
partial expectation:  -227.86820768754245
metadata:  {'shots': 9024, 'target_precision': 0.010540925533894598, 'circuit_metadata': {}, 'resilience': {'zne': {'extrapolator': 'multiple'}}, 'num_randomizations': 32}
Final Estimator value:  -227.86820768754245
Expectation value:  -227.86820768754245
std_error: 0.12636147335423858
energy:  -227.86820768754245
layout:  [87, 88, 94, 107, 108, 109, 113, 128]
depth:  17
isa_depth:  132
n_observable:  89
n_chunks:  1
chunck_size:  89
1 / 1
partial expectation:  -227.81419166417524
metadata:  {'shots': 9024, 'target_precision': 0.010540925533894598, 'circuit_metadata': {}, 'resilience': {'zne': {'extrapolator': 'multiple'}}, 'num_randomizations': 32}
Final Estimator value:  -227.81419166417524
Expectation value:  -227.81419166417524
std_error: 0.1310966961737815
energy:  -227.81419166417524

Energy list
-227.9575819849141
-227.87058440032007
-227.90585430170248
-227.86257799918667
-227.77566071161274
-227.90278940474866
-227.8792232115497
-227.84182003937397
-227.85156126147754
-227.88147725370632
-227.7575916855798
-227.76605978675383
-227.73707607072294
-227.85215223071154
-227.93145710127757
-227.87462069901954
-227.81173040987773
-227.92451636252855
-227.83770516083632
-227.85269630625987
-227.84835697780795
-227.92036691922004
-227.9366023093485
-227.95571197929002
-227.84944199444965
-227.84354234311294
-227.86374946723924
-227.8752435637908
-227.86820768754245
-227.81419166417524
ave:  -227.86167170960456
