[-2.985357106918106, -2.9846781695715188]
[1j [X2 X3 Y4 X5], 1j [X0 X1 Y6 X7]]
N electrons 4
N Orbitals 4
backend:  ibm_torino
Initialize Single point
layout:  [113, 109, 108, 107, 94, 88, 89, 90]
depth:  8
isa_depth:  80
n_observable:  89
n_chunks:  1
chunck_size:  89
1 / 1
partial expectation:  -227.97559238698003
metadata:  {'shots': 9024, 'target_precision': 0.010540925533894598, 'circuit_metadata': {}, 'resilience': {'zne': {'extrapolator': 'multiple'}}, 'num_randomizations': 32}
Final Estimator value:  -227.97559238698003
Expectation value:  -227.97559238698003
std_error: 0.147183855984166
energy:  -227.97559238698003
layout:  [113, 109, 108, 107, 94, 88, 89, 90]
depth:  8
isa_depth:  74
n_observable:  89
n_chunks:  1
chunck_size:  89
1 / 1
partial expectation:  -227.94549675620817
metadata:  {'shots': 9024, 'target_precision': 0.010540925533894598, 'circuit_metadata': {}, 'resilience': {'zne': {'extrapolator': 'multiple'}}, 'num_randomizations': 32}
Final Estimator value:  -227.94549675620817
Expectation value:  -227.94549675620817
std_error: 0.15923677526424035
energy:  -227.94549675620817
layout:  [113, 109, 108, 107, 94, 88, 89, 90]
depth:  8
isa_depth:  80
n_observable:  89
n_chunks:  1
chunck_size:  89
1 / 1
partial expectation:  -227.97608838839753
metadata:  {'shots': 9024, 'target_precision': 0.010540925533894598, 'circuit_metadata': {}, 'resilience': {'zne': {'extrapolator': 'multiple'}}, 'num_randomizations': 32}
Final Estimator value:  -227.97608838839753
Expectation value:  -227.97608838839753
std_error: 0.133299923813658
energy:  -227.97608838839753
layout:  [113, 109, 108, 107, 94, 88, 89, 90]
depth:  8
isa_depth:  74
n_observable:  89
n_chunks:  1
chunck_size:  89
1 / 1
partial expectation:  -227.947058753973
metadata:  {'shots': 9024, 'target_precision': 0.010540925533894598, 'circuit_metadata': {}, 'resilience': {'zne': {'extrapolator': 'multiple'}}, 'num_randomizations': 32}
Final Estimator value:  -227.947058753973
Expectation value:  -227.947058753973
std_error: 0.1401242386424403
energy:  -227.947058753973
layout:  [113, 109, 108, 107, 94, 88, 89, 90]
depth:  8
isa_depth:  86
n_observable:  89
n_chunks:  1
chunck_size:  89
1 / 1
partial expectation:  -227.85428777093176
metadata:  {'shots': 9024, 'target_precision': 0.010540925533894598, 'circuit_metadata': {}, 'resilience': {'zne': {'extrapolator': 'multiple'}}, 'num_randomizations': 32}
Final Estimator value:  -227.85428777093176
Expectation value:  -227.85428777093176
std_error: 0.10268183508779313
energy:  -227.85428777093176
layout:  [113, 109, 108, 107, 94, 88, 89, 90]
depth:  8
isa_depth:  86
n_observable:  89
n_chunks:  1
chunck_size:  89
1 / 1
partial expectation:  -227.86555934717111
metadata:  {'shots': 9024, 'target_precision': 0.010540925533894598, 'circuit_metadata': {}, 'resilience': {'zne': {'extrapolator': 'multiple'}}, 'num_randomizations': 32}
Final Estimator value:  -227.86555934717111
Expectation value:  -227.86555934717111
std_error: 0.09878963032233826
energy:  -227.86555934717111
layout:  [113, 109, 108, 107, 94, 88, 89, 90]
depth:  8
isa_depth:  74
n_observable:  89
n_chunks:  1
chunck_size:  89
1 / 1
partial expectation:  -227.9879755753873
metadata:  {'shots': 9024, 'target_precision': 0.010540925533894598, 'circuit_metadata': {}, 'resilience': {'zne': {'extrapolator': 'multiple'}}, 'num_randomizations': 32}
Final Estimator value:  -227.9879755753873
Expectation value:  -227.9879755753873
std_error: 0.1520714698510322
energy:  -227.9879755753873
layout:  [113, 109, 108, 107, 94, 88, 89, 90]
depth:  8
isa_depth:  74
n_observable:  89
n_chunks:  1
chunck_size:  89
1 / 1
partial expectation:  -228.0108447644938
metadata:  {'shots': 9024, 'target_precision': 0.010540925533894598, 'circuit_metadata': {}, 'resilience': {'zne': {'extrapolator': 'multiple'}}, 'num_randomizations': 32}
Final Estimator value:  -228.0108447644938
Expectation value:  -228.0108447644938
std_error: 0.13394449695816005
energy:  -228.0108447644938
layout:  [113, 109, 108, 107, 94, 88, 89, 90]
depth:  8
isa_depth:  80
n_observable:  89
n_chunks:  1
chunck_size:  89
1 / 1
partial expectation:  -227.96069832174294
metadata:  {'shots': 9024, 'target_precision': 0.010540925533894598, 'circuit_metadata': {}, 'resilience': {'zne': {'extrapolator': 'multiple'}}, 'num_randomizations': 32}
Final Estimator value:  -227.96069832174294
Expectation value:  -227.96069832174294
std_error: 0.1360700714589075
energy:  -227.96069832174294
layout:  [113, 109, 108, 107, 94, 88, 89, 90]
depth:  8
isa_depth:  74
n_observable:  89
n_chunks:  1
chunck_size:  89
1 / 1
partial expectation:  -227.90260368319213
metadata:  {'shots': 9024, 'target_precision': 0.010540925533894598, 'circuit_metadata': {}, 'resilience': {'zne': {'extrapolator': 'multiple'}}, 'num_randomizations': 32}
Final Estimator value:  -227.90260368319213
Expectation value:  -227.90260368319213
std_error: 0.13862627156095977
energy:  -227.90260368319213
layout:  [113, 109, 108, 107, 94, 88, 89, 90]
depth:  8
isa_depth:  86
n_observable:  89
n_chunks:  1
chunck_size:  89
1 / 1
partial expectation:  -227.85172530037474
metadata:  {'shots': 9024, 'target_precision': 0.010540925533894598, 'circuit_metadata': {}, 'resilience': {'zne': {'extrapolator': 'multiple'}}, 'num_randomizations': 32}
Final Estimator value:  -227.85172530037474
Expectation value:  -227.85172530037474
std_error: 0.10308475781681792
energy:  -227.85172530037474
layout:  [113, 109, 108, 107, 94, 88, 89, 90]
depth:  8
isa_depth:  80
n_observable:  89
n_chunks:  1
chunck_size:  89
1 / 1
partial expectation:  -227.9578522749851
metadata:  {'shots': 9024, 'target_precision': 0.010540925533894598, 'circuit_metadata': {}, 'resilience': {'zne': {'extrapolator': 'multiple'}}, 'num_randomizations': 32}
Final Estimator value:  -227.9578522749851
Expectation value:  -227.9578522749851
std_error: 0.13772252790650213
energy:  -227.9578522749851
layout:  [113, 109, 108, 107, 94, 88, 89, 90]
depth:  8
isa_depth:  80
n_observable:  89
n_chunks:  1
chunck_size:  89
1 / 1
partial expectation:  -227.94031826444723
metadata:  {'shots': 9024, 'target_precision': 0.010540925533894598, 'circuit_metadata': {}, 'resilience': {'zne': {'extrapolator': 'multiple'}}, 'num_randomizations': 32}
Final Estimator value:  -227.94031826444723
Expectation value:  -227.94031826444723
std_error: 0.12952734811394603
energy:  -227.94031826444723
layout:  [113, 109, 108, 107, 94, 88, 89, 90]
depth:  8
isa_depth:  80
n_observable:  89
n_chunks:  1
chunck_size:  89
1 / 1
partial expectation:  -227.927808604227
metadata:  {'shots': 9024, 'target_precision': 0.010540925533894598, 'circuit_metadata': {}, 'resilience': {'zne': {'extrapolator': 'multiple'}}, 'num_randomizations': 32}
Final Estimator value:  -227.927808604227
Expectation value:  -227.927808604227
std_error: 0.13749663224222344
energy:  -227.927808604227
layout:  [113, 109, 108, 107, 94, 88, 89, 90]
depth:  8
isa_depth:  80
n_observable:  89
n_chunks:  1
chunck_size:  89
1 / 1
partial expectation:  -227.9432563786682
metadata:  {'shots': 9024, 'target_precision': 0.010540925533894598, 'circuit_metadata': {}, 'resilience': {'zne': {'extrapolator': 'multiple'}}, 'num_randomizations': 32}
Final Estimator value:  -227.9432563786682
Expectation value:  -227.9432563786682
std_error: 0.13386360881119683
energy:  -227.9432563786682
layout:  [113, 109, 108, 107, 94, 88, 89, 90]
depth:  8
isa_depth:  80
n_observable:  89
n_chunks:  1
chunck_size:  89
1 / 1
partial expectation:  -228.0078690899646
metadata:  {'shots': 9024, 'target_precision': 0.010540925533894598, 'circuit_metadata': {}, 'resilience': {'zne': {'extrapolator': 'multiple'}}, 'num_randomizations': 32}
Final Estimator value:  -228.0078690899646
Expectation value:  -228.0078690899646
std_error: 0.12427135981376104
energy:  -228.0078690899646
layout:  [113, 109, 108, 107, 94, 88, 89, 90]
depth:  8
isa_depth:  74
n_observable:  89
n_chunks:  1
chunck_size:  89
1 / 1
partial expectation:  -227.99730583369146
metadata:  {'shots': 9024, 'target_precision': 0.010540925533894598, 'circuit_metadata': {}, 'resilience': {'zne': {'extrapolator': 'multiple'}}, 'num_randomizations': 32}
Final Estimator value:  -227.99730583369146
Expectation value:  -227.99730583369146
std_error: 0.12331273634823113
energy:  -227.99730583369146
layout:  [113, 109, 108, 107, 94, 88, 89, 90]
depth:  8
isa_depth:  86
n_observable:  89
n_chunks:  1
chunck_size:  89
1 / 1
partial expectation:  -227.90304074719634
metadata:  {'shots': 9024, 'target_precision': 0.010540925533894598, 'circuit_metadata': {}, 'resilience': {'zne': {'extrapolator': 'multiple'}}, 'num_randomizations': 32}
Final Estimator value:  -227.90304074719634
Expectation value:  -227.90304074719634
std_error: 0.10076458457929881
energy:  -227.90304074719634
layout:  [113, 109, 108, 107, 94, 88, 89, 90]
depth:  8
isa_depth:  80
n_observable:  89
n_chunks:  1
chunck_size:  89
1 / 1
partial expectation:  -228.0022365393143
metadata:  {'shots': 9024, 'target_precision': 0.010540925533894598, 'circuit_metadata': {}, 'resilience': {'zne': {'extrapolator': 'multiple'}}, 'num_randomizations': 32}
Final Estimator value:  -228.0022365393143
Expectation value:  -228.0022365393143
std_error: 0.13390143606262436
energy:  -228.0022365393143
layout:  [113, 109, 108, 107, 94, 88, 89, 90]
depth:  8
isa_depth:  80
n_observable:  89
n_chunks:  1
chunck_size:  89
1 / 1
partial expectation:  -228.01111509913127
metadata:  {'shots': 9024, 'target_precision': 0.010540925533894598, 'circuit_metadata': {}, 'resilience': {'zne': {'extrapolator': 'multiple'}}, 'num_randomizations': 32}
Final Estimator value:  -228.01111509913127
Expectation value:  -228.01111509913127
std_error: 0.12789442090188852
energy:  -228.01111509913127
layout:  [113, 109, 108, 107, 94, 88, 89, 90]
depth:  8
isa_depth:  80
n_observable:  89
n_chunks:  1
chunck_size:  89
1 / 1
partial expectation:  -227.99137675080527
metadata:  {'shots': 9024, 'target_precision': 0.010540925533894598, 'circuit_metadata': {}, 'resilience': {'zne': {'extrapolator': 'multiple'}}, 'num_randomizations': 32}
Final Estimator value:  -227.99137675080527
Expectation value:  -227.99137675080527
std_error: 0.13058595626887518
energy:  -227.99137675080527
layout:  [113, 109, 108, 107, 94, 88, 89, 90]
depth:  8
isa_depth:  74
n_observable:  89
n_chunks:  1
chunck_size:  89
1 / 1
partial expectation:  -227.87666101088905
metadata:  {'shots': 9024, 'target_precision': 0.010540925533894598, 'circuit_metadata': {}, 'resilience': {'zne': {'extrapolator': 'multiple'}}, 'num_randomizations': 32}
Final Estimator value:  -227.87666101088905
Expectation value:  -227.87666101088905
std_error: 0.14068794182751213
energy:  -227.87666101088905
layout:  [113, 109, 108, 107, 94, 88, 89, 90]
depth:  8
isa_depth:  74
n_observable:  89
n_chunks:  1
chunck_size:  89
1 / 1
partial expectation:  -227.9239823912905
metadata:  {'shots': 9024, 'target_precision': 0.010540925533894598, 'circuit_metadata': {}, 'resilience': {'zne': {'extrapolator': 'multiple'}}, 'num_randomizations': 32}
Final Estimator value:  -227.9239823912905
Expectation value:  -227.9239823912905
std_error: 0.1545764765480767
energy:  -227.9239823912905
layout:  [113, 109, 108, 107, 94, 88, 89, 90]
depth:  8
isa_depth:  74
n_observable:  89
n_chunks:  1
chunck_size:  89
1 / 1
partial expectation:  -227.95352107455014
metadata:  {'shots': 9024, 'target_precision': 0.010540925533894598, 'circuit_metadata': {}, 'resilience': {'zne': {'extrapolator': 'multiple'}}, 'num_randomizations': 32}
Final Estimator value:  -227.95352107455014
Expectation value:  -227.95352107455014
std_error: 0.13018770009995947
energy:  -227.95352107455014
layout:  [113, 109, 108, 107, 94, 88, 89, 90]
depth:  8
isa_depth:  74
n_observable:  89
n_chunks:  1
chunck_size:  89
1 / 1
partial expectation:  -227.9627765415909
metadata:  {'shots': 9024, 'target_precision': 0.010540925533894598, 'circuit_metadata': {}, 'resilience': {'zne': {'extrapolator': 'multiple'}}, 'num_randomizations': 32}
Final Estimator value:  -227.9627765415909
Expectation value:  -227.9627765415909
std_error: 0.14609887482167713
energy:  -227.9627765415909
layout:  [113, 109, 108, 107, 94, 88, 89, 90]
depth:  8
isa_depth:  80
n_observable:  89
n_chunks:  1
chunck_size:  89
1 / 1
partial expectation:  -227.9635989815866
metadata:  {'shots': 9024, 'target_precision': 0.010540925533894598, 'circuit_metadata': {}, 'resilience': {'zne': {'extrapolator': 'multiple'}}, 'num_randomizations': 32}
Final Estimator value:  -227.9635989815866
Expectation value:  -227.9635989815866
std_error: 0.1440327332229689
energy:  -227.9635989815866
layout:  [113, 109, 108, 107, 94, 88, 89, 90]
depth:  8
isa_depth:  86
n_observable:  89
n_chunks:  1
chunck_size:  89
1 / 1
partial expectation:  -227.8613694946294
metadata:  {'shots': 9024, 'target_precision': 0.010540925533894598, 'circuit_metadata': {}, 'resilience': {'zne': {'extrapolator': 'multiple'}}, 'num_randomizations': 32}
Final Estimator value:  -227.8613694946294
Expectation value:  -227.8613694946294
std_error: 0.0952281307535741
energy:  -227.8613694946294
layout:  [113, 109, 108, 107, 94, 88, 89, 90]
depth:  8
isa_depth:  80
n_observable:  89
n_chunks:  1
chunck_size:  89
1 / 1
partial expectation:  -227.96153634258988
metadata:  {'shots': 9024, 'target_precision': 0.010540925533894598, 'circuit_metadata': {}, 'resilience': {'zne': {'extrapolator': 'multiple'}}, 'num_randomizations': 32}
Final Estimator value:  -227.96153634258988
Expectation value:  -227.96153634258988
std_error: 0.13686296897810268
energy:  -227.96153634258988
layout:  [113, 109, 108, 107, 94, 88, 89, 90]
depth:  8
isa_depth:  80
n_observable:  89
n_chunks:  1
chunck_size:  89
1 / 1
partial expectation:  -227.97699945501085
metadata:  {'shots': 9024, 'target_precision': 0.010540925533894598, 'circuit_metadata': {}, 'resilience': {'zne': {'extrapolator': 'multiple'}}, 'num_randomizations': 32}
Final Estimator value:  -227.97699945501085
Expectation value:  -227.97699945501085
std_error: 0.1311786289536298
energy:  -227.97699945501085
layout:  [113, 109, 108, 107, 94, 88, 89, 90]
depth:  8
isa_depth:  80
n_observable:  89
n_chunks:  1
chunck_size:  89
1 / 1
partial expectation:  -227.91960419997858
metadata:  {'shots': 9024, 'target_precision': 0.010540925533894598, 'circuit_metadata': {}, 'resilience': {'zne': {'extrapolator': 'multiple'}}, 'num_randomizations': 32}
Final Estimator value:  -227.91960419997858
Expectation value:  -227.91960419997858
std_error: 0.12225260214146404
energy:  -227.91960419997858

Energy list
-227.97559238698003
-227.94549675620817
-227.97608838839753
-227.947058753973
-227.85428777093176
-227.86555934717111
-227.9879755753873
-228.0108447644938
-227.96069832174294
-227.90260368319213
-227.85172530037474
-227.9578522749851
-227.94031826444723
-227.927808604227
-227.9432563786682
-228.0078690899646
-227.99730583369146
-227.90304074719634
-228.0022365393143
-228.01111509913127
-227.99137675080527
-227.87666101088905
-227.9239823912905
-227.95352107455014
-227.9627765415909
-227.9635989815866
-227.8613694946294
-227.96153634258988
-227.97699945501085
-227.91960419997858
ave:  -227.94533867078
