/Users/abel/.virtualenvs/vqe_alternative/bin/python /Users/abel/PycharmProjects/VQEmulti/examples/benzene/paper/trotter/single_point_restart.py
[-2.9860051997627375, -2.9887003361754942, -3.252539102511247, 3.239354657064994, -3.2035333318887926, -3.1898268033215156, -3.1924952825081006]
[1j [X2 X3 Y4 X5], 1j [X0 X1 Y6 X7], 1j [X1 Y2 X5 X6], 1j [X0 Z1 Z2 X3 Y4 Z5 Z6 X7], 1j [Y2 Y3 Y6 X7], 1j [Y0 X1 X4 X5], 0.9999999999999999j [Y0 Z1 X2 X4 Z5 X6]]
N electrons 4
N Orbitals 4
backend:  ibm_torino
Initialize Single point
layout:  [113, 109, 108, 107, 94, 88, 89, 90]
depth:  54
isa_depth:  253
n_observable:  89
n_chunks:  1
chunck_size:  89
1 / 1
partial expectation:  -227.78662546353777
metadata:  {'shots': 9024, 'target_precision': 0.010540925533894598, 'circuit_metadata': {}, 'resilience': {'zne': {'extrapolator': 'multiple'}}, 'num_randomizations': 32}
Final Estimator value:  -227.78662546353777
Expectation value:  -227.78662546353777
std_error: 0.14573620074649798
energy:  -227.78662546353777
layout:  [113, 109, 108, 107, 94, 88, 89, 90]
depth:  54
isa_depth:  253
n_observable:  89
n_chunks:  1
chunck_size:  89
1 / 1
partial expectation:  -227.77034375428389
metadata:  {'shots': 9024, 'target_precision': 0.010540925533894598, 'circuit_metadata': {}, 'resilience': {'zne': {'extrapolator': 'multiple'}}, 'num_randomizations': 32}
Final Estimator value:  -227.77034375428389
Expectation value:  -227.77034375428389
std_error: 0.1329646246699876
energy:  -227.77034375428389
layout:  [113, 109, 108, 107, 94, 88, 89, 90]
depth:  54
isa_depth:  253
n_observable:  89
n_chunks:  1
chunck_size:  89
1 / 1
partial expectation:  -227.67077252316886
metadata:  {'shots': 9024, 'target_precision': 0.010540925533894598, 'circuit_metadata': {}, 'resilience': {'zne': {'extrapolator': 'multiple'}}, 'num_randomizations': 32}
Final Estimator value:  -227.67077252316886
Expectation value:  -227.67077252316886
std_error: 0.1437535699534636
energy:  -227.67077252316886
layout:  [113, 109, 108, 107, 94, 88, 89, 90]
depth:  54
isa_depth:  253
n_observable:  89
n_chunks:  1
chunck_size:  89
1 / 1
partial expectation:  -227.82686740133795
metadata:  {'shots': 9024, 'target_precision': 0.010540925533894598, 'circuit_metadata': {}, 'resilience': {'zne': {'extrapolator': 'multiple'}}, 'num_randomizations': 32}
Final Estimator value:  -227.82686740133795
Expectation value:  -227.82686740133795
std_error: 0.14201623730462618
energy:  -227.82686740133795
layout:  [113, 109, 108, 107, 94, 88, 89, 90]
depth:  54
isa_depth:  253
n_observable:  89
n_chunks:  1
chunck_size:  89
1 / 1
partial expectation:  -227.82009471028374
metadata:  {'shots': 9024, 'target_precision': 0.010540925533894598, 'circuit_metadata': {}, 'resilience': {'zne': {'extrapolator': 'multiple'}}, 'num_randomizations': 32}
Final Estimator value:  -227.82009471028374
Expectation value:  -227.82009471028374
std_error: 0.15600481207284594
energy:  -227.82009471028374
layout:  [113, 109, 108, 107, 94, 88, 89, 90]
depth:  54
isa_depth:  253
n_observable:  89
n_chunks:  1
chunck_size:  89
1 / 1
partial expectation:  -227.62875822047127
metadata:  {'shots': 9024, 'target_precision': 0.010540925533894598, 'circuit_metadata': {}, 'resilience': {'zne': {'extrapolator': 'multiple'}}, 'num_randomizations': 32}
Final Estimator value:  -227.62875822047127
Expectation value:  -227.62875822047127
std_error: 0.15792846567020938
energy:  -227.62875822047127
layout:  [113, 109, 108, 107, 94, 88, 89, 90]
depth:  54
isa_depth:  253
n_observable:  89
n_chunks:  1
chunck_size:  89
1 / 1
partial expectation:  -227.7447926425496
metadata:  {'shots': 9024, 'target_precision': 0.010540925533894598, 'circuit_metadata': {}, 'resilience': {'zne': {'extrapolator': 'multiple'}}, 'num_randomizations': 32}
Final Estimator value:  -227.7447926425496
Expectation value:  -227.7447926425496
std_error: 0.15104447369960392
energy:  -227.7447926425496
layout:  [113, 109, 108, 107, 94, 88, 89, 90]
depth:  54
isa_depth:  253
n_observable:  89
n_chunks:  1
chunck_size:  89
1 / 1
partial expectation:  -227.82421873738562
metadata:  {'shots': 9024, 'target_precision': 0.010540925533894598, 'circuit_metadata': {}, 'resilience': {'zne': {'extrapolator': 'multiple'}}, 'num_randomizations': 32}
Final Estimator value:  -227.82421873738562
Expectation value:  -227.82421873738562
std_error: 0.13222481617223555
energy:  -227.82421873738562
layout:  [113, 109, 108, 107, 94, 88, 89, 90]
depth:  54
isa_depth:  253
n_observable:  89
n_chunks:  1
chunck_size:  89
1 / 1
partial expectation:  -228.07139829218193
metadata:  {'shots': 9024, 'target_precision': 0.010540925533894598, 'circuit_metadata': {}, 'resilience': {'zne': {'extrapolator': 'multiple'}}, 'num_randomizations': 32}
Final Estimator value:  -228.07139829218193
Expectation value:  -228.07139829218193
std_error: 0.11621147197458538
energy:  -228.07139829218193
layout:  [113, 109, 108, 107, 94, 88, 89, 90]
depth:  54
isa_depth:  253
n_observable:  89
n_chunks:  1
chunck_size:  89
1 / 1
partial expectation:  -227.82086679336547
metadata:  {'shots': 9024, 'target_precision': 0.010540925533894598, 'circuit_metadata': {}, 'resilience': {'zne': {'extrapolator': 'multiple'}}, 'num_randomizations': 32}
Final Estimator value:  -227.82086679336547
Expectation value:  -227.82086679336547
std_error: 0.13655005401447903
energy:  -227.82086679336547
layout:  [113, 109, 108, 107, 94, 88, 89, 90]
depth:  54
isa_depth:  253
n_observable:  89
n_chunks:  1
chunck_size:  89
1 / 1
partial expectation:  -227.97987898505056
metadata:  {'shots': 9024, 'target_precision': 0.010540925533894598, 'circuit_metadata': {}, 'resilience': {'zne': {'extrapolator': 'multiple'}}, 'num_randomizations': 32}
Final Estimator value:  -227.97987898505056
Expectation value:  -227.97987898505056
std_error: 0.16484187892418214
energy:  -227.97987898505056
layout:  [113, 109, 108, 107, 94, 88, 89, 90]
depth:  54
isa_depth:  253
n_observable:  89
n_chunks:  1
chunck_size:  89
1 / 1
partial expectation:  -227.54130175570978
metadata:  {'shots': 9024, 'target_precision': 0.010540925533894598, 'circuit_metadata': {}, 'resilience': {'zne': {'extrapolator': 'multiple'}}, 'num_randomizations': 32}
Final Estimator value:  -227.54130175570978
Expectation value:  -227.54130175570978
std_error: 0.1403532974666546
energy:  -227.54130175570978
layout:  [113, 109, 108, 107, 94, 88, 89, 90]
depth:  54
isa_depth:  253
n_observable:  89
n_chunks:  1
chunck_size:  89
1 / 1
partial expectation:  -227.7590502342443
metadata:  {'shots': 9024, 'target_precision': 0.010540925533894598, 'circuit_metadata': {}, 'resilience': {'zne': {'extrapolator': 'multiple'}}, 'num_randomizations': 32}
Final Estimator value:  -227.7590502342443
Expectation value:  -227.7590502342443
std_error: 0.15123034283234998
energy:  -227.7590502342443
layout:  [113, 109, 108, 107, 94, 88, 89, 90]
depth:  54
isa_depth:  253
n_observable:  89
n_chunks:  1
chunck_size:  89
1 / 1
partial expectation:  -227.82296929859484
metadata:  {'shots': 9024, 'target_precision': 0.010540925533894598, 'circuit_metadata': {}, 'resilience': {'zne': {'extrapolator': 'multiple'}}, 'num_randomizations': 32}
Final Estimator value:  -227.82296929859484
Expectation value:  -227.82296929859484
std_error: 0.12619298408137353
energy:  -227.82296929859484
layout:  [113, 109, 108, 107, 94, 88, 89, 90]
depth:  54
isa_depth:  253
n_observable:  89
n_chunks:  1
chunck_size:  89
1 / 1
partial expectation:  -227.6074304322857
metadata:  {'shots': 9024, 'target_precision': 0.010540925533894598, 'circuit_metadata': {}, 'resilience': {'zne': {'extrapolator': 'multiple'}}, 'num_randomizations': 32}
Final Estimator value:  -227.6074304322857
Expectation value:  -227.6074304322857
std_error: 0.1297557805084407
energy:  -227.6074304322857
layout:  [113, 109, 108, 107, 94, 88, 89, 90]
depth:  54
isa_depth:  253
n_observable:  89
n_chunks:  1
chunck_size:  89
1 / 1
partial expectation:  -227.90716524176315
metadata:  {'shots': 9024, 'target_precision': 0.010540925533894598, 'circuit_metadata': {}, 'resilience': {'zne': {'extrapolator': 'multiple'}}, 'num_randomizations': 32}
Final Estimator value:  -227.90716524176315
Expectation value:  -227.90716524176315
std_error: 0.14260781921092944
energy:  -227.90716524176315
layout:  [113, 109, 108, 107, 94, 88, 89, 90]
depth:  54
isa_depth:  253
n_observable:  89
n_chunks:  1
chunck_size:  89
1 / 1
partial expectation:  -227.93167930569084
metadata:  {'shots': 9024, 'target_precision': 0.010540925533894598, 'circuit_metadata': {}, 'resilience': {'zne': {'extrapolator': 'multiple'}}, 'num_randomizations': 32}
Final Estimator value:  -227.93167930569084
Expectation value:  -227.93167930569084
std_error: 0.13753003060793198
energy:  -227.93167930569084
layout:  [113, 109, 108, 107, 94, 88, 89, 90]
depth:  54
isa_depth:  253
n_observable:  89
n_chunks:  1
chunck_size:  89
1 / 1
partial expectation:  -228.0297230801743
metadata:  {'shots': 9024, 'target_precision': 0.010540925533894598, 'circuit_metadata': {}, 'resilience': {'zne': {'extrapolator': 'multiple'}}, 'num_randomizations': 32}
Final Estimator value:  -228.0297230801743
Expectation value:  -228.0297230801743
std_error: 0.12166811625575039
energy:  -228.0297230801743
layout:  [113, 109, 108, 107, 94, 88, 89, 90]
depth:  54
isa_depth:  253
n_observable:  89
n_chunks:  1
chunck_size:  89
1 / 1
partial expectation:  -227.84301870509609
metadata:  {'shots': 9024, 'target_precision': 0.010540925533894598, 'circuit_metadata': {}, 'resilience': {'zne': {'extrapolator': 'multiple'}}, 'num_randomizations': 32}
Final Estimator value:  -227.84301870509609
Expectation value:  -227.84301870509609
std_error: 0.12591893802779833
energy:  -227.84301870509609
layout:  [113, 109, 108, 107, 94, 88, 89, 90]
depth:  54
isa_depth:  253
n_observable:  89
n_chunks:  1
chunck_size:  89
1 / 1
partial expectation:  -227.67010155859543
metadata:  {'shots': 9024, 'target_precision': 0.010540925533894598, 'circuit_metadata': {}, 'resilience': {'zne': {'extrapolator': 'multiple'}}, 'num_randomizations': 32}
Final Estimator value:  -227.67010155859543
Expectation value:  -227.67010155859543
std_error: 0.13443689334373335
energy:  -227.67010155859543
layout:  [113, 109, 108, 107, 94, 88, 89, 90]
depth:  54
isa_depth:  253
n_observable:  89
n_chunks:  1
chunck_size:  89
1 / 1
partial expectation:  -227.60383411330244
metadata:  {'shots': 9024, 'target_precision': 0.010540925533894598, 'circuit_metadata': {}, 'resilience': {'zne': {'extrapolator': 'multiple'}}, 'num_randomizations': 32}
Final Estimator value:  -227.60383411330244
Expectation value:  -227.60383411330244
std_error: 0.14104654086494767
energy:  -227.60383411330244
layout:  [113, 109, 108, 107, 94, 88, 89, 90]
depth:  54
isa_depth:  253
n_observable:  89
n_chunks:  1
chunck_size:  89
1 / 1
partial expectation:  -228.01826666139297
metadata:  {'shots': 9024, 'target_precision': 0.010540925533894598, 'circuit_metadata': {}, 'resilience': {'zne': {'extrapolator': 'multiple'}}, 'num_randomizations': 32}
Final Estimator value:  -228.01826666139297
Expectation value:  -228.01826666139297
std_error: 0.14126369600115443
energy:  -228.01826666139297
layout:  [113, 109, 108, 107, 94, 88, 89, 90]
depth:  54
isa_depth:  253
n_observable:  89
n_chunks:  1
chunck_size:  89
1 / 1
partial expectation:  -227.93202489075284
metadata:  {'shots': 9024, 'target_precision': 0.010540925533894598, 'circuit_metadata': {}, 'resilience': {'zne': {'extrapolator': 'multiple'}}, 'num_randomizations': 32}
Final Estimator value:  -227.93202489075284
Expectation value:  -227.93202489075284
std_error: 0.1432671372882291
energy:  -227.93202489075284
layout:  [113, 109, 108, 107, 94, 88, 89, 90]
depth:  54
isa_depth:  253
n_observable:  89
n_chunks:  1
chunck_size:  89
1 / 1
partial expectation:  -228.09569688697655
metadata:  {'shots': 9024, 'target_precision': 0.010540925533894598, 'circuit_metadata': {}, 'resilience': {'zne': {'extrapolator': 'multiple'}}, 'num_randomizations': 32}
Final Estimator value:  -228.09569688697655
Expectation value:  -228.09569688697655
std_error: 0.11903990010166456
energy:  -228.09569688697655
layout:  [113, 109, 108, 107, 94, 88, 89, 90]
depth:  54
isa_depth:  253
n_observable:  89
n_chunks:  1
chunck_size:  89
1 / 1
partial expectation:  -227.93974662429648
metadata:  {'shots': 9024, 'target_precision': 0.010540925533894598, 'circuit_metadata': {}, 'resilience': {'zne': {'extrapolator': 'multiple'}}, 'num_randomizations': 32}
Final Estimator value:  -227.93974662429648
Expectation value:  -227.93974662429648
std_error: 0.12816207383669603
energy:  -227.93974662429648
layout:  [113, 109, 108, 107, 94, 88, 89, 90]
depth:  54
isa_depth:  253
n_observable:  89
n_chunks:  1
chunck_size:  89
1 / 1
partial expectation:  -228.00044663488072
metadata:  {'shots': 9024, 'target_precision': 0.010540925533894598, 'circuit_metadata': {}, 'resilience': {'zne': {'extrapolator': 'multiple'}}, 'num_randomizations': 32}
Final Estimator value:  -228.00044663488072
Expectation value:  -228.00044663488072
std_error: 0.1392183689701091
energy:  -228.00044663488072
layout:  [113, 109, 108, 107, 94, 88, 89, 90]
depth:  54
isa_depth:  253
n_observable:  89
n_chunks:  1
chunck_size:  89
1 / 1
partial expectation:  -227.8034648166453
metadata:  {'shots': 9024, 'target_precision': 0.010540925533894598, 'circuit_metadata': {}, 'resilience': {'zne': {'extrapolator': 'multiple'}}, 'num_randomizations': 32}
Final Estimator value:  -227.8034648166453
Expectation value:  -227.8034648166453
std_error: 0.14554971520516014
energy:  -227.8034648166453
layout:  [113, 109, 108, 107, 94, 88, 89, 90]
depth:  54
isa_depth:  253
n_observable:  89
n_chunks:  1
chunck_size:  89
1 / 1
partial expectation:  -228.1856416270673
metadata:  {'shots': 9024, 'target_precision': 0.010540925533894598, 'circuit_metadata': {}, 'resilience': {'zne': {'extrapolator': 'multiple'}}, 'num_randomizations': 32}
Final Estimator value:  -228.1856416270673
Expectation value:  -228.1856416270673
std_error: 0.11632756300282512
energy:  -228.1856416270673
layout:  [113, 109, 108, 107, 94, 88, 89, 90]
depth:  54
isa_depth:  253
n_observable:  89
n_chunks:  1
chunck_size:  89
1 / 1
partial expectation:  -227.92247687894258
metadata:  {'shots': 9024, 'target_precision': 0.010540925533894598, 'circuit_metadata': {}, 'resilience': {'zne': {'extrapolator': 'multiple'}}, 'num_randomizations': 32}
Final Estimator value:  -227.92247687894258
Expectation value:  -227.92247687894258
std_error: 0.15876873328411875
energy:  -227.92247687894258
layout:  [113, 109, 108, 107, 94, 88, 89, 90]
depth:  54
isa_depth:  253
n_observable:  89
n_chunks:  1
chunck_size:  89
1 / 1
partial expectation:  -228.13278282925188
metadata:  {'shots': 9024, 'target_precision': 0.010540925533894598, 'circuit_metadata': {}, 'resilience': {'zne': {'extrapolator': 'multiple'}}, 'num_randomizations': 32}
Final Estimator value:  -228.13278282925188
Expectation value:  -228.13278282925188
std_error: 0.14223974781301343
energy:  -228.13278282925188

Energy list
-227.78662546353777
-227.77034375428389
-227.67077252316886
-227.82686740133795
-227.82009471028374
-227.62875822047127
-227.7447926425496
-227.82421873738562
-228.07139829218193
-227.82086679336547
-227.97987898505056
-227.54130175570978
-227.7590502342443
-227.82296929859484
-227.6074304322857
-227.90716524176315
-227.93167930569084
-228.0297230801743
-227.84301870509609
-227.67010155859543
-227.60383411330244
-228.01826666139297
-227.93202489075284
-228.09569688697655
-227.93974662429648
-228.00044663488072
-227.8034648166453
-228.1856416270673
-227.92247687894258
-228.13278282925188
ave:  -227.85638130330932
