[-2.986985376744087, -2.986886878183566, -3.0265792670022282, -3.242249052842433, -3.083542882445734, -3.1996649498046525]
[1j [X2 X3 Y4 X5], 1j [X0 X1 Y6 X7], 1j [X0 Z1 Z2 X3 Y4 Z5 Z6 X7], 1j [X1 Y2 X5 X6], 1j [X2 X3 Y6 X7], 1j [X0 Y1 X4 X5]]
N electrons 4
N Orbitals 4
backend:  ibm_torino
Initialize Single point
layout:  [113, 109, 108, 107, 94, 88, 89, 90]
depth:  41
isa_depth:  215
n_observable:  89
n_chunks:  1
chunck_size:  89
1 / 1
partial expectation:  -227.85102549345683
metadata:  {'shots': 9024, 'target_precision': 0.010540925533894598, 'circuit_metadata': {}, 'resilience': {'zne': {'extrapolator': 'multiple'}}, 'num_randomizations': 32}
Final Estimator value:  -227.85102549345683
Expectation value:  -227.85102549345683
std_error: 0.1364927598029537
energy:  -227.85102549345683
layout:  [113, 109, 108, 107, 94, 88, 89, 90]
depth:  41
isa_depth:  215
n_observable:  89
n_chunks:  1
chunck_size:  89
1 / 1
partial expectation:  -227.9588422631231
metadata:  {'shots': 9024, 'target_precision': 0.010540925533894598, 'circuit_metadata': {}, 'resilience': {'zne': {'extrapolator': 'multiple'}}, 'num_randomizations': 32}
Final Estimator value:  -227.9588422631231
Expectation value:  -227.9588422631231
std_error: 0.14362322362567523
energy:  -227.9588422631231
layout:  [113, 109, 108, 107, 94, 88, 89, 90]
depth:  41
isa_depth:  215
n_observable:  89
n_chunks:  1
chunck_size:  89
1 / 1
partial expectation:  -227.70522005137968
metadata:  {'shots': 9024, 'target_precision': 0.010540925533894598, 'circuit_metadata': {}, 'resilience': {'zne': {'extrapolator': 'multiple'}}, 'num_randomizations': 32}
Final Estimator value:  -227.70522005137968
Expectation value:  -227.70522005137968
std_error: 0.15519971837056995
energy:  -227.70522005137968
layout:  [113, 109, 108, 107, 94, 88, 89, 90]
depth:  41
isa_depth:  215
n_observable:  89
n_chunks:  1
chunck_size:  89
1 / 1
partial expectation:  -227.8331111935078
metadata:  {'shots': 9024, 'target_precision': 0.010540925533894598, 'circuit_metadata': {}, 'resilience': {'zne': {'extrapolator': 'multiple'}}, 'num_randomizations': 32}
Final Estimator value:  -227.8331111935078
Expectation value:  -227.8331111935078
std_error: 0.15029313970438687
energy:  -227.8331111935078
layout:  [113, 109, 108, 107, 94, 88, 89, 90]
depth:  41
isa_depth:  215
n_observable:  89
n_chunks:  1
chunck_size:  89
1 / 1
partial expectation:  -227.852530174701
metadata:  {'shots': 9024, 'target_precision': 0.010540925533894598, 'circuit_metadata': {}, 'resilience': {'zne': {'extrapolator': 'multiple'}}, 'num_randomizations': 32}
Final Estimator value:  -227.852530174701
Expectation value:  -227.852530174701
std_error: 0.1467709625208129
energy:  -227.852530174701
layout:  [113, 109, 108, 107, 94, 88, 89, 90]
depth:  41
isa_depth:  215
n_observable:  89
n_chunks:  1
chunck_size:  89
1 / 1
partial expectation:  -227.86139069494664
metadata:  {'shots': 9024, 'target_precision': 0.010540925533894598, 'circuit_metadata': {}, 'resilience': {'zne': {'extrapolator': 'multiple'}}, 'num_randomizations': 32}
Final Estimator value:  -227.86139069494664
Expectation value:  -227.86139069494664
std_error: 0.16577136108336102
energy:  -227.86139069494664
layout:  [113, 109, 108, 107, 94, 88, 89, 90]
depth:  41
isa_depth:  215
n_observable:  89
n_chunks:  1
chunck_size:  89
1 / 1
partial expectation:  -227.99373432181045
metadata:  {'shots': 9024, 'target_precision': 0.010540925533894598, 'circuit_metadata': {}, 'resilience': {'zne': {'extrapolator': 'multiple'}}, 'num_randomizations': 32}
Final Estimator value:  -227.99373432181045
Expectation value:  -227.99373432181045
std_error: 0.14321303403731617
energy:  -227.99373432181045
layout:  [113, 109, 108, 107, 94, 88, 89, 90]
depth:  41
isa_depth:  215
n_observable:  89
n_chunks:  1
chunck_size:  89
1 / 1
partial expectation:  -228.03381043693057
metadata:  {'shots': 9024, 'target_precision': 0.010540925533894598, 'circuit_metadata': {}, 'resilience': {'zne': {'extrapolator': 'multiple'}}, 'num_randomizations': 32}
Final Estimator value:  -228.03381043693057
Expectation value:  -228.03381043693057
std_error: 0.15349169550104264
energy:  -228.03381043693057
layout:  [113, 109, 108, 107, 94, 88, 89, 90]
depth:  41
isa_depth:  215
n_observable:  89
n_chunks:  1
chunck_size:  89
1 / 1
partial expectation:  -227.927334250108
metadata:  {'shots': 9024, 'target_precision': 0.010540925533894598, 'circuit_metadata': {}, 'resilience': {'zne': {'extrapolator': 'multiple'}}, 'num_randomizations': 32}
Final Estimator value:  -227.927334250108
Expectation value:  -227.927334250108
std_error: 0.1538839728702636
energy:  -227.927334250108
layout:  [113, 109, 108, 107, 94, 88, 89, 90]
depth:  41
isa_depth:  215
n_observable:  89
n_chunks:  1
chunck_size:  89
1 / 1
partial expectation:  -227.99024824619406
metadata:  {'shots': 9024, 'target_precision': 0.010540925533894598, 'circuit_metadata': {}, 'resilience': {'zne': {'extrapolator': 'multiple'}}, 'num_randomizations': 32}
Final Estimator value:  -227.99024824619406
Expectation value:  -227.99024824619406
std_error: 0.16508209097300683
energy:  -227.99024824619406
layout:  [113, 109, 108, 107, 94, 88, 89, 90]
depth:  41
isa_depth:  215
n_observable:  89
n_chunks:  1
chunck_size:  89
1 / 1
partial expectation:  -227.8745576680835
metadata:  {'shots': 9024, 'target_precision': 0.010540925533894598, 'circuit_metadata': {}, 'resilience': {'zne': {'extrapolator': 'multiple'}}, 'num_randomizations': 32}
Final Estimator value:  -227.8745576680835
Expectation value:  -227.8745576680835
std_error: 0.1297139819480988
energy:  -227.8745576680835
layout:  [113, 109, 108, 107, 94, 88, 89, 90]
depth:  41
isa_depth:  215
n_observable:  89
n_chunks:  1
chunck_size:  89
1 / 1
partial expectation:  -227.8268770624981
metadata:  {'shots': 9024, 'target_precision': 0.010540925533894598, 'circuit_metadata': {}, 'resilience': {'zne': {'extrapolator': 'multiple'}}, 'num_randomizations': 32}
Final Estimator value:  -227.8268770624981
Expectation value:  -227.8268770624981
std_error: 0.14756455093985896
energy:  -227.8268770624981
layout:  [113, 109, 108, 107, 94, 88, 89, 90]
depth:  41
isa_depth:  215
n_observable:  89
n_chunks:  1
chunck_size:  89
1 / 1
partial expectation:  -227.79931875605627
metadata:  {'shots': 9024, 'target_precision': 0.010540925533894598, 'circuit_metadata': {}, 'resilience': {'zne': {'extrapolator': 'multiple'}}, 'num_randomizations': 32}
Final Estimator value:  -227.79931875605627
Expectation value:  -227.79931875605627
std_error: 0.14312954157846677
energy:  -227.79931875605627
layout:  [113, 109, 108, 107, 94, 88, 89, 90]
depth:  41
isa_depth:  215
n_observable:  89
n_chunks:  1
chunck_size:  89
1 / 1
partial expectation:  -227.70836130085846
metadata:  {'shots': 9024, 'target_precision': 0.010540925533894598, 'circuit_metadata': {}, 'resilience': {'zne': {'extrapolator': 'multiple'}}, 'num_randomizations': 32}
Final Estimator value:  -227.70836130085846
Expectation value:  -227.70836130085846
std_error: 0.15306491979055722
energy:  -227.70836130085846
layout:  [113, 109, 108, 107, 94, 88, 89, 90]
depth:  41
isa_depth:  215
n_observable:  89
n_chunks:  1
chunck_size:  89
1 / 1
partial expectation:  -228.04147267846045
metadata:  {'shots': 9024, 'target_precision': 0.010540925533894598, 'circuit_metadata': {}, 'resilience': {'zne': {'extrapolator': 'multiple'}}, 'num_randomizations': 32}
Final Estimator value:  -228.04147267846045
Expectation value:  -228.04147267846045
std_error: 0.13558479945215626
energy:  -228.04147267846045
layout:  [113, 109, 108, 107, 94, 88, 89, 90]
depth:  41
isa_depth:  215
n_observable:  89
n_chunks:  1
chunck_size:  89
1 / 1
partial expectation:  -227.91659832265944
metadata:  {'shots': 9024, 'target_precision': 0.010540925533894598, 'circuit_metadata': {}, 'resilience': {'zne': {'extrapolator': 'multiple'}}, 'num_randomizations': 32}
Final Estimator value:  -227.91659832265944
Expectation value:  -227.91659832265944
std_error: 0.16071699207913454
energy:  -227.91659832265944
layout:  [113, 109, 108, 107, 94, 88, 89, 90]
depth:  41
isa_depth:  215
n_observable:  89
n_chunks:  1
chunck_size:  89
1 / 1
partial expectation:  -227.81767827662964
metadata:  {'shots': 9024, 'target_precision': 0.010540925533894598, 'circuit_metadata': {}, 'resilience': {'zne': {'extrapolator': 'multiple'}}, 'num_randomizations': 32}
Final Estimator value:  -227.81767827662964
Expectation value:  -227.81767827662964
std_error: 0.16144975571343656
energy:  -227.81767827662964
layout:  [113, 109, 108, 107, 94, 88, 89, 90]
depth:  41
isa_depth:  215
n_observable:  89
n_chunks:  1
chunck_size:  89
1 / 1
partial expectation:  -227.82293617923062
metadata:  {'shots': 9024, 'target_precision': 0.010540925533894598, 'circuit_metadata': {}, 'resilience': {'zne': {'extrapolator': 'multiple'}}, 'num_randomizations': 32}
Final Estimator value:  -227.82293617923062
Expectation value:  -227.82293617923062
std_error: 0.13351374197730126
energy:  -227.82293617923062
layout:  [113, 109, 108, 107, 94, 88, 89, 90]
depth:  41
isa_depth:  215
n_observable:  89
n_chunks:  1
chunck_size:  89
1 / 1
partial expectation:  -227.80438266678956
metadata:  {'shots': 9024, 'target_precision': 0.010540925533894598, 'circuit_metadata': {}, 'resilience': {'zne': {'extrapolator': 'multiple'}}, 'num_randomizations': 32}
Final Estimator value:  -227.80438266678956
Expectation value:  -227.80438266678956
std_error: 0.16454106747940223
energy:  -227.80438266678956
layout:  [113, 109, 108, 107, 94, 88, 89, 90]
depth:  41
isa_depth:  215
n_observable:  89
n_chunks:  1
chunck_size:  89
1 / 1
partial expectation:  -227.9321809136263
metadata:  {'shots': 9024, 'target_precision': 0.010540925533894598, 'circuit_metadata': {}, 'resilience': {'zne': {'extrapolator': 'multiple'}}, 'num_randomizations': 32}
Final Estimator value:  -227.9321809136263
Expectation value:  -227.9321809136263
std_error: 0.16779397226806925
energy:  -227.9321809136263
layout:  [113, 109, 108, 107, 94, 88, 89, 90]
depth:  41
isa_depth:  215
n_observable:  89
n_chunks:  1
chunck_size:  89
1 / 1
partial expectation:  -227.764283587263
metadata:  {'shots': 9024, 'target_precision': 0.010540925533894598, 'circuit_metadata': {}, 'resilience': {'zne': {'extrapolator': 'multiple'}}, 'num_randomizations': 32}
Final Estimator value:  -227.764283587263
Expectation value:  -227.764283587263
std_error: 0.15164797969663174
energy:  -227.764283587263
layout:  [113, 109, 108, 107, 94, 88, 89, 90]
depth:  41
isa_depth:  215
n_observable:  89
n_chunks:  1
chunck_size:  89
1 / 1
partial expectation:  -227.90656823190528
metadata:  {'shots': 9024, 'target_precision': 0.010540925533894598, 'circuit_metadata': {}, 'resilience': {'zne': {'extrapolator': 'multiple'}}, 'num_randomizations': 32}
Final Estimator value:  -227.90656823190528
Expectation value:  -227.90656823190528
std_error: 0.1306803435293618
energy:  -227.90656823190528
layout:  [113, 109, 108, 107, 94, 88, 89, 90]
depth:  41
isa_depth:  215
n_observable:  89
n_chunks:  1
chunck_size:  89
1 / 1
partial expectation:  -227.8856870202666
metadata:  {'shots': 9024, 'target_precision': 0.010540925533894598, 'circuit_metadata': {}, 'resilience': {'zne': {'extrapolator': 'multiple'}}, 'num_randomizations': 32}
Final Estimator value:  -227.8856870202666
Expectation value:  -227.8856870202666
std_error: 0.139120228500097
energy:  -227.8856870202666
layout:  [113, 109, 108, 107, 94, 88, 89, 90]
depth:  41
isa_depth:  215
n_observable:  89
n_chunks:  1
chunck_size:  89
1 / 1
partial expectation:  -227.92430564759772
metadata:  {'shots': 9024, 'target_precision': 0.010540925533894598, 'circuit_metadata': {}, 'resilience': {'zne': {'extrapolator': 'multiple'}}, 'num_randomizations': 32}
Final Estimator value:  -227.92430564759772
Expectation value:  -227.92430564759772
std_error: 0.1573791035311019
energy:  -227.92430564759772
layout:  [113, 109, 108, 107, 94, 88, 89, 90]
depth:  41
isa_depth:  215
n_observable:  89
n_chunks:  1
chunck_size:  89
1 / 1
partial expectation:  -227.89227584929858
metadata:  {'shots': 9024, 'target_precision': 0.010540925533894598, 'circuit_metadata': {}, 'resilience': {'zne': {'extrapolator': 'multiple'}}, 'num_randomizations': 32}
Final Estimator value:  -227.89227584929858
Expectation value:  -227.89227584929858
std_error: 0.16037506221647851
energy:  -227.89227584929858
layout:  [113, 109, 108, 107, 94, 88, 89, 90]
depth:  41
isa_depth:  215
n_observable:  89
n_chunks:  1
chunck_size:  89
1 / 1
partial expectation:  -227.72210455105525
metadata:  {'shots': 9024, 'target_precision': 0.010540925533894598, 'circuit_metadata': {}, 'resilience': {'zne': {'extrapolator': 'multiple'}}, 'num_randomizations': 32}
Final Estimator value:  -227.72210455105525
Expectation value:  -227.72210455105525
std_error: 0.15812228422916275
energy:  -227.72210455105525
layout:  [113, 109, 108, 107, 94, 88, 89, 90]
depth:  41
isa_depth:  215
n_observable:  89
n_chunks:  1
chunck_size:  89
1 / 1
partial expectation:  -228.06885303715833
metadata:  {'shots': 9024, 'target_precision': 0.010540925533894598, 'circuit_metadata': {}, 'resilience': {'zne': {'extrapolator': 'multiple'}}, 'num_randomizations': 32}
Final Estimator value:  -228.06885303715833
Expectation value:  -228.06885303715833
std_error: 0.14761254191357204
energy:  -228.06885303715833
layout:  [113, 109, 108, 107, 94, 88, 89, 90]
depth:  41
isa_depth:  215
n_observable:  89
n_chunks:  1
chunck_size:  89
1 / 1
partial expectation:  -227.83432197901897
metadata:  {'shots': 9024, 'target_precision': 0.010540925533894598, 'circuit_metadata': {}, 'resilience': {'zne': {'extrapolator': 'multiple'}}, 'num_randomizations': 32}
Final Estimator value:  -227.83432197901897
Expectation value:  -227.83432197901897
std_error: 0.15034791939454437
energy:  -227.83432197901897
layout:  [113, 109, 108, 107, 94, 88, 89, 90]
depth:  41
isa_depth:  215
n_observable:  89
n_chunks:  1
chunck_size:  89
1 / 1
partial expectation:  -227.94106548773684
metadata:  {'shots': 9024, 'target_precision': 0.010540925533894598, 'circuit_metadata': {}, 'resilience': {'zne': {'extrapolator': 'multiple'}}, 'num_randomizations': 32}
Final Estimator value:  -227.94106548773684
Expectation value:  -227.94106548773684
std_error: 0.14668101654519558
energy:  -227.94106548773684
layout:  [113, 109, 108, 107, 94, 88, 89, 90]
depth:  41
isa_depth:  215
n_observable:  89
n_chunks:  1
chunck_size:  89
1 / 1
partial expectation:  -227.84466790894334
metadata:  {'shots': 9024, 'target_precision': 0.010540925533894598, 'circuit_metadata': {}, 'resilience': {'zne': {'extrapolator': 'multiple'}}, 'num_randomizations': 32}
Final Estimator value:  -227.84466790894334
Expectation value:  -227.84466790894334
std_error: 0.13578096564574355
energy:  -227.84466790894334

Energy list
-227.85102549345683
-227.9588422631231
-227.70522005137968
-227.8331111935078
-227.852530174701
-227.86139069494664
-227.99373432181045
-228.03381043693057
-227.927334250108
-227.99024824619406
-227.8745576680835
-227.8268770624981
-227.79931875605627
-227.70836130085846
-228.04147267846045
-227.91659832265944
-227.81767827662964
-227.82293617923062
-227.80438266678956
-227.9321809136263
-227.764283587263
-227.90656823190528
-227.8856870202666
-227.92430564759772
-227.89227584929858
-227.72210455105525
-228.06885303715833
-227.83432197901897
-227.94106548773684
-227.84466790894334
ave:  -227.87785814170974
