/Users/abel/.virtualenvs/vqe_alternative/bin/python /Users/abel/PycharmProjects/VQEmulti/examples/benzene/paper/trotter/single_point_restart.py
[-2.981128350830333, -2.9808201644480645, -3.256640280476861, -3.02610306358592]
[1j [X2 X3 Y4 X5], 1j [X0 X1 Y6 X7], 1j [X1 Y2 X5 X6], 1j [X0 Z1 Z2 X3 Y4 Z5 Z6 X7]]
N electrons 4
N Orbitals 4
backend:  ibm_torino
Initialize Single point
layout:  [113, 109, 108, 107, 94, 88, 89, 90]
depth:  33
isa_depth:  181
n_observable:  89
n_chunks:  1
chunck_size:  89
1 / 1
partial expectation:  -228.1182522608062
metadata:  {'shots': 9024, 'target_precision': 0.010540925533894598, 'circuit_metadata': {}, 'resilience': {'zne': {'extrapolator': 'multiple'}}, 'num_randomizations': 32}
Final Estimator value:  -228.1182522608062
Expectation value:  -228.1182522608062
std_error: 0.13204426805511196
energy:  -228.1182522608062
layout:  [113, 109, 108, 107, 94, 88, 89, 90]
depth:  33
isa_depth:  181
n_observable:  89
n_chunks:  1
chunck_size:  89
1 / 1
partial expectation:  -228.10927344458926
metadata:  {'shots': 9024, 'target_precision': 0.010540925533894598, 'circuit_metadata': {}, 'resilience': {'zne': {'extrapolator': 'multiple'}}, 'num_randomizations': 32}
Final Estimator value:  -228.10927344458926
Expectation value:  -228.10927344458926
std_error: 0.1582068208259153
energy:  -228.10927344458926
layout:  [113, 109, 108, 107, 94, 88, 89, 90]
depth:  33
isa_depth:  181
n_observable:  89
n_chunks:  1
chunck_size:  89
1 / 1
partial expectation:  -228.17497756133096
metadata:  {'shots': 9024, 'target_precision': 0.010540925533894598, 'circuit_metadata': {}, 'resilience': {'zne': {'extrapolator': 'multiple'}}, 'num_randomizations': 32}
Final Estimator value:  -228.17497756133096
Expectation value:  -228.17497756133096
std_error: 0.16102168351916638
energy:  -228.17497756133096
layout:  [113, 109, 108, 107, 94, 88, 89, 90]
depth:  33
isa_depth:  181
n_observable:  89
n_chunks:  1
chunck_size:  89
1 / 1
partial expectation:  -228.05696795008973
metadata:  {'shots': 9024, 'target_precision': 0.010540925533894598, 'circuit_metadata': {}, 'resilience': {'zne': {'extrapolator': 'multiple'}}, 'num_randomizations': 32}
Final Estimator value:  -228.05696795008973
Expectation value:  -228.05696795008973
std_error: 0.15488614787223673
energy:  -228.05696795008973
layout:  [113, 109, 108, 107, 94, 88, 89, 90]
depth:  33
isa_depth:  181
n_observable:  89
n_chunks:  1
chunck_size:  89
1 / 1
partial expectation:  -228.1138442013592
metadata:  {'shots': 9024, 'target_precision': 0.010540925533894598, 'circuit_metadata': {}, 'resilience': {'zne': {'extrapolator': 'multiple'}}, 'num_randomizations': 32}
Final Estimator value:  -228.1138442013592
Expectation value:  -228.1138442013592
std_error: 0.14426128311772957
energy:  -228.1138442013592
layout:  [113, 109, 108, 107, 94, 88, 89, 90]
depth:  33
isa_depth:  181
n_observable:  89
n_chunks:  1
chunck_size:  89
1 / 1
partial expectation:  -228.05719621015507
metadata:  {'shots': 9024, 'target_precision': 0.010540925533894598, 'circuit_metadata': {}, 'resilience': {'zne': {'extrapolator': 'multiple'}}, 'num_randomizations': 32}
Final Estimator value:  -228.05719621015507
Expectation value:  -228.05719621015507
std_error: 0.16261413861088936
energy:  -228.05719621015507
layout:  [113, 109, 108, 107, 94, 88, 89, 90]
depth:  33
isa_depth:  181
n_observable:  89
n_chunks:  1
chunck_size:  89
1 / 1
partial expectation:  -228.20212329275003
metadata:  {'shots': 9024, 'target_precision': 0.010540925533894598, 'circuit_metadata': {}, 'resilience': {'zne': {'extrapolator': 'multiple'}}, 'num_randomizations': 32}
Final Estimator value:  -228.20212329275003
Expectation value:  -228.20212329275003
std_error: 0.14149131783450603
energy:  -228.20212329275003
layout:  [113, 109, 108, 107, 94, 88, 89, 90]
depth:  33
isa_depth:  181
n_observable:  89
n_chunks:  1
chunck_size:  89
1 / 1
partial expectation:  -228.44576804089954
metadata:  {'shots': 9024, 'target_precision': 0.010540925533894598, 'circuit_metadata': {}, 'resilience': {'zne': {'extrapolator': 'multiple'}}, 'num_randomizations': 32}
Final Estimator value:  -228.44576804089954
Expectation value:  -228.44576804089954
std_error: 0.15844747524502545
energy:  -228.44576804089954
layout:  [113, 109, 108, 107, 94, 88, 89, 90]
depth:  33
isa_depth:  181
n_observable:  89
n_chunks:  1
chunck_size:  89
1 / 1
partial expectation:  -228.03667449990374
metadata:  {'shots': 9024, 'target_precision': 0.010540925533894598, 'circuit_metadata': {}, 'resilience': {'zne': {'extrapolator': 'multiple'}}, 'num_randomizations': 32}
Final Estimator value:  -228.03667449990374
Expectation value:  -228.03667449990374
std_error: 0.1451496374736424
energy:  -228.03667449990374
layout:  [113, 109, 108, 107, 94, 88, 89, 90]
depth:  33
isa_depth:  181
n_observable:  89
n_chunks:  1
chunck_size:  89
1 / 1
partial expectation:  -228.45761408784116
metadata:  {'shots': 9024, 'target_precision': 0.010540925533894598, 'circuit_metadata': {}, 'resilience': {'zne': {'extrapolator': 'multiple'}}, 'num_randomizations': 32}
Final Estimator value:  -228.45761408784116
Expectation value:  -228.45761408784116
std_error: 0.11923869916149421
energy:  -228.45761408784116
layout:  [113, 109, 108, 107, 94, 88, 89, 90]
depth:  33
isa_depth:  181
n_observable:  89
n_chunks:  1
chunck_size:  89
1 / 1
partial expectation:  -228.4096925668152
metadata:  {'shots': 9024, 'target_precision': 0.010540925533894598, 'circuit_metadata': {}, 'resilience': {'zne': {'extrapolator': 'multiple'}}, 'num_randomizations': 32}
Final Estimator value:  -228.4096925668152
Expectation value:  -228.4096925668152
std_error: 0.1365496790379075
energy:  -228.4096925668152
layout:  [113, 109, 108, 107, 94, 88, 89, 90]
depth:  33
isa_depth:  181
n_observable:  89
n_chunks:  1
chunck_size:  89
1 / 1
partial expectation:  -228.22758888382987
metadata:  {'shots': 9024, 'target_precision': 0.010540925533894598, 'circuit_metadata': {}, 'resilience': {'zne': {'extrapolator': 'multiple'}}, 'num_randomizations': 32}
Final Estimator value:  -228.22758888382987
Expectation value:  -228.22758888382987
std_error: 0.13605518973724484
energy:  -228.22758888382987
layout:  [113, 109, 108, 107, 94, 88, 89, 90]
depth:  33
isa_depth:  181
n_observable:  89
n_chunks:  1
chunck_size:  89
1 / 1
partial expectation:  -228.4811735091619
metadata:  {'shots': 9024, 'target_precision': 0.010540925533894598, 'circuit_metadata': {}, 'resilience': {'zne': {'extrapolator': 'multiple'}}, 'num_randomizations': 32}
Final Estimator value:  -228.4811735091619
Expectation value:  -228.4811735091619
std_error: 0.144793657798979
energy:  -228.4811735091619
layout:  [113, 109, 108, 107, 94, 88, 89, 90]
depth:  33
isa_depth:  181
n_observable:  89
n_chunks:  1
chunck_size:  89
1 / 1
partial expectation:  -228.36148479913464
metadata:  {'shots': 9024, 'target_precision': 0.010540925533894598, 'circuit_metadata': {}, 'resilience': {'zne': {'extrapolator': 'multiple'}}, 'num_randomizations': 32}
Final Estimator value:  -228.36148479913464
Expectation value:  -228.36148479913464
std_error: 0.14116358595772097
energy:  -228.36148479913464
layout:  [113, 109, 108, 107, 94, 88, 89, 90]
depth:  33
isa_depth:  181
n_observable:  89
n_chunks:  1
chunck_size:  89
1 / 1
partial expectation:  -228.46123695296473
metadata:  {'shots': 9024, 'target_precision': 0.010540925533894598, 'circuit_metadata': {}, 'resilience': {'zne': {'extrapolator': 'multiple'}}, 'num_randomizations': 32}
Final Estimator value:  -228.46123695296473
Expectation value:  -228.46123695296473
std_error: 0.1525287455028584
energy:  -228.46123695296473
layout:  [113, 109, 108, 107, 94, 88, 89, 90]
depth:  33
isa_depth:  181
n_observable:  89
n_chunks:  1
chunck_size:  89
1 / 1
partial expectation:  -228.0720014280659
metadata:  {'shots': 9024, 'target_precision': 0.010540925533894598, 'circuit_metadata': {}, 'resilience': {'zne': {'extrapolator': 'multiple'}}, 'num_randomizations': 32}
Final Estimator value:  -228.0720014280659
Expectation value:  -228.0720014280659
std_error: 0.1436766550028791
energy:  -228.0720014280659
layout:  [113, 109, 108, 107, 94, 88, 89, 90]
depth:  33
isa_depth:  181
n_observable:  89
n_chunks:  1
chunck_size:  89
1 / 1
partial expectation:  -228.36276402483472
metadata:  {'shots': 9024, 'target_precision': 0.010540925533894598, 'circuit_metadata': {}, 'resilience': {'zne': {'extrapolator': 'multiple'}}, 'num_randomizations': 32}
Final Estimator value:  -228.36276402483472
Expectation value:  -228.36276402483472
std_error: 0.1397251410175949
energy:  -228.36276402483472
layout:  [113, 109, 108, 107, 94, 88, 89, 90]
depth:  33
isa_depth:  181
n_observable:  89
n_chunks:  1
chunck_size:  89
1 / 1
partial expectation:  -228.15376208923357
metadata:  {'shots': 9024, 'target_precision': 0.010540925533894598, 'circuit_metadata': {}, 'resilience': {'zne': {'extrapolator': 'multiple'}}, 'num_randomizations': 32}
Final Estimator value:  -228.15376208923357
Expectation value:  -228.15376208923357
std_error: 0.16230182763258133
energy:  -228.15376208923357
layout:  [113, 109, 108, 107, 94, 88, 89, 90]
depth:  33
isa_depth:  181
n_observable:  89
n_chunks:  1
chunck_size:  89
1 / 1
partial expectation:  -228.16459109755863
metadata:  {'shots': 9024, 'target_precision': 0.010540925533894598, 'circuit_metadata': {}, 'resilience': {'zne': {'extrapolator': 'multiple'}}, 'num_randomizations': 32}
Final Estimator value:  -228.16459109755863
Expectation value:  -228.16459109755863
std_error: 0.14756815529671105
energy:  -228.16459109755863
layout:  [113, 109, 108, 107, 94, 88, 89, 90]
depth:  33
isa_depth:  181
n_observable:  89
n_chunks:  1
chunck_size:  89
1 / 1
partial expectation:  -228.25084967277033
metadata:  {'shots': 9024, 'target_precision': 0.010540925533894598, 'circuit_metadata': {}, 'resilience': {'zne': {'extrapolator': 'multiple'}}, 'num_randomizations': 32}
Final Estimator value:  -228.25084967277033
Expectation value:  -228.25084967277033
std_error: 0.13615090367743687
energy:  -228.25084967277033
layout:  [113, 109, 108, 107, 94, 88, 89, 90]
depth:  33
isa_depth:  181
n_observable:  89
n_chunks:  1
chunck_size:  89
1 / 1
partial expectation:  -228.26247985224495
metadata:  {'shots': 9024, 'target_precision': 0.010540925533894598, 'circuit_metadata': {}, 'resilience': {'zne': {'extrapolator': 'multiple'}}, 'num_randomizations': 32}
Final Estimator value:  -228.26247985224495
Expectation value:  -228.26247985224495
std_error: 0.15475383078750976
energy:  -228.26247985224495
layout:  [113, 109, 108, 107, 94, 88, 89, 90]
depth:  33
isa_depth:  181
n_observable:  89
n_chunks:  1
chunck_size:  89
1 / 1
partial expectation:  -228.13750210589836
metadata:  {'shots': 9024, 'target_precision': 0.010540925533894598, 'circuit_metadata': {}, 'resilience': {'zne': {'extrapolator': 'multiple'}}, 'num_randomizations': 32}
Final Estimator value:  -228.13750210589836
Expectation value:  -228.13750210589836
std_error: 0.14202396123278843
energy:  -228.13750210589836
layout:  [113, 109, 108, 107, 94, 88, 89, 90]
depth:  33
isa_depth:  181
n_observable:  89
n_chunks:  1
chunck_size:  89
1 / 1
partial expectation:  -228.36774624107179
metadata:  {'shots': 9024, 'target_precision': 0.010540925533894598, 'circuit_metadata': {}, 'resilience': {'zne': {'extrapolator': 'multiple'}}, 'num_randomizations': 32}
Final Estimator value:  -228.36774624107179
Expectation value:  -228.36774624107179
std_error: 0.14845302821487852
energy:  -228.36774624107179
layout:  [113, 109, 108, 107, 94, 88, 89, 90]
depth:  33
isa_depth:  181
n_observable:  89
n_chunks:  1
chunck_size:  89
1 / 1
partial expectation:  -228.31895582120606
metadata:  {'shots': 9024, 'target_precision': 0.010540925533894598, 'circuit_metadata': {}, 'resilience': {'zne': {'extrapolator': 'multiple'}}, 'num_randomizations': 32}
Final Estimator value:  -228.31895582120606
Expectation value:  -228.31895582120606
std_error: 0.14032832978009221
energy:  -228.31895582120606
layout:  [113, 109, 108, 107, 94, 88, 89, 90]
depth:  33
isa_depth:  181
n_observable:  89
n_chunks:  1
chunck_size:  89
1 / 1
partial expectation:  -228.10510494868367
metadata:  {'shots': 9024, 'target_precision': 0.010540925533894598, 'circuit_metadata': {}, 'resilience': {'zne': {'extrapolator': 'multiple'}}, 'num_randomizations': 32}
Final Estimator value:  -228.10510494868367
Expectation value:  -228.10510494868367
std_error: 0.14925924341401356
energy:  -228.10510494868367
layout:  [113, 109, 108, 107, 94, 88, 89, 90]
depth:  33
isa_depth:  181
n_observable:  89
n_chunks:  1
chunck_size:  89
1 / 1
partial expectation:  -228.2465731514127
metadata:  {'shots': 9024, 'target_precision': 0.010540925533894598, 'circuit_metadata': {}, 'resilience': {'zne': {'extrapolator': 'multiple'}}, 'num_randomizations': 32}
Final Estimator value:  -228.2465731514127
Expectation value:  -228.2465731514127
std_error: 0.13985929758084456
energy:  -228.2465731514127
layout:  [113, 109, 108, 107, 94, 88, 89, 90]
depth:  33
isa_depth:  181
n_observable:  89
n_chunks:  1
chunck_size:  89
1 / 1
partial expectation:  -228.26351674053552
metadata:  {'shots': 9024, 'target_precision': 0.010540925533894598, 'circuit_metadata': {}, 'resilience': {'zne': {'extrapolator': 'multiple'}}, 'num_randomizations': 32}
Final Estimator value:  -228.26351674053552
Expectation value:  -228.26351674053552
std_error: 0.14572035755512738
energy:  -228.26351674053552
layout:  [113, 109, 108, 107, 94, 88, 89, 90]
depth:  33
isa_depth:  181
n_observable:  89
n_chunks:  1
chunck_size:  89
1 / 1
partial expectation:  -228.1164727997328
metadata:  {'shots': 9024, 'target_precision': 0.010540925533894598, 'circuit_metadata': {}, 'resilience': {'zne': {'extrapolator': 'multiple'}}, 'num_randomizations': 32}
Final Estimator value:  -228.1164727997328
Expectation value:  -228.1164727997328
std_error: 0.13447750759991361
energy:  -228.1164727997328
layout:  [113, 109, 108, 107, 94, 88, 89, 90]
depth:  33
isa_depth:  181
n_observable:  89
n_chunks:  1
chunck_size:  89
1 / 1
partial expectation:  -228.16109359329621
metadata:  {'shots': 9024, 'target_precision': 0.010540925533894598, 'circuit_metadata': {}, 'resilience': {'zne': {'extrapolator': 'multiple'}}, 'num_randomizations': 32}
Final Estimator value:  -228.16109359329621
Expectation value:  -228.16109359329621
std_error: 0.1512336979893687
energy:  -228.16109359329621
layout:  [113, 109, 108, 107, 94, 88, 89, 90]
depth:  33
isa_depth:  181
n_observable:  89
n_chunks:  1
chunck_size:  89
1 / 1
partial expectation:  -228.36902226552766
metadata:  {'shots': 9024, 'target_precision': 0.010540925533894598, 'circuit_metadata': {}, 'resilience': {'zne': {'extrapolator': 'multiple'}}, 'num_randomizations': 32}
Final Estimator value:  -228.36902226552766
Expectation value:  -228.36902226552766
std_error: 0.14892023249470634
energy:  -228.36902226552766

Energy list
-228.1182522608062
-228.10927344458926
-228.17497756133096
-228.05696795008973
-228.1138442013592
-228.05719621015507
-228.20212329275003
-228.44576804089954
-228.03667449990374
-228.45761408784116
-228.4096925668152
-228.22758888382987
-228.4811735091619
-228.36148479913464
-228.46123695296473
-228.0720014280659
-228.36276402483472
-228.15376208923357
-228.16459109755863
-228.25084967277033
-228.26247985224495
-228.13750210589836
-228.36774624107179
-228.31895582120606
-228.10510494868367
-228.2465731514127
-228.26351674053552
-228.1164727997328
-228.16109359329621
-228.36902226552766
ave:  -228.23554346979014
