[-2.9836222958587144, -2.9842185291139907, -3.2474018749640634]
[1j [X2 X3 Y4 X5], 1j [X0 X1 Y6 X7], 1j [X1 Y2 X5 X6]]
H terms 233
N electrons 4
N Orbitals 4
backend:  ibm_basquecountry
Initialize Single point
layout:  [18, 11, 12, 13, 14, 15, 19, 35]
depth:  17
isa_depth:  118
circuit gate count:  {'cx': 18, 'rz': 6, 'x': 4, 'rx': 3}
isa_circuit gate count:  {'sx': 92, 'cz': 54, 'rz': 36, 'x': 3}
n_observable:  89
n_chunks:  1
chunck_size:  89
Backend ibm_basquecountry
Accumulated two-qubit error of 54 gates: 0.077
Accumulated one-qubit error of 131 gates: 0.026
Accumulated readout error: 1.957
Accumulated total error: 2.059

1 / 1
partial expectation:  -227.92265228182168
metadata:  {'shots': 9024, 'target_precision': 0.010540925533894598, 'circuit_metadata': {}, 'resilience': {'zne': {'extrapolator': 'multiple'}}, 'num_randomizations': 32}
Final Estimator value:  -227.92265228182168
Expectation value:  -227.92265228182168
std_error: 0.029897726994049825
energy final:  -227.92265228182168
layout:  [18, 11, 12, 13, 14, 15, 19, 35]
depth:  17
isa_depth:  118
circuit gate count:  {'cx': 18, 'rz': 6, 'x': 4, 'rx': 3}
isa_circuit gate count:  {'sx': 92, 'cz': 54, 'rz': 36, 'x': 3}
n_observable:  89
n_chunks:  1
chunck_size:  89
Backend ibm_basquecountry
Accumulated two-qubit error of 54 gates: 0.077
Accumulated one-qubit error of 131 gates: 0.026
Accumulated readout error: 1.957
Accumulated total error: 2.059

1 / 1
partial expectation:  -227.93664206754752
metadata:  {'shots': 9024, 'target_precision': 0.010540925533894598, 'circuit_metadata': {}, 'resilience': {'zne': {'extrapolator': 'multiple'}}, 'num_randomizations': 32}
Final Estimator value:  -227.93664206754752
Expectation value:  -227.93664206754752
std_error: 0.03546807197173875
energy final:  -227.93664206754752
layout:  [18, 11, 12, 13, 14, 15, 19, 35]
depth:  17
isa_depth:  118
circuit gate count:  {'cx': 18, 'rz': 6, 'x': 4, 'rx': 3}
isa_circuit gate count:  {'sx': 92, 'cz': 54, 'rz': 36, 'x': 3}
n_observable:  89
n_chunks:  1
chunck_size:  89
Backend ibm_basquecountry
Accumulated two-qubit error of 54 gates: 0.077
Accumulated one-qubit error of 131 gates: 0.026
Accumulated readout error: 1.957
Accumulated total error: 2.059

1 / 1
partial expectation:  -227.94218974232916
metadata:  {'shots': 9024, 'target_precision': 0.010540925533894598, 'circuit_metadata': {}, 'resilience': {'zne': {'extrapolator': 'multiple'}}, 'num_randomizations': 32}
Final Estimator value:  -227.94218974232916
Expectation value:  -227.94218974232916
std_error: 0.04727563423901744
energy final:  -227.94218974232916
layout:  [18, 11, 12, 13, 14, 15, 19, 35]
depth:  17
isa_depth:  118
circuit gate count:  {'cx': 18, 'rz': 6, 'x': 4, 'rx': 3}
isa_circuit gate count:  {'sx': 92, 'cz': 54, 'rz': 36, 'x': 3}
n_observable:  89
n_chunks:  1
chunck_size:  89
Backend ibm_basquecountry
Accumulated two-qubit error of 54 gates: 0.077
Accumulated one-qubit error of 131 gates: 0.026
Accumulated readout error: 1.957
Accumulated total error: 2.059

1 / 1
partial expectation:  -227.90332695749456
metadata:  {'shots': 9024, 'target_precision': 0.010540925533894598, 'circuit_metadata': {}, 'resilience': {'zne': {'extrapolator': 'multiple'}}, 'num_randomizations': 32}
Final Estimator value:  -227.90332695749456
Expectation value:  -227.90332695749456
std_error: 0.020080052448990644
energy final:  -227.90332695749456
layout:  [18, 11, 12, 13, 14, 15, 19, 35]
depth:  17
isa_depth:  118
circuit gate count:  {'cx': 18, 'rz': 6, 'x': 4, 'rx': 3}
isa_circuit gate count:  {'sx': 92, 'cz': 54, 'rz': 36, 'x': 3}
n_observable:  89
n_chunks:  1
chunck_size:  89
Backend ibm_basquecountry
Accumulated two-qubit error of 54 gates: 0.077
Accumulated one-qubit error of 131 gates: 0.026
Accumulated readout error: 1.957
Accumulated total error: 2.059

1 / 1
partial expectation:  -227.93344105529349
metadata:  {'shots': 9024, 'target_precision': 0.010540925533894598, 'circuit_metadata': {}, 'resilience': {'zne': {'extrapolator': 'multiple'}}, 'num_randomizations': 32}
Final Estimator value:  -227.93344105529349
Expectation value:  -227.93344105529349
std_error: 0.022779559294382443
energy final:  -227.93344105529349
layout:  [18, 11, 12, 13, 14, 15, 19, 35]
depth:  17
isa_depth:  118
circuit gate count:  {'cx': 18, 'rz': 6, 'x': 4, 'rx': 3}
isa_circuit gate count:  {'sx': 92, 'cz': 54, 'rz': 36, 'x': 3}
n_observable:  89
n_chunks:  1
chunck_size:  89
Backend ibm_basquecountry
Accumulated two-qubit error of 54 gates: 0.077
Accumulated one-qubit error of 131 gates: 0.026
Accumulated readout error: 1.957
Accumulated total error: 2.059

1 / 1
partial expectation:  -227.90817019140624
metadata:  {'shots': 9024, 'target_precision': 0.010540925533894598, 'circuit_metadata': {}, 'resilience': {'zne': {'extrapolator': 'multiple'}}, 'num_randomizations': 32}
Final Estimator value:  -227.90817019140624
Expectation value:  -227.90817019140624
std_error: 0.012967036006416091
energy final:  -227.90817019140624
layout:  [18, 11, 12, 13, 14, 15, 19, 35]
depth:  17
isa_depth:  118
circuit gate count:  {'cx': 18, 'rz': 6, 'x': 4, 'rx': 3}
isa_circuit gate count:  {'sx': 92, 'cz': 54, 'rz': 36, 'x': 3}
n_observable:  89
n_chunks:  1
chunck_size:  89
Backend ibm_basquecountry
Accumulated two-qubit error of 54 gates: 0.077
Accumulated one-qubit error of 131 gates: 0.026
Accumulated readout error: 1.957
Accumulated total error: 2.059

1 / 1
partial expectation:  -227.9086445849885
metadata:  {'shots': 9024, 'target_precision': 0.010540925533894598, 'circuit_metadata': {}, 'resilience': {'zne': {'extrapolator': 'multiple'}}, 'num_randomizations': 32}
Final Estimator value:  -227.9086445849885
Expectation value:  -227.9086445849885
std_error: 0.01700256197320044
energy final:  -227.9086445849885
layout:  [18, 11, 12, 13, 14, 15, 19, 35]
depth:  17
isa_depth:  118
circuit gate count:  {'cx': 18, 'rz': 6, 'x': 4, 'rx': 3}
isa_circuit gate count:  {'sx': 92, 'cz': 54, 'rz': 36, 'x': 3}
n_observable:  89
n_chunks:  1
chunck_size:  89
Backend ibm_basquecountry
Accumulated two-qubit error of 54 gates: 0.077
Accumulated one-qubit error of 131 gates: 0.026
Accumulated readout error: 1.957
Accumulated total error: 2.059

1 / 1
partial expectation:  -227.90973483166178
metadata:  {'shots': 9024, 'target_precision': 0.010540925533894598, 'circuit_metadata': {}, 'resilience': {'zne': {'extrapolator': 'multiple'}}, 'num_randomizations': 32}
Final Estimator value:  -227.90973483166178
Expectation value:  -227.90973483166178
std_error: 0.03142818350416165
energy final:  -227.90973483166178
layout:  [18, 11, 12, 13, 14, 15, 19, 35]
depth:  17
isa_depth:  118
circuit gate count:  {'cx': 18, 'rz': 6, 'x': 4, 'rx': 3}
isa_circuit gate count:  {'sx': 92, 'cz': 54, 'rz': 36, 'x': 3}
n_observable:  89
n_chunks:  1
chunck_size:  89
Backend ibm_basquecountry
Accumulated two-qubit error of 54 gates: 0.077
Accumulated one-qubit error of 131 gates: 0.026
Accumulated readout error: 1.957
Accumulated total error: 2.059

1 / 1
partial expectation:  -227.91754360695194
metadata:  {'shots': 9024, 'target_precision': 0.010540925533894598, 'circuit_metadata': {}, 'resilience': {'zne': {'extrapolator': 'multiple'}}, 'num_randomizations': 32}
Final Estimator value:  -227.91754360695194
Expectation value:  -227.91754360695194
std_error: 0.02442851769118631
energy final:  -227.91754360695194
layout:  [18, 11, 12, 13, 14, 15, 19, 35]
depth:  17
isa_depth:  118
circuit gate count:  {'cx': 18, 'rz': 6, 'x': 4, 'rx': 3}
isa_circuit gate count:  {'sx': 92, 'cz': 54, 'rz': 36, 'x': 3}
n_observable:  89
n_chunks:  1
chunck_size:  89
Backend ibm_basquecountry
Accumulated two-qubit error of 54 gates: 0.077
Accumulated one-qubit error of 131 gates: 0.026
Accumulated readout error: 1.957
Accumulated total error: 2.059

1 / 1
partial expectation:  -227.9173883061247
metadata:  {'shots': 9024, 'target_precision': 0.010540925533894598, 'circuit_metadata': {}, 'resilience': {'zne': {'extrapolator': 'multiple'}}, 'num_randomizations': 32}
Final Estimator value:  -227.9173883061247
Expectation value:  -227.9173883061247
std_error: 0.02534644299518737
energy final:  -227.9173883061247
layout:  [18, 11, 12, 13, 14, 15, 19, 35]
depth:  17
isa_depth:  118
circuit gate count:  {'cx': 18, 'rz': 6, 'x': 4, 'rx': 3}
isa_circuit gate count:  {'sx': 92, 'cz': 54, 'rz': 36, 'x': 3}
n_observable:  89
n_chunks:  1
chunck_size:  89
Backend ibm_basquecountry
Accumulated two-qubit error of 54 gates: 0.077
Accumulated one-qubit error of 131 gates: 0.026
Accumulated readout error: 1.957
Accumulated total error: 2.059

1 / 1
partial expectation:  -227.91265564120104
metadata:  {'shots': 9024, 'target_precision': 0.010540925533894598, 'circuit_metadata': {}, 'resilience': {'zne': {'extrapolator': 'multiple'}}, 'num_randomizations': 32}
Final Estimator value:  -227.91265564120104
Expectation value:  -227.91265564120104
std_error: 0.025513083592203778
energy final:  -227.91265564120104
layout:  [18, 11, 12, 13, 14, 15, 19, 35]
depth:  17
isa_depth:  118
circuit gate count:  {'cx': 18, 'rz': 6, 'x': 4, 'rx': 3}
isa_circuit gate count:  {'sx': 92, 'cz': 54, 'rz': 36, 'x': 3}
n_observable:  89
n_chunks:  1
chunck_size:  89
Backend ibm_basquecountry
Accumulated two-qubit error of 54 gates: 0.077
Accumulated one-qubit error of 131 gates: 0.026
Accumulated readout error: 1.957
Accumulated total error: 2.059

1 / 1
partial expectation:  -227.91480101811513
metadata:  {'shots': 9024, 'target_precision': 0.010540925533894598, 'circuit_metadata': {}, 'resilience': {'zne': {'extrapolator': 'multiple'}}, 'num_randomizations': 32}
Final Estimator value:  -227.91480101811513
Expectation value:  -227.91480101811513
std_error: 0.015572028578408755
energy final:  -227.91480101811513
layout:  [18, 11, 12, 13, 14, 15, 19, 35]
depth:  17
isa_depth:  118
circuit gate count:  {'cx': 18, 'rz': 6, 'x': 4, 'rx': 3}
isa_circuit gate count:  {'sx': 92, 'cz': 54, 'rz': 36, 'x': 3}
n_observable:  89
n_chunks:  1
chunck_size:  89
Backend ibm_basquecountry
Accumulated two-qubit error of 54 gates: 0.077
Accumulated one-qubit error of 131 gates: 0.026
Accumulated readout error: 1.957
Accumulated total error: 2.059

1 / 1
partial expectation:  -227.91782185172346
metadata:  {'shots': 9024, 'target_precision': 0.010540925533894598, 'circuit_metadata': {}, 'resilience': {'zne': {'extrapolator': 'multiple'}}, 'num_randomizations': 32}
Final Estimator value:  -227.91782185172346
Expectation value:  -227.91782185172346
std_error: 0.017141913938311805
energy final:  -227.91782185172346
layout:  [18, 11, 12, 13, 14, 15, 19, 35]
depth:  17
isa_depth:  118
circuit gate count:  {'cx': 18, 'rz': 6, 'x': 4, 'rx': 3}
isa_circuit gate count:  {'sx': 92, 'cz': 54, 'rz': 36, 'x': 3}
n_observable:  89
n_chunks:  1
chunck_size:  89
Backend ibm_basquecountry
Accumulated two-qubit error of 54 gates: 0.077
Accumulated one-qubit error of 131 gates: 0.026
Accumulated readout error: 1.957
Accumulated total error: 2.059
