[-2.985357106918106, -2.9846781695715188]
[1j [X2 X3 Y4 X5], 1j [X0 X1 Y6 X7]]
H terms 233
N electrons 4
N Orbitals 4
backend:  ibm_basquecountry
Initialize Single point
layout:  [9, 10, 11, 12, 13, 14, 15, 19]
depth:  8
isa_depth:  64
circuit gate count:  {'cx': 12, 'x': 4, 'rz': 4, 'rx': 2}
isa_circuit gate count:  {'sx': 62, 'cz': 36, 'rz': 25, 'x': 2}
n_observable:  89
n_chunks:  1
chunck_size:  89
Backend ibm_basquecountry
Accumulated two-qubit error of 36 gates: 0.052
Accumulated one-qubit error of 89 gates: 0.017
Accumulated readout error: 1.926
Accumulated total error: 1.995

1 / 1
partial expectation:  -227.79700743654456
metadata:  {'shots': 9024, 'target_precision': 0.010540925533894598, 'circuit_metadata': {}, 'resilience': {'zne': {'extrapolator': 'multiple'}}, 'num_randomizations': 32}
Final Estimator value:  -227.79700743654456
Expectation value:  -227.79700743654456
std_error: 0.05147324200646504
energy final:  -227.79700743654456
layout:  [9, 10, 11, 12, 13, 14, 15, 19]
depth:  8
isa_depth:  70
circuit gate count:  {'cx': 12, 'x': 4, 'rz': 4, 'rx': 2}
isa_circuit gate count:  {'sx': 62, 'cz': 36, 'rz': 25, 'x': 2}
n_observable:  89
n_chunks:  1
chunck_size:  89
Backend ibm_basquecountry
Accumulated two-qubit error of 36 gates: 0.051
Accumulated one-qubit error of 89 gates: 0.016
Accumulated readout error: 1.926
Accumulated total error: 1.994

1 / 1
partial expectation:  -227.90777553225783
metadata:  {'shots': 9024, 'target_precision': 0.010540925533894598, 'circuit_metadata': {}, 'resilience': {'zne': {'extrapolator': 'multiple'}}, 'num_randomizations': 32}
Final Estimator value:  -227.90777553225783
Expectation value:  -227.90777553225783
std_error: 0.021633444004123283
energy final:  -227.90777553225783
layout:  [9, 10, 11, 12, 13, 14, 15, 19]
depth:  8
isa_depth:  70
circuit gate count:  {'cx': 12, 'x': 4, 'rz': 4, 'rx': 2}
isa_circuit gate count:  {'sx': 62, 'cz': 36, 'rz': 25, 'x': 2}
n_observable:  89
n_chunks:  1
chunck_size:  89
Backend ibm_basquecountry
Accumulated two-qubit error of 36 gates: 0.051
Accumulated one-qubit error of 89 gates: 0.016
Accumulated readout error: 1.926
Accumulated total error: 1.994

1 / 1
partial expectation:  -227.9091027983647
metadata:  {'shots': 9024, 'target_precision': 0.010540925533894598, 'circuit_metadata': {}, 'resilience': {'zne': {'extrapolator': 'multiple'}}, 'num_randomizations': 32}
Final Estimator value:  -227.9091027983647
Expectation value:  -227.9091027983647
std_error: 0.018981072981272665
energy final:  -227.9091027983647
layout:  [9, 10, 11, 12, 13, 14, 15, 19]
depth:  8
isa_depth:  70
circuit gate count:  {'cx': 12, 'x': 4, 'rz': 4, 'rx': 2}
isa_circuit gate count:  {'sx': 62, 'cz': 36, 'rz': 25, 'x': 2}
n_observable:  89
n_chunks:  1
chunck_size:  89
Backend ibm_basquecountry
Accumulated two-qubit error of 36 gates: 0.051
Accumulated one-qubit error of 89 gates: 0.016
Accumulated readout error: 1.926
Accumulated total error: 1.994

1 / 1
partial expectation:  -227.8732573650782
metadata:  {'shots': 9024, 'target_precision': 0.010540925533894598, 'circuit_metadata': {}, 'resilience': {'zne': {'extrapolator': 'multiple'}}, 'num_randomizations': 32}
Final Estimator value:  -227.8732573650782
Expectation value:  -227.8732573650782
std_error: 0.01739770246439855
energy final:  -227.8732573650782
layout:  [9, 10, 11, 12, 13, 14, 15, 19]
depth:  8
isa_depth:  64
circuit gate count:  {'cx': 12, 'x': 4, 'rz': 4, 'rx': 2}
isa_circuit gate count:  {'sx': 62, 'cz': 36, 'rz': 25, 'x': 2}
n_observable:  89
n_chunks:  1
chunck_size:  89
Backend ibm_basquecountry
Accumulated two-qubit error of 36 gates: 0.052
Accumulated one-qubit error of 89 gates: 0.017
Accumulated readout error: 1.926
Accumulated total error: 1.995

1 / 1
partial expectation:  -227.8877058200125
metadata:  {'shots': 9024, 'target_precision': 0.010540925533894598, 'circuit_metadata': {}, 'resilience': {'zne': {'extrapolator': 'multiple'}}, 'num_randomizations': 32}
Final Estimator value:  -227.8877058200125
Expectation value:  -227.8877058200125
std_error: 0.020654590968253953
energy final:  -227.8877058200125
layout:  [9, 10, 11, 12, 13, 14, 15, 19]
depth:  8
isa_depth:  64
circuit gate count:  {'cx': 12, 'x': 4, 'rz': 4, 'rx': 2}
isa_circuit gate count:  {'sx': 62, 'cz': 36, 'rz': 25, 'x': 2}
n_observable:  89
n_chunks:  1
chunck_size:  89
Backend ibm_basquecountry
Accumulated two-qubit error of 36 gates: 0.052
Accumulated one-qubit error of 89 gates: 0.017
Accumulated readout error: 1.926
Accumulated total error: 1.995

1 / 1
partial expectation:  -227.88468078033364
metadata:  {'shots': 9024, 'target_precision': 0.010540925533894598, 'circuit_metadata': {}, 'resilience': {'zne': {'extrapolator': 'multiple'}}, 'num_randomizations': 32}
Final Estimator value:  -227.88468078033364
Expectation value:  -227.88468078033364
std_error: 0.014301169956039828
energy final:  -227.88468078033364
layout:  [9, 10, 11, 12, 13, 14, 15, 19]
depth:  8
isa_depth:  76
circuit gate count:  {'cx': 12, 'x': 4, 'rz': 4, 'rx': 2}
isa_circuit gate count:  {'sx': 62, 'cz': 36, 'rz': 25, 'x': 2}
n_observable:  89
n_chunks:  1
chunck_size:  89
Backend ibm_basquecountry
Accumulated two-qubit error of 36 gates: 0.051
Accumulated one-qubit error of 89 gates: 0.016
Accumulated readout error: 1.926
Accumulated total error: 1.993

1 / 1
partial expectation:  -227.88858606986494
metadata:  {'shots': 9024, 'target_precision': 0.010540925533894598, 'circuit_metadata': {}, 'resilience': {'zne': {'extrapolator': 'multiple'}}, 'num_randomizations': 32}
Final Estimator value:  -227.88858606986494
Expectation value:  -227.88858606986494
std_error: 0.018516782351495394
energy final:  -227.88858606986494
layout:  [9, 10, 11, 12, 13, 14, 15, 19]
depth:  8
isa_depth:  70
circuit gate count:  {'cx': 12, 'x': 4, 'rz': 4, 'rx': 2}
isa_circuit gate count:  {'sx': 62, 'cz': 36, 'rz': 25, 'x': 2}
n_observable:  89
n_chunks:  1
chunck_size:  89
Backend ibm_basquecountry
Accumulated two-qubit error of 36 gates: 0.051
Accumulated one-qubit error of 89 gates: 0.016
Accumulated readout error: 1.926
Accumulated total error: 1.994

1 / 1
partial expectation:  -227.87887834061925
metadata:  {'shots': 9024, 'target_precision': 0.010540925533894598, 'circuit_metadata': {}, 'resilience': {'zne': {'extrapolator': 'multiple'}}, 'num_randomizations': 32}
Final Estimator value:  -227.87887834061925
Expectation value:  -227.87887834061925
std_error: 0.018327559617429524
energy final:  -227.87887834061925
layout:  [9, 10, 11, 12, 13, 14, 15, 19]
depth:  8
isa_depth:  70
circuit gate count:  {'cx': 12, 'x': 4, 'rz': 4, 'rx': 2}
isa_circuit gate count:  {'sx': 62, 'cz': 36, 'rz': 25, 'x': 2}
n_observable:  89
n_chunks:  1
chunck_size:  89
Backend ibm_basquecountry
Accumulated two-qubit error of 36 gates: 0.051
Accumulated one-qubit error of 89 gates: 0.016
Accumulated readout error: 1.926
Accumulated total error: 1.994

1 / 1
partial expectation:  -227.8766169792599
metadata:  {'shots': 9024, 'target_precision': 0.010540925533894598, 'circuit_metadata': {}, 'resilience': {'zne': {'extrapolator': 'multiple'}}, 'num_randomizations': 32}
Final Estimator value:  -227.8766169792599
Expectation value:  -227.8766169792599
std_error: 0.01934330925595008
energy final:  -227.8766169792599
layout:  [9, 10, 11, 12, 13, 14, 15, 19]
depth:  8
isa_depth:  70
circuit gate count:  {'cx': 12, 'x': 4, 'rz': 4, 'rx': 2}
isa_circuit gate count:  {'sx': 62, 'cz': 36, 'rz': 25, 'x': 2}
n_observable:  89
n_chunks:  1
chunck_size:  89
Backend ibm_basquecountry
Accumulated two-qubit error of 36 gates: 0.051
Accumulated one-qubit error of 89 gates: 0.016
Accumulated readout error: 1.926
Accumulated total error: 1.994

1 / 1
partial expectation:  -227.87053063675458
metadata:  {'shots': 9024, 'target_precision': 0.010540925533894598, 'circuit_metadata': {}, 'resilience': {'zne': {'extrapolator': 'multiple'}}, 'num_randomizations': 32}
Final Estimator value:  -227.87053063675458
Expectation value:  -227.87053063675458
std_error: 0.017428240670131528
energy final:  -227.87053063675458
layout:  [9, 10, 11, 12, 13, 14, 15, 19]
depth:  8
isa_depth:  70
circuit gate count:  {'cx': 12, 'x': 4, 'rz': 4, 'rx': 2}
isa_circuit gate count:  {'sx': 62, 'cz': 36, 'rz': 25, 'x': 2}
n_observable:  89
n_chunks:  1
chunck_size:  89
Backend ibm_basquecountry
Accumulated two-qubit error of 36 gates: 0.051
Accumulated one-qubit error of 89 gates: 0.016
Accumulated readout error: 1.926
Accumulated total error: 1.994

1 / 1
partial expectation:  -227.8677962322496
metadata:  {'shots': 9024, 'target_precision': 0.010540925533894598, 'circuit_metadata': {}, 'resilience': {'zne': {'extrapolator': 'multiple'}}, 'num_randomizations': 32}
Final Estimator value:  -227.8677962322496
Expectation value:  -227.8677962322496
std_error: 0.02191776871464704
energy final:  -227.8677962322496
layout:  [9, 10, 11, 12, 13, 14, 15, 19]
depth:  8
isa_depth:  64
circuit gate count:  {'cx': 12, 'x': 4, 'rz': 4, 'rx': 2}
isa_circuit gate count:  {'sx': 62, 'cz': 36, 'rz': 25, 'x': 2}
n_observable:  89
n_chunks:  1
chunck_size:  89
Backend ibm_basquecountry
Accumulated two-qubit error of 36 gates: 0.052
Accumulated one-qubit error of 89 gates: 0.017
Accumulated readout error: 1.926
Accumulated total error: 1.995

1 / 1
partial expectation:  -227.88127273226112
metadata:  {'shots': 9024, 'target_precision': 0.010540925533894598, 'circuit_metadata': {}, 'resilience': {'zne': {'extrapolator': 'multiple'}}, 'num_randomizations': 32}
Final Estimator value:  -227.88127273226112
Expectation value:  -227.88127273226112
std_error: 0.015634129721605376
energy final:  -227.88127273226112
layout:  [9, 10, 11, 12, 13, 14, 15, 19]
depth:  8
isa_depth:  70
circuit gate count:  {'cx': 12, 'x': 4, 'rz': 4, 'rx': 2}
isa_circuit gate count:  {'sx': 62, 'cz': 36, 'rz': 25, 'x': 2}
n_observable:  89
n_chunks:  1
chunck_size:  89
Backend ibm_basquecountry
Accumulated two-qubit error of 36 gates: 0.051
Accumulated one-qubit error of 89 gates: 0.016
Accumulated readout error: 1.926
Accumulated total error: 1.994

1 / 1
partial expectation:  -227.8954252059615
metadata:  {'shots': 9024, 'target_precision': 0.010540925533894598, 'circuit_metadata': {}, 'resilience': {'zne': {'extrapolator': 'multiple'}}, 'num_randomizations': 32}
Final Estimator value:  -227.8954252059615
Expectation value:  -227.8954252059615
std_error: 0.02888525244092362
energy final:  -227.8954252059615
layout:  [9, 10, 11, 12, 13, 14, 15, 19]
depth:  8
isa_depth:  64
circuit gate count:  {'cx': 12, 'x': 4, 'rz': 4, 'rx': 2}
isa_circuit gate count:  {'sx': 62, 'cz': 36, 'rz': 25, 'x': 2}
n_observable:  89
n_chunks:  1
chunck_size:  89
Backend ibm_basquecountry
Accumulated two-qubit error of 36 gates: 0.052
Accumulated one-qubit error of 89 gates: 0.017
Accumulated readout error: 1.926
Accumulated total error: 1.995

1 / 1
partial expectation:  -227.8934869954924
metadata:  {'shots': 9024, 'target_precision': 0.010540925533894598, 'circuit_metadata': {}, 'resilience': {'zne': {'extrapolator': 'multiple'}}, 'num_randomizations': 32}
Final Estimator value:  -227.8934869954924
Expectation value:  -227.8934869954924
std_error: 0.032521060477631585
energy final:  -227.8934869954924
layout:  [9, 10, 11, 12, 13, 14, 15, 19]
depth:  8
isa_depth:  70
circuit gate count:  {'cx': 12, 'x': 4, 'rz': 4, 'rx': 2}
isa_circuit gate count:  {'sx': 62, 'cz': 36, 'rz': 25, 'x': 2}
n_observable:  89
n_chunks:  1
chunck_size:  89
Backend ibm_basquecountry
Accumulated two-qubit error of 36 gates: 0.051
Accumulated one-qubit error of 89 gates: 0.016
Accumulated readout error: 1.926
Accumulated total error: 1.994
