[-2.9836222958587144, -2.9842185291139907, -3.2474018749640634]
[1j [X2 X3 Y4 X5], 1j [X0 X1 Y6 X7], 1j [X1 Y2 X5 X6]]
H terms 233
N electrons 4
N Orbitals 4
backend:  ibm_basquecountry
Initialize Single point
layout:  [9, 10, 11, 12, 13, 14, 15, 19]
depth:  1
isa_depth:  1
circuit gate count:  {'x': 4}
isa_circuit gate count:  {'x': 4}
n_observable:  89
n_chunks:  1
chunck_size:  89
Backend ibm_basquecountry
Accumulated two-qubit error of 0 gates: 0.000
Accumulated one-qubit error of 4 gates: 0.001
Accumulated readout error: 1.619
Accumulated total error: 1.621

1 / 1
partial expectation:  -227.89328365097631
metadata:  {'shots': 9024, 'target_precision': 0.010540925533894598, 'circuit_metadata': {}, 'resilience': {'zne': {'extrapolator': 'multiple'}}, 'num_randomizations': 32}
Final Estimator value:  -227.89328365097631
Expectation value:  -227.89328365097631
std_error: 0.0043649209135685485
energy final:  -227.89328365097631
layout:  [9, 10, 11, 12, 13, 14, 15, 19]
depth:  1
isa_depth:  1
circuit gate count:  {'x': 4}
isa_circuit gate count:  {'x': 4}
n_observable:  89
n_chunks:  1
chunck_size:  89
Backend ibm_basquecountry
Accumulated two-qubit error of 0 gates: 0.000
Accumulated one-qubit error of 4 gates: 0.001
Accumulated readout error: 1.619
Accumulated total error: 1.621

1 / 1
partial expectation:  -227.8876094500986
metadata:  {'shots': 9024, 'target_precision': 0.010540925533894598, 'circuit_metadata': {}, 'resilience': {'zne': {'extrapolator': 'multiple'}}, 'num_randomizations': 32}
Final Estimator value:  -227.8876094500986
Expectation value:  -227.8876094500986
std_error: 0.003874055272233053
energy final:  -227.8876094500986
layout:  [9, 10, 11, 12, 13, 14, 15, 19]
depth:  1
isa_depth:  1
circuit gate count:  {'x': 4}
isa_circuit gate count:  {'x': 4}
n_observable:  89
n_chunks:  1
chunck_size:  89
Backend ibm_basquecountry
Accumulated two-qubit error of 0 gates: 0.000
Accumulated one-qubit error of 4 gates: 0.001
Accumulated readout error: 1.619
Accumulated total error: 1.621

1 / 1
partial expectation:  -227.88904575128134
metadata:  {'shots': 9024, 'target_precision': 0.010540925533894598, 'circuit_metadata': {}, 'resilience': {'zne': {'extrapolator': 'multiple'}}, 'num_randomizations': 32}
Final Estimator value:  -227.88904575128134
Expectation value:  -227.88904575128134
std_error: 0.0039451302718819335
energy final:  -227.88904575128134
layout:  [9, 10, 11, 12, 13, 14, 15, 19]
depth:  1
isa_depth:  1
circuit gate count:  {'x': 4}
isa_circuit gate count:  {'x': 4}
n_observable:  89
n_chunks:  1
chunck_size:  89
Backend ibm_basquecountry
Accumulated two-qubit error of 0 gates: 0.000
Accumulated one-qubit error of 4 gates: 0.001
Accumulated readout error: 1.619
Accumulated total error: 1.621

1 / 1
partial expectation:  -227.89367788582746
metadata:  {'shots': 9024, 'target_precision': 0.010540925533894598, 'circuit_metadata': {}, 'resilience': {'zne': {'extrapolator': 'multiple'}}, 'num_randomizations': 32}
Final Estimator value:  -227.89367788582746
Expectation value:  -227.89367788582746
std_error: 0.004274836522356826
energy final:  -227.89367788582746
layout:  [9, 10, 11, 12, 13, 14, 15, 19]
depth:  1
isa_depth:  1
circuit gate count:  {'x': 4}
isa_circuit gate count:  {'x': 4}
n_observable:  89
n_chunks:  1
chunck_size:  89
Backend ibm_basquecountry
Accumulated two-qubit error of 0 gates: 0.000
Accumulated one-qubit error of 4 gates: 0.001
Accumulated readout error: 1.619
Accumulated total error: 1.621

1 / 1
partial expectation:  -227.8918647941118
metadata:  {'shots': 9024, 'target_precision': 0.010540925533894598, 'circuit_metadata': {}, 'resilience': {'zne': {'extrapolator': 'multiple'}}, 'num_randomizations': 32}
Final Estimator value:  -227.8918647941118
Expectation value:  -227.8918647941118
std_error: 0.0032313259687465823
energy final:  -227.8918647941118
layout:  [9, 10, 11, 12, 13, 14, 15, 19]
depth:  1
isa_depth:  1
circuit gate count:  {'x': 4}
isa_circuit gate count:  {'x': 4}
n_observable:  89
n_chunks:  1
chunck_size:  89
Backend ibm_basquecountry
Accumulated two-qubit error of 0 gates: 0.000
Accumulated one-qubit error of 4 gates: 0.001
Accumulated readout error: 1.619
Accumulated total error: 1.621

1 / 1
partial expectation:  -227.8883743540242
metadata:  {'shots': 9024, 'target_precision': 0.010540925533894598, 'circuit_metadata': {}, 'resilience': {'zne': {'extrapolator': 'multiple'}}, 'num_randomizations': 32}
Final Estimator value:  -227.8883743540242
Expectation value:  -227.8883743540242
std_error: 0.005104882140943122
energy final:  -227.8883743540242
layout:  [9, 10, 11, 12, 13, 14, 15, 19]
depth:  1
isa_depth:  1
circuit gate count:  {'x': 4}
isa_circuit gate count:  {'x': 4}
n_observable:  89
n_chunks:  1
chunck_size:  89
Backend ibm_basquecountry
Accumulated two-qubit error of 0 gates: 0.000
Accumulated one-qubit error of 4 gates: 0.001
Accumulated readout error: 1.619
Accumulated total error: 1.621

1 / 1
partial expectation:  -227.8931629868131
metadata:  {'shots': 9024, 'target_precision': 0.010540925533894598, 'circuit_metadata': {}, 'resilience': {'zne': {'extrapolator': 'multiple'}}, 'num_randomizations': 32}
Final Estimator value:  -227.8931629868131
Expectation value:  -227.8931629868131
std_error: 0.006827742599548662
energy final:  -227.8931629868131
layout:  [9, 10, 11, 12, 13, 14, 15, 19]
depth:  1
isa_depth:  1
circuit gate count:  {'x': 4}
isa_circuit gate count:  {'x': 4}
n_observable:  89
n_chunks:  1
chunck_size:  89
Backend ibm_basquecountry
Accumulated two-qubit error of 0 gates: 0.000
Accumulated one-qubit error of 4 gates: 0.001
Accumulated readout error: 1.619
Accumulated total error: 1.621

1 / 1
partial expectation:  -227.892438655451
metadata:  {'shots': 9024, 'target_precision': 0.010540925533894598, 'circuit_metadata': {}, 'resilience': {'zne': {'extrapolator': 'multiple'}}, 'num_randomizations': 32}
Final Estimator value:  -227.892438655451
Expectation value:  -227.892438655451
std_error: 0.004730526363232381
energy final:  -227.892438655451
layout:  [9, 10, 11, 12, 13, 14, 15, 19]
depth:  1
isa_depth:  1
circuit gate count:  {'x': 4}
isa_circuit gate count:  {'x': 4}
n_observable:  89
n_chunks:  1
chunck_size:  89
Backend ibm_basquecountry
Accumulated two-qubit error of 0 gates: 0.000
Accumulated one-qubit error of 4 gates: 0.001
Accumulated readout error: 1.619
Accumulated total error: 1.621

1 / 1
partial expectation:  -227.88728589891858
metadata:  {'shots': 9024, 'target_precision': 0.010540925533894598, 'circuit_metadata': {}, 'resilience': {'zne': {'extrapolator': 'multiple'}}, 'num_randomizations': 32}
Final Estimator value:  -227.88728589891858
Expectation value:  -227.88728589891858
std_error: 0.013652291798781878
energy final:  -227.88728589891858
layout:  [9, 10, 11, 12, 13, 14, 15, 19]
depth:  1
isa_depth:  1
circuit gate count:  {'x': 4}
isa_circuit gate count:  {'x': 4}
n_observable:  89
n_chunks:  1
chunck_size:  89
Backend ibm_basquecountry
Accumulated two-qubit error of 0 gates: 0.000
Accumulated one-qubit error of 4 gates: 0.001
Accumulated readout error: 1.619
Accumulated total error: 1.621

1 / 1
partial expectation:  -227.88797927019098
metadata:  {'shots': 9024, 'target_precision': 0.010540925533894598, 'circuit_metadata': {}, 'resilience': {'zne': {'extrapolator': 'multiple'}}, 'num_randomizations': 32}
Final Estimator value:  -227.88797927019098
Expectation value:  -227.88797927019098
std_error: 0.004234855973425065
energy final:  -227.88797927019098
layout:  [9, 10, 11, 12, 13, 14, 15, 19]
depth:  1
isa_depth:  1
circuit gate count:  {'x': 4}
isa_circuit gate count:  {'x': 4}
n_observable:  89
n_chunks:  1
chunck_size:  89
Backend ibm_basquecountry
Accumulated two-qubit error of 0 gates: 0.000
Accumulated one-qubit error of 4 gates: 0.001
Accumulated readout error: 1.619
Accumulated total error: 1.621

1 / 1
partial expectation:  -227.88689766774962
metadata:  {'shots': 9024, 'target_precision': 0.010540925533894598, 'circuit_metadata': {}, 'resilience': {'zne': {'extrapolator': 'multiple'}}, 'num_randomizations': 32}
Final Estimator value:  -227.88689766774962
Expectation value:  -227.88689766774962
std_error: 0.009707818961564092
energy final:  -227.88689766774962
layout:  [9, 10, 11, 12, 13, 14, 15, 19]
depth:  1
isa_depth:  1
circuit gate count:  {'x': 4}
isa_circuit gate count:  {'x': 4}
n_observable:  89
n_chunks:  1
chunck_size:  89
Backend ibm_basquecountry
Accumulated two-qubit error of 0 gates: 0.000
Accumulated one-qubit error of 4 gates: 0.001
Accumulated readout error: 1.619
Accumulated total error: 1.621
